[2024-04-01 21:07:30] info: connected rsmq
[2024-04-01 21:07:30] info: you are listened localhost:3001
[2024-04-01 21:07:30] info: Connection has been established successfully.
[2024-04-01 21:07:30] info: Models synchronized with database.
[2024-04-01 21:07:45] info: connected rsmq
[2024-04-01 21:07:45] info: you are listened localhost:3001
[2024-04-01 21:07:45] info: Connection has been established successfully.
[2024-04-01 21:07:45] info: Models synchronized with database.
[2024-04-01 21:08:33] info: connected rsmq
[2024-04-01 21:08:33] info: you are listened localhost:3001
[2024-04-01 21:08:33] info: Connection has been established successfully.
[2024-04-01 21:08:33] info: Models synchronized with database.
[2024-04-01 21:09:21] info: connected rsmq
[2024-04-01 21:09:22] info: you are listened localhost:3001
[2024-04-01 21:09:22] info: Connection has been established successfully.
[2024-04-01 21:09:22] info: Models synchronized with database.
[2024-04-01 21:09:25] info: {"requestDate":1711980565386,"host":"localhost:3001","authorization":"Bearer eyJhbGciOiJIUzI1NiIsInR5cCI6IkpXVCJ9.eyJkYXRhIjp7InVzZXJuYW1lIjoidXNlcm5hbWUxZDIiLCJuYW1lIjoidGVzdCJ9LCJpYXQiOjE3MTE5Njc0NjQsImV4cCI6MTcxMTk2NzUyNH0.qaFu6vQT5BADjuoFOkqcMbvDJIeoGLXvUiiqgiYnSt4","method":"GET","body":{}}
[2024-04-01 21:10:56] info: connected rsmq
[2024-04-01 21:10:57] info: you are listened localhost:3001
[2024-04-01 21:10:58] info: connected rsmq
[2024-04-01 21:10:58] info: you are listened localhost:3001
[2024-04-01 21:10:59] info: Connection has been established successfully.
[2024-04-01 21:10:59] info: Models synchronized with database.
[2024-04-01 21:11:00] info: {"requestDate":1711980660993,"host":"localhost:3001","authorization":"Bearer eyJhbGciOiJIUzI1NiIsInR5cCI6IkpXVCJ9.eyJkYXRhIjp7InVzZXJuYW1lIjoidXNlcm5hbWUxZDIiLCJuYW1lIjoidGVzdCJ9LCJpYXQiOjE3MTE5Njc0NjQsImV4cCI6MTcxMTk2NzUyNH0.qaFu6vQT5BADjuoFOkqcMbvDJIeoGLXvUiiqgiYnSt4","method":"GET","body":{}}
[2024-04-01 21:11:28] info: connected rsmq
[2024-04-01 21:11:28] info: you are listened localhost:3001
[2024-04-01 21:11:28] info: Connection has been established successfully.
[2024-04-01 21:11:28] info: Models synchronized with database.
[2024-04-01 21:11:31] info: {"requestDate":1711980691071,"host":"localhost:3001","authorization":"Bearer eyJhbGciOiJIUzI1NiIsInR5cCI6IkpXVCJ9.eyJkYXRhIjp7InVzZXJuYW1lIjoidXNlcm5hbWUxZDIiLCJuYW1lIjoidGVzdCJ9LCJpYXQiOjE3MTE5Njc0NjQsImV4cCI6MTcxMTk2NzUyNH0.qaFu6vQT5BADjuoFOkqcMbvDJIeoGLXvUiiqgiYnSt4","method":"GET","body":{}}
[2024-04-01 21:11:37] info: {"requestDate":1711980697863,"host":"localhost:3001","method":"POST","body":{"username":"username1d2","password":"x x x x x","confirmPassword":"x x x x x"}}
[2024-04-01 21:11:40] info: {"requestDate":1711980700058,"host":"localhost:3001","authorization":"Bearer eyJhbGciOiJIUzI1NiIsInR5cCI6IkpXVCJ9.eyJkYXRhIjp7InVzZXJuYW1lIjoidXNlcm5hbWUxZDIiLCJuYW1lIjoidGVzdCJ9LCJpYXQiOjE3MTE5ODA2OTcsImV4cCI6MTcxMTk4NDI5N30.5Y3sE_FGBnyw1DJ1EPUldaf7ca3kDehrlN_3OKAgC_w","method":"GET","body":{}}
[2024-04-01 21:12:21] info: connected rsmq
[2024-04-01 21:12:21] info: you are listened localhost:3001
[2024-04-01 21:12:22] info: Connection has been established successfully.
[2024-04-01 21:12:22] info: Models synchronized with database.
[2024-04-01 21:12:25] info: {"requestDate":1711980745030,"host":"localhost:3001","authorization":"Bearer eyJhbGciOiJIUzI1NiIsInR5cCI6IkpXVCJ9.eyJkYXRhIjp7InVzZXJuYW1lIjoidXNlcm5hbWUxZDIiLCJuYW1lIjoidGVzdCJ9LCJpYXQiOjE3MTE5ODA2OTcsImV4cCI6MTcxMTk4NDI5N30.5Y3sE_FGBnyw1DJ1EPUldaf7ca3kDehrlN_3OKAgC_w","method":"GET","body":{}}
[2024-04-01 21:12:48] info: connected rsmq
[2024-04-01 21:12:48] info: you are listened localhost:3001
[2024-04-01 21:12:49] info: Connection has been established successfully.
[2024-04-01 21:12:49] info: Models synchronized with database.
[2024-04-01 21:12:51] info: {"requestDate":1711980771933,"host":"localhost:3001","authorization":"Bearer eyJhbGciOiJIUzI1NiIsInR5cCI6IkpXVCJ9.eyJkYXRhIjp7InVzZXJuYW1lIjoidXNlcm5hbWUxZDIiLCJuYW1lIjoidGVzdCJ9LCJpYXQiOjE3MTE5ODA2OTcsImV4cCI6MTcxMTk4NDI5N30.5Y3sE_FGBnyw1DJ1EPUldaf7ca3kDehrlN_3OKAgC_w","method":"GET","body":{}}
[2024-04-01 21:13:14] info: connected rsmq
[2024-04-01 21:13:14] info: you are listened localhost:3001
[2024-04-01 21:13:14] info: Connection has been established successfully.
[2024-04-01 21:13:14] info: Models synchronized with database.
[2024-04-01 21:13:17] info: {"requestDate":1711980797684,"host":"localhost:3001","authorization":"Bearer eyJhbGciOiJIUzI1NiIsInR5cCI6IkpXVCJ9.eyJkYXRhIjp7InVzZXJuYW1lIjoidXNlcm5hbWUxZDIiLCJuYW1lIjoidGVzdCJ9LCJpYXQiOjE3MTE5ODA2OTcsImV4cCI6MTcxMTk4NDI5N30.5Y3sE_FGBnyw1DJ1EPUldaf7ca3kDehrlN_3OKAgC_w","method":"GET","body":{}}
[2024-04-01 21:13:41] info: connected rsmq
[2024-04-01 21:13:41] info: you are listened localhost:3001
[2024-04-01 21:13:41] info: Connection has been established successfully.
[2024-04-01 21:13:41] info: Models synchronized with database.
[2024-04-01 21:13:45] info: {"requestDate":1711980825539,"host":"localhost:3001","authorization":"Bearer eyJhbGciOiJIUzI1NiIsInR5cCI6IkpXVCJ9.eyJkYXRhIjp7InVzZXJuYW1lIjoidXNlcm5hbWUxZDIiLCJuYW1lIjoidGVzdCJ9LCJpYXQiOjE3MTE5ODA2OTcsImV4cCI6MTcxMTk4NDI5N30.5Y3sE_FGBnyw1DJ1EPUldaf7ca3kDehrlN_3OKAgC_w","method":"GET","body":{}}
[2024-04-01 21:13:57] info: connected rsmq
[2024-04-01 21:13:58] info: you are listened localhost:3001
[2024-04-01 21:13:58] info: Connection has been established successfully.
[2024-04-01 21:13:58] info: Models synchronized with database.
[2024-04-01 21:14:00] info: {"requestDate":1711980840005,"host":"localhost:3001","authorization":"Bearer eyJhbGciOiJIUzI1NiIsInR5cCI6IkpXVCJ9.eyJkYXRhIjp7InVzZXJuYW1lIjoidXNlcm5hbWUxZDIiLCJuYW1lIjoidGVzdCJ9LCJpYXQiOjE3MTE5ODA2OTcsImV4cCI6MTcxMTk4NDI5N30.5Y3sE_FGBnyw1DJ1EPUldaf7ca3kDehrlN_3OKAgC_w","method":"GET","body":{}}
[2024-04-01 21:14:30] info: connected rsmq
[2024-04-01 21:14:31] info: you are listened localhost:3001
[2024-04-01 21:14:31] info: Connection has been established successfully.
[2024-04-01 21:14:31] info: Models synchronized with database.
[2024-04-01 21:14:36] info: {"requestDate":1711980876160,"host":"localhost:3001","authorization":"Bearer eyJhbGciOiJIUzI1NiIsInR5cCI6IkpXVCJ9.eyJkYXRhIjp7InVzZXJuYW1lIjoidXNlcm5hbWUxZDIiLCJuYW1lIjoidGVzdCJ9LCJpYXQiOjE3MTE5ODA2OTcsImV4cCI6MTcxMTk4NDI5N30.5Y3sE_FGBnyw1DJ1EPUldaf7ca3kDehrlN_3OKAgC_w","method":"GET","body":{}}
[2024-04-01 21:15:23] info: connected rsmq
[2024-04-01 21:15:23] info: you are listened localhost:3001
[2024-04-01 21:15:24] info: Connection has been established successfully.
[2024-04-01 21:15:24] info: Models synchronized with database.
[2024-04-01 21:15:27] info: {"requestDate":1711980927603,"host":"localhost:3001","authorization":"Bearer eyJhbGciOiJIUzI1NiIsInR5cCI6IkpXVCJ9.eyJkYXRhIjp7InVzZXJuYW1lIjoidXNlcm5hbWUxZDIiLCJuYW1lIjoidGVzdCJ9LCJpYXQiOjE3MTE5ODA2OTcsImV4cCI6MTcxMTk4NDI5N30.5Y3sE_FGBnyw1DJ1EPUldaf7ca3kDehrlN_3OKAgC_w","method":"GET","body":{}}
[2024-04-01 21:15:31] info: {"requestDate":1711980931282,"host":"localhost:3001","method":"POST","body":{"username":"username1d2","password":"x x x x x","confirmPassword":"x x x x x"}}
[2024-04-01 21:15:58] info: connected rsmq
[2024-04-01 21:15:59] info: you are listened localhost:3001
[2024-04-01 21:15:59] info: Connection has been established successfully.
[2024-04-01 21:15:59] info: Models synchronized with database.
[2024-04-01 21:16:01] info: {"requestDate":1711980961187,"host":"localhost:3001","method":"POST","body":{"username":"username1d2","password":"x x x x x","confirmPassword":"x x x x x"}}
[2024-04-01 21:16:11] info: {"requestDate":1711980971182,"host":"localhost:3001","authorization":"Bearer eyJhbGciOiJIUzI1NiIsInR5cCI6IkpXVCJ9.eyJkYXRhIjp7InVzZXJuYW1lIjoidXNlcm5hbWUxZDIiLCJuYW1lIjoidGVzdCJ9LCJpYXQiOjE3MTE5ODA5NjEsImV4cCI6MTcxMTk4NDU2MX0.z_hWNCifgu9S7M9lX9K6qswiC79Lo5HrC_aau5kSLkY","method":"GET","body":{}}
[2024-04-01 21:16:18] info: connected rsmq
[2024-04-01 21:16:18] info: you are listened localhost:3001
[2024-04-01 21:16:19] info: Connection has been established successfully.
[2024-04-01 21:16:19] info: Models synchronized with database.
[2024-04-01 21:16:20] info: {"requestDate":1711980980688,"host":"localhost:3001","authorization":"Bearer eyJhbGciOiJIUzI1NiIsInR5cCI6IkpXVCJ9.eyJkYXRhIjp7InVzZXJuYW1lIjoidXNlcm5hbWUxZDIiLCJuYW1lIjoidGVzdCJ9LCJpYXQiOjE3MTE5ODA5NjEsImV4cCI6MTcxMTk4NDU2MX0.z_hWNCifgu9S7M9lX9K6qswiC79Lo5HrC_aau5kSLkY","method":"GET","body":{}}
[2024-04-01 21:16:57] info: connected rsmq
[2024-04-01 21:16:57] info: you are listened localhost:3001
[2024-04-01 21:16:58] info: Connection has been established successfully.
[2024-04-01 21:16:58] info: Models synchronized with database.
[2024-04-01 21:17:01] info: {"requestDate":1711981021639,"host":"localhost:3001","authorization":"Bearer eyJhbGciOiJIUzI1NiIsInR5cCI6IkpXVCJ9.eyJkYXRhIjp7InVzZXJuYW1lIjoidXNlcm5hbWUxZDIiLCJuYW1lIjoidGVzdCJ9LCJpYXQiOjE3MTE5ODA5NjEsImV4cCI6MTcxMTk4NDU2MX0.z_hWNCifgu9S7M9lX9K6qswiC79Lo5HrC_aau5kSLkY","method":"GET","body":{}}
[2024-04-01 21:17:10] info: connected rsmq
[2024-04-01 21:17:10] info: you are listened localhost:3001
[2024-04-01 21:17:11] info: Connection has been established successfully.
[2024-04-01 21:17:11] info: Models synchronized with database.
[2024-04-01 21:17:14] info: {"requestDate":1711981034042,"host":"localhost:3001","authorization":"Bearer eyJhbGciOiJIUzI1NiIsInR5cCI6IkpXVCJ9.eyJkYXRhIjp7InVzZXJuYW1lIjoidXNlcm5hbWUxZDIiLCJuYW1lIjoidGVzdCJ9LCJpYXQiOjE3MTE5ODA5NjEsImV4cCI6MTcxMTk4NDU2MX0.z_hWNCifgu9S7M9lX9K6qswiC79Lo5HrC_aau5kSLkY","method":"GET","body":{}}
[2024-04-01 21:17:24] info: connected rsmq
[2024-04-01 21:17:24] info: you are listened localhost:3001
[2024-04-01 21:17:25] info: Connection has been established successfully.
[2024-04-01 21:17:25] info: Models synchronized with database.
[2024-04-01 21:17:27] info: {"requestDate":1711981047017,"host":"localhost:3001","authorization":"Bearer eyJhbGciOiJIUzI1NiIsInR5cCI6IkpXVCJ9.eyJkYXRhIjp7InVzZXJuYW1lIjoidXNlcm5hbWUxZDIiLCJuYW1lIjoidGVzdCJ9LCJpYXQiOjE3MTE5ODA5NjEsImV4cCI6MTcxMTk4NDU2MX0.z_hWNCifgu9S7M9lX9K6qswiC79Lo5HrC_aau5kSLkY","method":"GET","body":{}}
[2024-04-01 21:17:42] info: connected rsmq
[2024-04-01 21:17:42] info: you are listened localhost:3001
[2024-04-01 21:17:42] info: Connection has been established successfully.
[2024-04-01 21:17:42] info: Models synchronized with database.
[2024-04-01 21:17:45] info: {"requestDate":1711981065379,"host":"localhost:3001","authorization":"Bearer eyJhbGciOiJIUzI1NiIsInR5cCI6IkpXVCJ9.eyJkYXRhIjp7InVzZXJuYW1lIjoidXNlcm5hbWUxZDIiLCJuYW1lIjoidGVzdCJ9LCJpYXQiOjE3MTE5ODA5NjEsImV4cCI6MTcxMTk4NDU2MX0.z_hWNCifgu9S7M9lX9K6qswiC79Lo5HrC_aau5kSLkY","method":"GET","body":{}}
[2024-04-01 21:18:02] info: {"requestDate":1711981082074,"host":"localhost:3001","authorization":"Bearer eyJhbGciOiJIUzI1NiIsInR5cCI6IkpXVCJ9.eyJkYXRhIjp7InVzZXJuYW1lIjoidXNlcm5hbWUxZDIiLCJuYW1lIjoidGVzdCJ9LCJpYXQiOjE3MTE5ODA5NjEsImV4cCI6MTcxMTk4NDU2MX0.z_hWNCifgu9S7M9lX9K6qswiC79Lo5HrC_aau5kSLkY","method":"POST","body":{"title":"lorem ipsum ajshd jkashd","description":"lorem ipsum descriptionawe awlke hawe awkh akj h"}}
[2024-04-01 21:18:18] info: connected rsmq
[2024-04-01 21:18:19] info: you are listened localhost:3001
[2024-04-01 21:18:19] info: Connection has been established successfully.
[2024-04-01 21:18:19] info: Models synchronized with database.
[2024-04-01 21:18:51] info: connected rsmq
[2024-04-01 21:18:52] info: you are listened localhost:3001
[2024-04-01 21:18:52] info: Connection has been established successfully.
[2024-04-01 21:18:52] info: Models synchronized with database.
[2024-04-01 21:19:57] info: connected rsmq
[2024-04-01 21:19:57] info: you are listened localhost:3001
[2024-04-01 21:19:58] info: Connection has been established successfully.
[2024-04-01 21:19:58] info: Models synchronized with database.
[2024-04-01 21:19:59] info: {"requestDate":1711981199981,"host":"localhost:3001","authorization":"Bearer eyJhbGciOiJIUzI1NiIsInR5cCI6IkpXVCJ9.eyJkYXRhIjp7InVzZXJuYW1lIjoidXNlcm5hbWUxZDIiLCJuYW1lIjoidGVzdCJ9LCJpYXQiOjE3MTE5ODA5NjEsImV4cCI6MTcxMTk4NDU2MX0.z_hWNCifgu9S7M9lX9K6qswiC79Lo5HrC_aau5kSLkY","method":"POST","body":{"title":"lorem ipsum ajshd jkashd","description":"lorem ipsum descriptionawe awlke hawe awkh akj h"}}
[2024-04-01 21:20:10] info: {"requestDate":1711981210809,"host":"localhost:3001","authorization":"Bearer eyJhbGciOiJIUzI1NiIsInR5cCI6IkpXVCJ9.eyJkYXRhIjp7InVzZXJuYW1lIjoidXNlcm5hbWUxZDIiLCJuYW1lIjoidGVzdCJ9LCJpYXQiOjE3MTE5ODA5NjEsImV4cCI6MTcxMTk4NDU2MX0.z_hWNCifgu9S7M9lX9K6qswiC79Lo5HrC_aau5kSLkY","method":"GET","body":{}}
[2024-04-01 21:21:15] info: connected rsmq
[2024-04-01 21:21:16] info: you are listened localhost:3001
[2024-04-01 21:21:17] info: Connection has been established successfully.
[2024-04-01 21:21:17] info: Models synchronized with database.
[2024-04-01 21:21:19] info: {"requestDate":1711981279405,"host":"localhost:3001","authorization":"Bearer eyJhbGciOiJIUzI1NiIsInR5cCI6IkpXVCJ9.eyJkYXRhIjp7InVzZXJuYW1lIjoidXNlcm5hbWUxZDIiLCJuYW1lIjoidGVzdCJ9LCJpYXQiOjE3MTE5ODA5NjEsImV4cCI6MTcxMTk4NDU2MX0.z_hWNCifgu9S7M9lX9K6qswiC79Lo5HrC_aau5kSLkY","method":"GET","body":{}}
[2024-04-01 21:21:36] info: connected rsmq
[2024-04-01 21:21:36] info: you are listened localhost:3001
[2024-04-01 21:21:37] info: Connection has been established successfully.
[2024-04-01 21:21:37] info: Models synchronized with database.
[2024-04-01 21:21:40] info: connected rsmq
[2024-04-01 21:21:41] info: you are listened localhost:3001
[2024-04-01 21:21:41] info: Connection has been established successfully.
[2024-04-01 21:21:41] info: Models synchronized with database.
[2024-04-01 21:21:42] info: {"requestDate":1711981302694,"host":"localhost:3001","authorization":"Bearer eyJhbGciOiJIUzI1NiIsInR5cCI6IkpXVCJ9.eyJkYXRhIjp7InVzZXJuYW1lIjoidXNlcm5hbWUxZDIiLCJuYW1lIjoidGVzdCJ9LCJpYXQiOjE3MTE5ODA5NjEsImV4cCI6MTcxMTk4NDU2MX0.z_hWNCifgu9S7M9lX9K6qswiC79Lo5HrC_aau5kSLkY","method":"GET","body":{}}
[2024-04-01 21:22:30] info: connected rsmq
[2024-04-01 21:22:30] info: you are listened localhost:3001
[2024-04-01 21:22:30] info: Connection has been established successfully.
[2024-04-01 21:22:30] info: Models synchronized with database.
[2024-04-01 21:22:32] info: {"requestDate":1711981352692,"host":"localhost:3001","authorization":"Bearer eyJhbGciOiJIUzI1NiIsInR5cCI6IkpXVCJ9.eyJkYXRhIjp7InVzZXJuYW1lIjoidXNlcm5hbWUxZDIiLCJuYW1lIjoidGVzdCJ9LCJpYXQiOjE3MTE5ODA5NjEsImV4cCI6MTcxMTk4NDU2MX0.z_hWNCifgu9S7M9lX9K6qswiC79Lo5HrC_aau5kSLkY","method":"GET","body":{}}
[2024-04-01 21:23:11] info: connected rsmq
[2024-04-01 21:23:11] info: you are listened localhost:3001
[2024-04-01 21:23:11] info: Connection has been established successfully.
[2024-04-01 21:23:11] info: Models synchronized with database.
[2024-04-01 21:28:08] info: connected rsmq
[2024-04-01 21:28:08] info: you are listened localhost:3001
[2024-04-01 21:28:08] info: Connection has been established successfully.
[2024-04-01 21:28:08] info: Models synchronized with database.
[2024-04-01 21:28:11] info: {"requestDate":1711981691316,"host":"localhost:3001","authorization":"Bearer eyJhbGciOiJIUzI1NiIsInR5cCI6IkpXVCJ9.eyJkYXRhIjp7InVzZXJuYW1lIjoidXNlcm5hbWUxZDIiLCJuYW1lIjoidGVzdCJ9LCJpYXQiOjE3MTE5ODA5NjEsImV4cCI6MTcxMTk4NDU2MX0.z_hWNCifgu9S7M9lX9K6qswiC79Lo5HrC_aau5kSLkY","method":"GET","body":{}}
[2024-04-01 21:28:32] info: connected rsmq
[2024-04-01 21:28:32] info: you are listened localhost:3001
[2024-04-01 21:28:33] info: Connection has been established successfully.
[2024-04-01 21:28:33] info: Models synchronized with database.
[2024-04-01 21:28:34] info: {"requestDate":1711981714988,"host":"localhost:3001","authorization":"Bearer eyJhbGciOiJIUzI1NiIsInR5cCI6IkpXVCJ9.eyJkYXRhIjp7InVzZXJuYW1lIjoidXNlcm5hbWUxZDIiLCJuYW1lIjoidGVzdCJ9LCJpYXQiOjE3MTE5ODA5NjEsImV4cCI6MTcxMTk4NDU2MX0.z_hWNCifgu9S7M9lX9K6qswiC79Lo5HrC_aau5kSLkY","method":"GET","body":{}}
[2024-04-01 21:28:50] info: connected rsmq
[2024-04-01 21:28:50] info: you are listened localhost:3001
[2024-04-01 21:28:50] info: Connection has been established successfully.
[2024-04-01 21:28:50] info: Models synchronized with database.
[2024-04-01 21:28:52] info: {"requestDate":1711981732716,"host":"localhost:3001","authorization":"Bearer eyJhbGciOiJIUzI1NiIsInR5cCI6IkpXVCJ9.eyJkYXRhIjp7InVzZXJuYW1lIjoidXNlcm5hbWUxZDIiLCJuYW1lIjoidGVzdCJ9LCJpYXQiOjE3MTE5ODA5NjEsImV4cCI6MTcxMTk4NDU2MX0.z_hWNCifgu9S7M9lX9K6qswiC79Lo5HrC_aau5kSLkY","method":"GET","body":{}}
[2024-04-01 21:29:04] info: connected rsmq
[2024-04-01 21:29:04] info: you are listened localhost:3001
[2024-04-01 21:29:04] info: Connection has been established successfully.
[2024-04-01 21:29:04] info: Models synchronized with database.
[2024-04-01 21:29:05] info: {"requestDate":1711981745884,"host":"localhost:3001","authorization":"Bearer eyJhbGciOiJIUzI1NiIsInR5cCI6IkpXVCJ9.eyJkYXRhIjp7InVzZXJuYW1lIjoidXNlcm5hbWUxZDIiLCJuYW1lIjoidGVzdCJ9LCJpYXQiOjE3MTE5ODA5NjEsImV4cCI6MTcxMTk4NDU2MX0.z_hWNCifgu9S7M9lX9K6qswiC79Lo5HrC_aau5kSLkY","method":"GET","body":{}}
[2024-04-01 21:29:39] info: connected rsmq
[2024-04-01 21:29:39] info: you are listened localhost:3001
[2024-04-01 21:29:39] info: Connection has been established successfully.
[2024-04-01 21:29:39] info: Models synchronized with database.
[2024-04-01 21:34:01] info: connected rsmq
[2024-04-01 21:34:01] info: you are listened localhost:3001
[2024-04-01 21:34:01] info: Connection has been established successfully.
[2024-04-01 21:34:01] info: Models synchronized with database.
[2024-04-01 21:34:53] info: connected rsmq
[2024-04-01 21:34:53] info: you are listened localhost:3001
[2024-04-01 21:34:55] info: connected rsmq
[2024-04-01 21:34:55] info: you are listened localhost:3001
[2024-04-01 21:34:55] info: Connection has been established successfully.
[2024-04-01 21:34:55] info: Models synchronized with database.
[2024-04-01 21:36:04] info: connected rsmq
[2024-04-01 21:36:04] info: you are listened localhost:3001
[2024-04-01 21:36:04] info: Connection has been established successfully.
[2024-04-01 21:36:04] info: Models synchronized with database.
[2024-04-01 21:36:07] info: {"requestDate":1711982167233,"host":"localhost:3001","authorization":"Bearer eyJhbGciOiJIUzI1NiIsInR5cCI6IkpXVCJ9.eyJkYXRhIjp7InVzZXJuYW1lIjoidXNlcm5hbWUxZDIiLCJuYW1lIjoidGVzdCJ9LCJpYXQiOjE3MTE5ODA5NjEsImV4cCI6MTcxMTk4NDU2MX0.z_hWNCifgu9S7M9lX9K6qswiC79Lo5HrC_aau5kSLkY","method":"GET","body":{}}
[2024-04-01 21:36:33] info: connected rsmq
[2024-04-01 21:36:33] info: you are listened localhost:3001
[2024-04-01 21:36:34] info: Connection has been established successfully.
[2024-04-01 21:36:34] info: Models synchronized with database.
[2024-04-01 21:36:35] info: {"requestDate":1711982195617,"host":"localhost:3001","authorization":"Bearer eyJhbGciOiJIUzI1NiIsInR5cCI6IkpXVCJ9.eyJkYXRhIjp7InVzZXJuYW1lIjoidXNlcm5hbWUxZDIiLCJuYW1lIjoidGVzdCJ9LCJpYXQiOjE3MTE5ODA5NjEsImV4cCI6MTcxMTk4NDU2MX0.z_hWNCifgu9S7M9lX9K6qswiC79Lo5HrC_aau5kSLkY","method":"GET","body":{}}
[2024-04-01 21:37:00] info: {"requestDate":1711982220446,"host":"localhost:3001","authorization":"Bearer eyJhbGciOiJIUzI1NiIsInR5cCI6IkpXVCJ9.eyJkYXRhIjp7InVzZXJuYW1lIjoidXNlcm5hbWUxZDIiLCJuYW1lIjoidGVzdCJ9LCJpYXQiOjE3MTE5ODA5NjEsImV4cCI6MTcxMTk4NDU2MX0.z_hWNCifgu9S7M9lX9K6qswiC79Lo5HrC_aau5kSLkY","method":"POST","body":{"title":"lorem ipsum ajshd jkash test testd","description":"lorem ipsum descriptionawe test awlke hawe awkh akj h"}}
[2024-04-01 21:37:04] info: {"requestDate":1711982224274,"host":"localhost:3001","authorization":"Bearer eyJhbGciOiJIUzI1NiIsInR5cCI6IkpXVCJ9.eyJkYXRhIjp7InVzZXJuYW1lIjoidXNlcm5hbWUxZDIiLCJuYW1lIjoidGVzdCJ9LCJpYXQiOjE3MTE5ODA5NjEsImV4cCI6MTcxMTk4NDU2MX0.z_hWNCifgu9S7M9lX9K6qswiC79Lo5HrC_aau5kSLkY","method":"GET","body":{}}
[2024-04-01 21:46:19] info: connected rsmq
[2024-04-01 21:46:19] info: you are listened localhost:3001
[2024-04-01 21:46:19] info: Connection has been established successfully.
[2024-04-01 21:46:19] info: Models synchronized with database.
[2024-04-01 21:46:29] info: {"requestDate":1711982789349,"host":"localhost:3001","authorization":"Bearer eyJhbGciOiJIUzI1NiIsInR5cCI6IkpXVCJ9.eyJkYXRhIjp7InVzZXJuYW1lIjoidXNlcm5hbWUxZDIiLCJuYW1lIjoidGVzdCJ9LCJpYXQiOjE3MTE5ODA5NjEsImV4cCI6MTcxMTk4NDU2MX0.z_hWNCifgu9S7M9lX9K6qswiC79Lo5HrC_aau5kSLkY","method":"GET","body":{}}
[2024-04-01 21:46:36] info: {"requestDate":1711982796829,"host":"localhost:3001","authorization":"Bearer eyJhbGciOiJIUzI1NiIsInR5cCI6IkpXVCJ9.eyJkYXRhIjp7InVzZXJuYW1lIjoidXNlcm5hbWUxZDIiLCJuYW1lIjoidGVzdCJ9LCJpYXQiOjE3MTE5ODA5NjEsImV4cCI6MTcxMTk4NDU2MX0.z_hWNCifgu9S7M9lX9K6qswiC79Lo5HrC_aau5kSLkY","method":"POST","body":{"title":"lorem ipsum ajshd jkash test xxtestd","description":"lorem ipsum descriptionawe test awlke hawe awkh akj h"}}
[2024-04-01 21:46:39] info: {"requestDate":1711982799307,"host":"localhost:3001","authorization":"Bearer eyJhbGciOiJIUzI1NiIsInR5cCI6IkpXVCJ9.eyJkYXRhIjp7InVzZXJuYW1lIjoidXNlcm5hbWUxZDIiLCJuYW1lIjoidGVzdCJ9LCJpYXQiOjE3MTE5ODA5NjEsImV4cCI6MTcxMTk4NDU2MX0.z_hWNCifgu9S7M9lX9K6qswiC79Lo5HrC_aau5kSLkY","method":"GET","body":{}}
[2024-04-01 21:48:19] info: connected rsmq
[2024-04-01 21:48:19] info: you are listened localhost:3001
[2024-04-01 21:48:20] info: Connection has been established successfully.
[2024-04-01 21:48:20] info: Models synchronized with database.
[2024-04-01 21:48:22] info: {"requestDate":1711982902082,"host":"localhost:3001","authorization":"Bearer eyJhbGciOiJIUzI1NiIsInR5cCI6IkpXVCJ9.eyJkYXRhIjp7InVzZXJuYW1lIjoidXNlcm5hbWUxZDIiLCJuYW1lIjoidGVzdCJ9LCJpYXQiOjE3MTE5ODA5NjEsImV4cCI6MTcxMTk4NDU2MX0.z_hWNCifgu9S7M9lX9K6qswiC79Lo5HrC_aau5kSLkY","method":"POST","body":{"title":"lorem ipsum ajshd jkash test xxtestd","description":"lorem ipsum descriptionawe test awlke hawe awkh akj h"}}
[2024-04-01 21:48:25] info: {"requestDate":1711982905701,"host":"localhost:3001","authorization":"Bearer eyJhbGciOiJIUzI1NiIsInR5cCI6IkpXVCJ9.eyJkYXRhIjp7InVzZXJuYW1lIjoidXNlcm5hbWUxZDIiLCJuYW1lIjoidGVzdCJ9LCJpYXQiOjE3MTE5ODA5NjEsImV4cCI6MTcxMTk4NDU2MX0.z_hWNCifgu9S7M9lX9K6qswiC79Lo5HrC_aau5kSLkY","method":"GET","body":{}}
[2024-04-01 21:50:04] info: connected rsmq
[2024-04-01 21:50:04] info: you are listened localhost:3001
[2024-04-01 21:50:05] info: Connection has been established successfully.
[2024-04-01 21:50:05] info: Models synchronized with database.
[2024-04-01 21:50:49] info: connected rsmq
[2024-04-01 21:50:49] error: uncaughtException: Invalid time zone specified: Indonesia/Jakarta
RangeError: Invalid time zone specified: Indonesia/Jakarta
    at Date.toLocaleString (<anonymous>)
    at Object.<anonymous> (E:\PROJECT_NODE\coding-interview\setup-requirement-arvis\src\modules\articles\models.js:26:26)
    at Module._compile (node:internal/modules/cjs/loader:1376:14)
    at Module._extensions..js (node:internal/modules/cjs/loader:1435:10)
    at Module.load (node:internal/modules/cjs/loader:1207:32)
    at Module._load (node:internal/modules/cjs/loader:1023:12)
    at Module.require (node:internal/modules/cjs/loader:1235:19)
    at require (node:internal/modules/helpers:176:18)
    at Object.<anonymous> (E:\PROJECT_NODE\coding-interview\setup-requirement-arvis\src\modules\articles\service.js:3:15)
    at Module._compile (node:internal/modules/cjs/loader:1376:14)
[2024-04-01 21:50:49] info: Connection has been established successfully.
[2024-04-01 21:50:49] info: Models synchronized with database.
[2024-04-01 21:51:14] info: connected rsmq
[2024-04-01 21:51:14] info: you are listened localhost:3001
[2024-04-01 21:51:15] info: Connection has been established successfully.
[2024-04-01 21:51:15] info: Models synchronized with database.
[2024-04-01 21:51:25] info: {"requestDate":1711983085998,"host":"localhost:3001","authorization":"Bearer eyJhbGciOiJIUzI1NiIsInR5cCI6IkpXVCJ9.eyJkYXRhIjp7InVzZXJuYW1lIjoidXNlcm5hbWUxZDIiLCJuYW1lIjoidGVzdCJ9LCJpYXQiOjE3MTE5ODA5NjEsImV4cCI6MTcxMTk4NDU2MX0.z_hWNCifgu9S7M9lX9K6qswiC79Lo5HrC_aau5kSLkY","method":"POST","body":{"title":"test","description":"lorem ipsum descriptionawe test awlke hawe awkh akj h"}}
[2024-04-01 21:51:31] info: {"requestDate":1711983091531,"host":"localhost:3001","authorization":"Bearer eyJhbGciOiJIUzI1NiIsInR5cCI6IkpXVCJ9.eyJkYXRhIjp7InVzZXJuYW1lIjoidXNlcm5hbWUxZDIiLCJuYW1lIjoidGVzdCJ9LCJpYXQiOjE3MTE5ODA5NjEsImV4cCI6MTcxMTk4NDU2MX0.z_hWNCifgu9S7M9lX9K6qswiC79Lo5HrC_aau5kSLkY","method":"POST","body":{"title":"test tesa a awe we w","description":"lorem ipsum descriptionawe test awlke hawe awkh akj h"}}
[2024-04-01 21:51:31] error: uncaughtException: Cannot read properties of undefined (reading 'msg')
TypeError: Cannot read properties of undefined (reading 'msg')
    at save (E:\PROJECT_NODE\coding-interview\setup-requirement-arvis\src\modules\articles\controller.js:16:38)
    at process.processTicksAndRejections (node:internal/process/task_queues:95:5)
[2024-04-01 21:53:32] info: connected rsmq
[2024-04-01 21:53:32] info: you are listened localhost:3001
[2024-04-01 21:53:32] info: Connection has been established successfully.
[2024-04-01 21:53:32] info: Models synchronized with database.
[2024-04-01 21:53:36] info: {"requestDate":1711983216256,"host":"localhost:3001","authorization":"Bearer eyJhbGciOiJIUzI1NiIsInR5cCI6IkpXVCJ9.eyJkYXRhIjp7InVzZXJuYW1lIjoidXNlcm5hbWUxZDIiLCJuYW1lIjoidGVzdCJ9LCJpYXQiOjE3MTE5ODA5NjEsImV4cCI6MTcxMTk4NDU2MX0.z_hWNCifgu9S7M9lX9K6qswiC79Lo5HrC_aau5kSLkY","method":"POST","body":{"title":"test tesa a awe we w","description":"lorem ipsum descriptionawe test awlke hawe awkh akj h"}}
[2024-04-01 21:53:36] error: uncaughtException: Cannot read properties of undefined (reading 'msg')
TypeError: Cannot read properties of undefined (reading 'msg')
    at save (E:\PROJECT_NODE\coding-interview\setup-requirement-arvis\src\modules\articles\controller.js:16:38)
    at process.processTicksAndRejections (node:internal/process/task_queues:95:5)
[2024-04-01 21:54:13] info: connected rsmq
[2024-04-01 21:54:13] info: you are listened localhost:3001
[2024-04-01 21:54:14] info: Connection has been established successfully.
[2024-04-01 21:54:14] info: Models synchronized with database.
[2024-04-01 21:54:49] info: connected rsmq
[2024-04-01 21:54:49] info: you are listened localhost:3001
[2024-04-01 21:54:50] info: Connection has been established successfully.
[2024-04-01 21:54:50] info: Models synchronized with database.
[2024-04-01 21:54:53] info: {"requestDate":1711983293147,"host":"localhost:3001","authorization":"Bearer eyJhbGciOiJIUzI1NiIsInR5cCI6IkpXVCJ9.eyJkYXRhIjp7InVzZXJuYW1lIjoidXNlcm5hbWUxZDIiLCJuYW1lIjoidGVzdCJ9LCJpYXQiOjE3MTE5ODA5NjEsImV4cCI6MTcxMTk4NDU2MX0.z_hWNCifgu9S7M9lX9K6qswiC79Lo5HrC_aau5kSLkY","method":"POST","body":{"title":"test tesa a awe we w","description":"lorem ipsum descriptionawe test awlke hawe awkh akj h"}}
[2024-04-01 21:55:22] info: connected rsmq
[2024-04-01 21:55:22] info: you are listened localhost:3001
[2024-04-01 21:55:22] info: Connection has been established successfully.
[2024-04-01 21:55:22] info: Models synchronized with database.
[2024-04-01 21:55:24] info: {"requestDate":1711983324881,"host":"localhost:3001","authorization":"Bearer eyJhbGciOiJIUzI1NiIsInR5cCI6IkpXVCJ9.eyJkYXRhIjp7InVzZXJuYW1lIjoidXNlcm5hbWUxZDIiLCJuYW1lIjoidGVzdCJ9LCJpYXQiOjE3MTE5ODA5NjEsImV4cCI6MTcxMTk4NDU2MX0.z_hWNCifgu9S7M9lX9K6qswiC79Lo5HrC_aau5kSLkY","method":"POST","body":{"title":"test tesa a awe we w","description":"lorem ipsum descriptionawe test awlke hawe awkh akj h"}}
[2024-04-01 21:55:26] info: {"requestDate":1711983326488,"host":"localhost:3001","authorization":"Bearer eyJhbGciOiJIUzI1NiIsInR5cCI6IkpXVCJ9.eyJkYXRhIjp7InVzZXJuYW1lIjoidXNlcm5hbWUxZDIiLCJuYW1lIjoidGVzdCJ9LCJpYXQiOjE3MTE5ODA5NjEsImV4cCI6MTcxMTk4NDU2MX0.z_hWNCifgu9S7M9lX9K6qswiC79Lo5HrC_aau5kSLkY","method":"POST","body":{"title":"test tesa a awe we w","description":"lorem ipsum descriptionawe test awlke hawe awkh akj h"}}
[2024-04-01 21:55:29] info: {"requestDate":1711983329563,"host":"localhost:3001","authorization":"Bearer eyJhbGciOiJIUzI1NiIsInR5cCI6IkpXVCJ9.eyJkYXRhIjp7InVzZXJuYW1lIjoidXNlcm5hbWUxZDIiLCJuYW1lIjoidGVzdCJ9LCJpYXQiOjE3MTE5ODA5NjEsImV4cCI6MTcxMTk4NDU2MX0.z_hWNCifgu9S7M9lX9K6qswiC79Lo5HrC_aau5kSLkY","method":"POST","body":{"title":"test tesa a awe we asdas dasd asd asd aw","description":"lorem ipsum descriptionawe test awlke hawe awkh akj h"}}
[2024-04-01 21:55:33] info: {"requestDate":1711983333992,"host":"localhost:3001","authorization":"Bearer eyJhbGciOiJIUzI1NiIsInR5cCI6IkpXVCJ9.eyJkYXRhIjp7InVzZXJuYW1lIjoidXNlcm5hbWUxZDIiLCJuYW1lIjoidGVzdCJ9LCJpYXQiOjE3MTE5ODA5NjEsImV4cCI6MTcxMTk4NDU2MX0.z_hWNCifgu9S7M9lX9K6qswiC79Lo5HrC_aau5kSLkY","method":"GET","body":{}}
[2024-04-01 21:56:03] info: {"requestDate":1711983363875,"host":"localhost:3001","authorization":"Bearer eyJhbGciOiJIUzI1NiIsInR5cCI6IkpXVCJ9.eyJkYXRhIjp7InVzZXJuYW1lIjoidXNlcm5hbWUxZDIiLCJuYW1lIjoidGVzdCJ9LCJpYXQiOjE3MTE5ODA5NjEsImV4cCI6MTcxMTk4NDU2MX0.z_hWNCifgu9S7M9lX9K6qswiC79Lo5HrC_aau5kSLkY","method":"POST","body":{"title":"test title tittle","description":"lorem ipsum descriptionawe test awlke hawe awkh akj h"}}
[2024-04-01 21:56:06] info: {"requestDate":1711983366851,"host":"localhost:3001","authorization":"Bearer eyJhbGciOiJIUzI1NiIsInR5cCI6IkpXVCJ9.eyJkYXRhIjp7InVzZXJuYW1lIjoidXNlcm5hbWUxZDIiLCJuYW1lIjoidGVzdCJ9LCJpYXQiOjE3MTE5ODA5NjEsImV4cCI6MTcxMTk4NDU2MX0.z_hWNCifgu9S7M9lX9K6qswiC79Lo5HrC_aau5kSLkY","method":"GET","body":{}}
[2024-04-01 21:56:27] info: connected rsmq
[2024-04-01 21:56:27] info: you are listened localhost:3001
[2024-04-01 21:56:27] info: Connection has been established successfully.
[2024-04-01 21:56:28] info: Models synchronized with database.
[2024-04-01 21:56:30] info: {"requestDate":1711983390519,"host":"localhost:3001","authorization":"Bearer eyJhbGciOiJIUzI1NiIsInR5cCI6IkpXVCJ9.eyJkYXRhIjp7InVzZXJuYW1lIjoidXNlcm5hbWUxZDIiLCJuYW1lIjoidGVzdCJ9LCJpYXQiOjE3MTE5ODA5NjEsImV4cCI6MTcxMTk4NDU2MX0.z_hWNCifgu9S7M9lX9K6qswiC79Lo5HrC_aau5kSLkY","method":"GET","body":{}}
[2024-04-01 21:56:33] info: {"requestDate":1711983393099,"host":"localhost:3001","authorization":"Bearer eyJhbGciOiJIUzI1NiIsInR5cCI6IkpXVCJ9.eyJkYXRhIjp7InVzZXJuYW1lIjoidXNlcm5hbWUxZDIiLCJuYW1lIjoidGVzdCJ9LCJpYXQiOjE3MTE5ODA5NjEsImV4cCI6MTcxMTk4NDU2MX0.z_hWNCifgu9S7M9lX9K6qswiC79Lo5HrC_aau5kSLkY","method":"POST","body":{"title":"test title tittle","description":"lorem ipsum descriptionawe test awlke hawe awkh akj h"}}
[2024-04-01 21:56:33] error: uncaughtException: Cannot read properties of undefined (reading 'msg')
TypeError: Cannot read properties of undefined (reading 'msg')
    at save (E:\PROJECT_NODE\coding-interview\setup-requirement-arvis\src\modules\articles\controller.js:16:38)
    at process.processTicksAndRejections (node:internal/process/task_queues:95:5)
[2024-04-01 21:56:43] info: connected rsmq
[2024-04-01 21:56:43] info: you are listened localhost:3001
[2024-04-01 21:56:43] info: Connection has been established successfully.
[2024-04-01 21:56:43] info: Models synchronized with database.
[2024-04-01 21:56:46] info: {"requestDate":1711983406218,"host":"localhost:3001","authorization":"Bearer eyJhbGciOiJIUzI1NiIsInR5cCI6IkpXVCJ9.eyJkYXRhIjp7InVzZXJuYW1lIjoidXNlcm5hbWUxZDIiLCJuYW1lIjoidGVzdCJ9LCJpYXQiOjE3MTE5ODA5NjEsImV4cCI6MTcxMTk4NDU2MX0.z_hWNCifgu9S7M9lX9K6qswiC79Lo5HrC_aau5kSLkY","method":"POST","body":{"title":"test title tittle","description":"lorem ipsum descriptionawe test awlke hawe awkh akj h"}}
[2024-04-01 21:56:46] error: uncaughtException: Cannot read properties of undefined (reading 'msg')
TypeError: Cannot read properties of undefined (reading 'msg')
    at save (E:\PROJECT_NODE\coding-interview\setup-requirement-arvis\src\modules\articles\controller.js:16:38)
    at process.processTicksAndRejections (node:internal/process/task_queues:95:5)
[2024-04-01 21:59:20] info: connected rsmq
[2024-04-01 21:59:20] info: you are listened localhost:3001
[2024-04-01 21:59:21] info: Connection has been established successfully.
[2024-04-01 21:59:21] info: Models synchronized with database.
[2024-04-01 21:59:25] info: {"requestDate":1711983565166,"host":"localhost:3001","authorization":"Bearer eyJhbGciOiJIUzI1NiIsInR5cCI6IkpXVCJ9.eyJkYXRhIjp7InVzZXJuYW1lIjoidXNlcm5hbWUxZDIiLCJuYW1lIjoidGVzdCJ9LCJpYXQiOjE3MTE5ODA5NjEsImV4cCI6MTcxMTk4NDU2MX0.z_hWNCifgu9S7M9lX9K6qswiC79Lo5HrC_aau5kSLkY","method":"POST","body":{"title":"test title tittle","description":"lorem ipsum descriptionawe test awlke hawe awkh akj h"}}
[2024-04-01 21:59:25] error: uncaughtException: Cannot read properties of undefined (reading 'msg')
TypeError: Cannot read properties of undefined (reading 'msg')
    at save (E:\PROJECT_NODE\coding-interview\setup-requirement-arvis\src\modules\articles\controller.js:16:38)
    at process.processTicksAndRejections (node:internal/process/task_queues:95:5)
