[2024-03-31 23:00:30] info: connected rsmq
[2024-03-31 23:00:31] info: you are listened localhost:3001
[2024-03-31 23:00:31] info: Connection has been established successfully.
[2024-03-31 23:00:44] info: connected rsmq
[2024-03-31 23:00:44] info: you are listened localhost:3001
[2024-03-31 23:00:44] info: Connection has been established successfully.
[2024-03-31 23:02:42] info: connected rsmq
[2024-03-31 23:02:43] info: you are listened localhost:3001
[2024-03-31 23:02:43] info: Connection has been established successfully.
[2024-03-31 23:03:59] info: connected rsmq
[2024-03-31 23:03:59] info: you are listened localhost:3001
[2024-03-31 23:03:59] info: Connection has been established successfully.
[2024-03-31 23:06:43] info: connected rsmq
[2024-03-31 23:06:43] info: you are listened localhost:3001
[2024-03-31 23:06:43] info: Connection has been established successfully.
[2024-03-31 23:06:43] error: Unable to connect to the database: DataTypes is not defined
[2024-03-31 23:06:53] info: connected rsmq
[2024-03-31 23:06:53] info: you are listened localhost:3001
[2024-03-31 23:06:53] info: Connection has been established successfully.
[2024-03-31 23:08:02] info: connected rsmq
[2024-03-31 23:08:02] info: you are listened localhost:3001
[2024-03-31 23:08:02] info: Connection has been established successfully.
[2024-03-31 23:08:30] info: connected rsmq
[2024-03-31 23:08:30] info: you are listened localhost:3001
[2024-03-31 23:08:31] info: Connection has been established successfully.
[2024-03-31 23:09:18] info: {"requestDate":1711901358079,"host":"localhost:3001","method":"POST","body":{"username":"username","password":"x x x x x","confirmPassword":"x x x x x","name":"test"}}
[2024-03-31 23:09:44] info: connected rsmq
[2024-03-31 23:09:44] info: you are listened localhost:3001
[2024-03-31 23:09:45] info: Connection has been established successfully.
[2024-03-31 23:09:48] info: {"requestDate":1711901388228,"host":"localhost:3001","method":"POST","body":{"username":"username","password":"x x x x x","confirmPassword":"x x x x x","name":"test"}}
[2024-03-31 23:10:13] info: connected rsmq
[2024-03-31 23:10:13] info: you are listened localhost:3001
[2024-03-31 23:10:13] info: Connection has been established successfully.
[2024-03-31 23:10:16] info: {"requestDate":1711901415995,"host":"localhost:3001","method":"POST","body":{"username":"username","password":"x x x x x","confirmPassword":"x x x x x","name":"test"}}
[2024-03-31 23:10:43] info: connected rsmq
[2024-03-31 23:10:44] info: you are listened localhost:3001
[2024-03-31 23:10:46] info: Connection has been established successfully.
[2024-03-31 23:10:49] info: {"requestDate":1711901449047,"host":"localhost:3001","method":"POST","body":{"username":"username","password":"x x x x x","confirmPassword":"x x x x x","name":"test"}}
[2024-03-31 23:11:09] info: connected rsmq
[2024-03-31 23:11:10] info: you are listened localhost:3001
[2024-03-31 23:11:10] info: Connection has been established successfully.
[2024-03-31 23:11:11] info: {"requestDate":1711901471378,"host":"localhost:3001","method":"POST","body":{"username":"username","password":"x x x x x","confirmPassword":"x x x x x","name":"test"}}
[2024-03-31 23:11:17] info: connected rsmq
[2024-03-31 23:11:18] info: you are listened localhost:3001
[2024-03-31 23:11:18] info: Connection has been established successfully.
[2024-03-31 23:11:20] info: {"requestDate":1711901480886,"host":"localhost:3001","method":"POST","body":{"username":"username","password":"x x x x x","confirmPassword":"x x x x x","name":"test"}}
[2024-03-31 23:11:32] info: connected rsmq
[2024-03-31 23:11:32] info: you are listened localhost:3001
[2024-03-31 23:11:32] info: Connection has been established successfully.
[2024-03-31 23:11:35] info: connected rsmq
[2024-03-31 23:11:35] info: you are listened localhost:3001
[2024-03-31 23:11:35] info: Connection has been established successfully.
[2024-03-31 23:11:37] info: {"requestDate":1711901497708,"host":"localhost:3001","method":"POST","body":{"username":"username","password":"x x x x x","confirmPassword":"x x x x x","name":"test"}}
[2024-03-31 23:11:47] info: connected rsmq
[2024-03-31 23:11:47] info: you are listened localhost:3001
[2024-03-31 23:11:48] info: Connection has been established successfully.
[2024-03-31 23:11:50] info: {"requestDate":1711901510136,"host":"localhost:3001","method":"POST","body":{"username":"username","password":"x x x x x","confirmPassword":"x x x x x","name":"test"}}
[2024-03-31 23:12:18] info: connected rsmq
[2024-03-31 23:12:18] info: you are listened localhost:3001
[2024-03-31 23:12:18] info: Connection has been established successfully.
[2024-03-31 23:12:20] info: {"requestDate":1711901540477,"host":"localhost:3001","method":"POST","body":{"username":"username","password":"x x x x x","confirmPassword":"x x x x x","name":"test"}}
[2024-03-31 23:12:30] info: connected rsmq
[2024-03-31 23:12:31] info: you are listened localhost:3001
[2024-03-31 23:12:31] info: Connection has been established successfully.
[2024-03-31 23:12:44] info: connected rsmq
[2024-03-31 23:12:44] info: you are listened localhost:3001
[2024-03-31 23:12:44] info: Connection has been established successfully.
[2024-03-31 23:12:47] info: {"requestDate":1711901567132,"host":"localhost:3001","method":"POST","body":{"username":"username","password":"x x x x x","confirmPassword":"x x x x x","name":"test"}}
[2024-03-31 23:13:06] info: connected rsmq
[2024-03-31 23:13:06] info: you are listened localhost:3001
[2024-03-31 23:13:06] info: Connection has been established successfully.
[2024-03-31 23:13:08] info: {"requestDate":1711901588626,"host":"localhost:3001","method":"POST","body":{"username":"username","password":"x x x x x","confirmPassword":"x x x x x","name":"test"}}
[2024-03-31 23:13:27] info: connected rsmq
[2024-03-31 23:13:27] info: you are listened localhost:3001
[2024-03-31 23:13:27] info: Connection has been established successfully.
[2024-03-31 23:13:30] info: {"requestDate":1711901610398,"host":"localhost:3001","method":"POST","body":{"username":"username","password":"x x x x x","confirmPassword":"x x x x x","name":"test"}}
[2024-03-31 23:14:31] info: connected rsmq
[2024-03-31 23:14:31] info: you are listened localhost:3001
[2024-03-31 23:14:31] info: Connection has been established successfully.
[2024-03-31 23:15:07] info: connected rsmq
[2024-03-31 23:15:07] info: you are listened localhost:3001
[2024-03-31 23:15:08] info: Connection has been established successfully.
[2024-03-31 23:15:10] info: {"requestDate":1711901710962,"host":"localhost:3001","method":"POST","body":{"username":"username","password":"x x x x x","confirmPassword":"x x x x x","name":"test"}}
[2024-03-31 23:15:38] info: connected rsmq
[2024-03-31 23:15:38] info: you are listened localhost:3001
[2024-03-31 23:15:38] info: Connection has been established successfully.
[2024-03-31 23:16:14] info: connected rsmq
[2024-03-31 23:16:14] info: you are listened localhost:3001
[2024-03-31 23:16:15] info: Connection has been established successfully.
[2024-03-31 23:16:26] info: connected rsmq
[2024-03-31 23:16:26] info: you are listened localhost:3001
[2024-03-31 23:16:26] info: Connection has been established successfully.
[2024-03-31 23:16:47] info: connected rsmq
[2024-03-31 23:16:47] info: you are listened localhost:3001
[2024-03-31 23:16:47] info: Connection has been established successfully.
[2024-03-31 23:16:49] info: {"requestDate":1711901809985,"host":"localhost:3001","method":"POST","body":{"username":"username","password":"x x x x x","confirmPassword":"x x x x x","name":"test"}}
[2024-03-31 23:20:11] info: connected rsmq
[2024-03-31 23:20:11] info: you are listened localhost:3001
[2024-03-31 23:20:53] info: connected rsmq
[2024-03-31 23:20:53] info: you are listened localhost:3001
[2024-03-31 23:20:53] info: Connection has been established successfully.
[2024-03-31 23:21:02] info: {"requestDate":1711902062040,"host":"localhost:3001","method":"POST","body":{"username":"username","password":"x x x x x","confirmPassword":"x x x x x","name":"test"}}
[2024-03-31 23:21:22] info: connected rsmq
[2024-03-31 23:21:22] info: you are listened localhost:3001
[2024-03-31 23:21:22] info: Connection has been established successfully.
[2024-03-31 23:21:27] info: {"requestDate":1711902087705,"host":"localhost:3001","method":"POST","body":{"username":"username","password":"x x x x x","confirmPassword":"x x x x x","name":"test"}}
[2024-03-31 23:21:46] info: connected rsmq
[2024-03-31 23:21:46] info: you are listened localhost:3001
[2024-03-31 23:21:47] info: Connection has been established successfully.
[2024-03-31 23:21:49] info: {"requestDate":1711902109672,"host":"localhost:3001","method":"POST","body":{"username":"username","password":"x x x x x","confirmPassword":"x x x x x","name":"test"}}
[2024-03-31 23:22:32] info: connected rsmq
[2024-03-31 23:22:32] info: you are listened localhost:3001
[2024-03-31 23:22:33] info: Connection has been established successfully.
[2024-03-31 23:22:43] info: connected rsmq
[2024-03-31 23:22:43] info: you are listened localhost:3001
[2024-03-31 23:22:43] info: Connection has been established successfully.
[2024-03-31 23:23:10] info: connected rsmq
[2024-03-31 23:23:10] info: you are listened localhost:3001
[2024-03-31 23:23:11] info: Connection has been established successfully.
[2024-03-31 23:23:29] error: uncaughtException: Unexpected token ','
E:\PROJECT_NODE\coding-interview\setup-requirement-arvis\src\modules\auths\models.js:11
     ,
     ^

SyntaxError: Unexpected token ','
    at internalCompileFunction (node:internal/vm:77:18)
    at wrapSafe (node:internal/modules/cjs/loader:1288:20)
    at Module._compile (node:internal/modules/cjs/loader:1340:27)
    at Module._extensions..js (node:internal/modules/cjs/loader:1435:10)
    at Module.load (node:internal/modules/cjs/loader:1207:32)
    at Module._load (node:internal/modules/cjs/loader:1023:12)
    at Module.require (node:internal/modules/cjs/loader:1235:19)
    at require (node:internal/modules/helpers:176:18)
    at Object.<anonymous> (E:\PROJECT_NODE\coding-interview\setup-requirement-arvis\src\config\sequelize.js:51:12)
    at Module._compile (node:internal/modules/cjs/loader:1376:14)
[2024-03-31 23:23:29] info: Connection has been established successfully.
[2024-03-31 23:23:31] error: uncaughtException: Unexpected token '{'
E:\PROJECT_NODE\coding-interview\setup-requirement-arvis\src\modules\auths\models.js:12
    {
    ^

SyntaxError: Unexpected token '{'
    at internalCompileFunction (node:internal/vm:77:18)
    at wrapSafe (node:internal/modules/cjs/loader:1288:20)
    at Module._compile (node:internal/modules/cjs/loader:1340:27)
    at Module._extensions..js (node:internal/modules/cjs/loader:1435:10)
    at Module.load (node:internal/modules/cjs/loader:1207:32)
    at Module._load (node:internal/modules/cjs/loader:1023:12)
    at Module.require (node:internal/modules/cjs/loader:1235:19)
    at require (node:internal/modules/helpers:176:18)
    at Object.<anonymous> (E:\PROJECT_NODE\coding-interview\setup-requirement-arvis\src\config\sequelize.js:51:12)
    at Module._compile (node:internal/modules/cjs/loader:1376:14)
[2024-03-31 23:23:31] info: Connection has been established successfully.
[2024-03-31 23:23:39] info: connected rsmq
[2024-03-31 23:23:39] info: you are listened localhost:3001
[2024-03-31 23:23:39] info: Connection has been established successfully.
[2024-03-31 23:23:55] info: {"requestDate":1711902235792,"host":"localhost:3001","method":"POST","body":{"username":"username","password":"x x x x x","confirmPassword":"x x x x x","name":"test"}}
[2024-03-31 23:24:30] info: connected rsmq
[2024-03-31 23:24:30] info: you are listened localhost:3001
[2024-03-31 23:24:31] info: Connection has been established successfully.
[2024-03-31 23:24:36] info: {"requestDate":1711902276544,"host":"localhost:3001","method":"POST","body":{"username":"username","password":"x x x x x","confirmPassword":"x x x x x","name":"test"}}
[2024-03-31 23:25:33] info: connected rsmq
[2024-03-31 23:25:33] info: you are listened localhost:3001
[2024-03-31 23:25:33] info: Connection has been established successfully.
[2024-03-31 23:25:37] info: {"requestDate":1711902337424,"host":"localhost:3001","method":"POST","body":{"username":"username","password":"x x x x x","confirmPassword":"x x x x x","name":"test"}}
[2024-03-31 23:26:23] info: {"requestDate":1711902383906,"host":"localhost:3001","method":"POST","body":{"username":"username","password":"x x x x x","confirmPassword":"x x x x x","name":"test"}}
[2024-03-31 23:26:40] info: connected rsmq
[2024-03-31 23:26:40] info: you are listened localhost:3001
[2024-03-31 23:26:41] info: Connection has been established successfully.
[2024-03-31 23:26:45] info: {"requestDate":1711902405006,"host":"localhost:3001","method":"POST","body":{"username":"username","password":"x x x x x","confirmPassword":"x x x x x","name":"test"}}
[2024-03-31 23:26:57] info: connected rsmq
[2024-03-31 23:26:57] info: you are listened localhost:3001
[2024-03-31 23:26:57] info: Connection has been established successfully.
[2024-03-31 23:27:00] info: {"requestDate":1711902420619,"host":"localhost:3001","method":"POST","body":{"username":"username","password":"x x x x x","confirmPassword":"x x x x x","name":"test"}}
[2024-03-31 23:27:17] info: connected rsmq
[2024-03-31 23:27:17] info: you are listened localhost:3001
[2024-03-31 23:27:17] info: Connection has been established successfully.
[2024-03-31 23:27:17] info: Models synchronized with database.
[2024-03-31 23:27:42] info: connected rsmq
[2024-03-31 23:27:42] info: you are listened localhost:3001
[2024-03-31 23:27:42] info: Connection has been established successfully.
[2024-03-31 23:27:42] info: Models synchronized with database.
[2024-03-31 23:27:45] info: {"requestDate":1711902465398,"host":"localhost:3001","method":"POST","body":{"username":"username","password":"x x x x x","confirmPassword":"x x x x x","name":"test"}}
[2024-03-31 23:28:06] info: connected rsmq
[2024-03-31 23:28:07] info: you are listened localhost:3001
[2024-03-31 23:28:07] info: Connection has been established successfully.
[2024-03-31 23:28:07] info: Models synchronized with database.
[2024-03-31 23:28:09] info: {"requestDate":1711902489615,"host":"localhost:3001","method":"POST","body":{"username":"username","password":"x x x x x","confirmPassword":"x x x x x","name":"test"}}
[2024-03-31 23:28:24] info: connected rsmq
[2024-03-31 23:28:24] info: you are listened localhost:3001
[2024-03-31 23:28:24] info: Connection has been established successfully.
[2024-03-31 23:28:24] info: Models synchronized with database.
[2024-03-31 23:28:27] info: {"requestDate":1711902507785,"host":"localhost:3001","method":"POST","body":{"username":"username","password":"x x x x x","confirmPassword":"x x x x x","name":"test"}}
[2024-03-31 23:28:38] info: connected rsmq
[2024-03-31 23:28:38] info: you are listened localhost:3001
[2024-03-31 23:28:38] info: Connection has been established successfully.
[2024-03-31 23:28:38] info: Models synchronized with database.
[2024-03-31 23:28:40] info: {"requestDate":1711902520444,"host":"localhost:3001","method":"POST","body":{"username":"username","password":"x x x x x","confirmPassword":"x x x x x","name":"test"}}
[2024-03-31 23:28:49] info: connected rsmq
[2024-03-31 23:28:49] info: you are listened localhost:3001
[2024-03-31 23:28:50] info: Connection has been established successfully.
[2024-03-31 23:28:50] info: Models synchronized with database.
[2024-03-31 23:28:52] info: {"requestDate":1711902532764,"host":"localhost:3001","method":"POST","body":{"username":"username","password":"x x x x x","confirmPassword":"x x x x x","name":"test"}}
[2024-03-31 23:29:01] info: connected rsmq
[2024-03-31 23:29:01] info: you are listened localhost:3001
[2024-03-31 23:29:01] info: Connection has been established successfully.
[2024-03-31 23:29:01] info: Models synchronized with database.
[2024-03-31 23:29:03] info: {"requestDate":1711902543932,"host":"localhost:3001","method":"POST","body":{"username":"username","password":"x x x x x","confirmPassword":"x x x x x","name":"test"}}
[2024-03-31 23:29:18] info: connected rsmq
[2024-03-31 23:29:18] info: you are listened localhost:3001
[2024-03-31 23:29:18] info: Connection has been established successfully.
[2024-03-31 23:29:18] info: Models synchronized with database.
[2024-03-31 23:29:21] info: {"requestDate":1711902561733,"host":"localhost:3001","method":"POST","body":{"username":"username","password":"x x x x x","confirmPassword":"x x x x x","name":"test"}}
[2024-03-31 23:29:27] info: connected rsmq
[2024-03-31 23:29:27] info: you are listened localhost:3001
[2024-03-31 23:29:27] info: Connection has been established successfully.
[2024-03-31 23:29:27] info: Models synchronized with database.
[2024-03-31 23:29:30] info: {"requestDate":1711902570286,"host":"localhost:3001","method":"POST","body":{"username":"username","password":"x x x x x","confirmPassword":"x x x x x","name":"test"}}
[2024-03-31 23:31:49] info: connected rsmq
[2024-03-31 23:31:50] info: you are listened localhost:3001
[2024-03-31 23:31:51] info: Connection has been established successfully.
[2024-03-31 23:31:51] info: Models synchronized with database.
[2024-03-31 23:31:53] info: {"requestDate":1711902713598,"host":"localhost:3001","method":"POST","body":{"username":"username","password":"x x x x x","confirmPassword":"x x x x x","name":"test"}}
[2024-03-31 23:32:03] info: connected rsmq
[2024-03-31 23:32:03] info: you are listened localhost:3001
[2024-03-31 23:32:03] info: Connection has been established successfully.
[2024-03-31 23:32:03] info: Models synchronized with database.
[2024-03-31 23:32:05] info: {"requestDate":1711902725401,"host":"localhost:3001","method":"POST","body":{"username":"username","password":"x x x x x","confirmPassword":"x x x x x","name":"test"}}
[2024-03-31 23:32:12] info: connected rsmq
[2024-03-31 23:32:13] info: you are listened localhost:3001
[2024-03-31 23:32:13] info: Connection has been established successfully.
[2024-03-31 23:32:13] info: Models synchronized with database.
[2024-03-31 23:32:29] info: {"requestDate":1711902749414,"host":"localhost:3001","method":"POST","body":{"username":"username","password":"x x x x x","confirmPassword":"x x x x x","name":"test"}}
[2024-03-31 23:33:03] info: connected rsmq
[2024-03-31 23:33:04] info: you are listened localhost:3001
[2024-03-31 23:33:04] info: Connection has been established successfully.
[2024-03-31 23:33:04] info: Models synchronized with database.
[2024-03-31 23:33:07] info: {"requestDate":1711902787074,"host":"localhost:3001","method":"POST","body":{"username":"username","password":"x x x x x","confirmPassword":"x x x x x","name":"test"}}
[2024-03-31 23:33:38] info: connected rsmq
[2024-03-31 23:33:38] info: you are listened localhost:3001
[2024-03-31 23:33:38] info: Connection has been established successfully.
[2024-03-31 23:33:38] info: Models synchronized with database.
[2024-03-31 23:33:39] info: {"requestDate":1711902819742,"host":"localhost:3001","method":"POST","body":{"username":"username","password":"x x x x x","confirmPassword":"x x x x x","name":"test"}}
[2024-03-31 23:33:51] info: connected rsmq
[2024-03-31 23:33:51] info: you are listened localhost:3001
[2024-03-31 23:33:52] info: Connection has been established successfully.
[2024-03-31 23:33:52] info: Models synchronized with database.
[2024-03-31 23:33:59] info: {"requestDate":1711902839575,"host":"localhost:3001","method":"POST","body":{"username":"username","password":"x x x x x","confirmPassword":"x x x x x","name":"test"}}
[2024-03-31 23:34:05] info: connected rsmq
[2024-03-31 23:34:05] info: you are listened localhost:3001
[2024-03-31 23:34:06] info: Connection has been established successfully.
[2024-03-31 23:34:06] info: Models synchronized with database.
[2024-03-31 23:34:12] info: connected rsmq
[2024-03-31 23:34:12] info: you are listened localhost:3001
[2024-03-31 23:34:12] info: Connection has been established successfully.
[2024-03-31 23:34:12] info: Models synchronized with database.
[2024-03-31 23:34:15] info: {"requestDate":1711902855723,"host":"localhost:3001","method":"POST","body":{"username":"username","password":"x x x x x","confirmPassword":"x x x x x","name":"test"}}
[2024-03-31 23:34:18] info: {"requestDate":1711902858994,"host":"localhost:3001","method":"POST","body":{"username":"username1","password":"x x x x x","confirmPassword":"x x x x x","name":"test"}}
[2024-03-31 23:34:41] info: connected rsmq
[2024-03-31 23:34:41] info: you are listened localhost:3001
[2024-03-31 23:34:41] info: Connection has been established successfully.
[2024-03-31 23:34:42] info: Models synchronized with database.
[2024-03-31 23:34:52] info: connected rsmq
[2024-03-31 23:34:52] info: you are listened localhost:3001
[2024-03-31 23:34:52] info: Connection has been established successfully.
[2024-03-31 23:34:52] info: Models synchronized with database.
[2024-03-31 23:34:56] info: connected rsmq
[2024-03-31 23:34:57] info: you are listened localhost:3001
[2024-03-31 23:34:57] info: Connection has been established successfully.
[2024-03-31 23:34:57] info: Models synchronized with database.
[2024-03-31 23:35:26] info: connected rsmq
[2024-03-31 23:35:26] info: you are listened localhost:3001
[2024-03-31 23:35:26] info: Connection has been established successfully.
[2024-03-31 23:35:26] info: Models synchronized with database.
[2024-03-31 23:35:28] info: {"requestDate":1711902928168,"host":"localhost:3001","method":"POST","body":{"username":"username1","password":"x x x x x","confirmPassword":"x x x x x","name":"test"}}
[2024-03-31 23:35:45] info: {"requestDate":1711902945346,"host":"localhost:3001","method":"POST","body":{"username":"username1","password":"x x x x x","confirmPassword":"x x x x x","name":"test"}}
[2024-03-31 23:36:04] info: connected rsmq
[2024-03-31 23:36:05] info: you are listened localhost:3001
[2024-03-31 23:36:05] info: Connection has been established successfully.
[2024-03-31 23:36:05] info: Models synchronized with database.
[2024-03-31 23:36:06] info: {"requestDate":1711902966695,"host":"localhost:3001","method":"POST","body":{"username":"username1","password":"x x x x x","confirmPassword":"x x x x x","name":"test"}}
[2024-03-31 23:36:30] info: {"requestDate":1711902990009,"host":"localhost:3001","method":"POST","body":{"username":"username1","password":"x x x x x","confirmPassword":"x x x x x","name":"test"}}
[2024-03-31 23:36:50] info: connected rsmq
[2024-03-31 23:36:50] info: you are listened localhost:3001
[2024-03-31 23:36:50] info: Connection has been established successfully.
[2024-03-31 23:36:51] info: Models synchronized with database.
[2024-03-31 23:36:55] info: {"requestDate":1711903015070,"host":"localhost:3001","method":"POST","body":{"username":"username1","password":"x x x x x","confirmPassword":"x x x x x","name":"test"}}
[2024-03-31 23:37:13] info: {"requestDate":1711903033692,"host":"localhost:3001","method":"POST","body":{"username":"username1 ","password":"x x x x x","confirmPassword":"x x x x x","name":"test"}}
[2024-03-31 23:37:29] info: connected rsmq
[2024-03-31 23:37:29] info: you are listened localhost:3001
[2024-03-31 23:37:30] info: Connection has been established successfully.
[2024-03-31 23:37:30] info: Models synchronized with database.
[2024-03-31 23:37:32] info: {"requestDate":1711903052930,"host":"localhost:3001","method":"POST","body":{"username":"username1 ","password":"x x x x x","confirmPassword":"x x x x x","name":"test"}}
[2024-03-31 23:38:30] info: connected rsmq
[2024-03-31 23:38:31] info: you are listened localhost:3001
[2024-03-31 23:38:38] info: connected rsmq
[2024-03-31 23:38:38] info: you are listened localhost:3001
[2024-03-31 23:38:38] info: Connection has been established successfully.
[2024-03-31 23:38:38] info: Models synchronized with database.
[2024-03-31 23:38:40] info: {"requestDate":1711903120187,"host":"localhost:3001","method":"POST","body":{"username":"username1 ","password":"x x x x x","confirmPassword":"x x x x x","name":"test"}}
[2024-03-31 23:41:11] info: connected rsmq
[2024-03-31 23:41:12] info: you are listened localhost:3001
[2024-03-31 23:41:13] info: {"requestDate":1711903273825,"host":"localhost:3001","method":"POST","body":{"username":"username1 ","password":"x x x x x","confirmPassword":"x x x x x","name":"test"}}
[2024-03-31 23:41:14] info: Connection has been established successfully.
[2024-03-31 23:41:14] info: Models synchronized with database.
[2024-03-31 23:41:20] info: {"requestDate":1711903280355,"host":"localhost:3001","method":"POST","body":{"username":"username1 ","password":"x x x x x","confirmPassword":"x x x x x","name":"test"}}
[2024-03-31 23:41:40] info: connected rsmq
[2024-03-31 23:41:40] info: you are listened localhost:3001
[2024-03-31 23:41:40] info: Connection has been established successfully.
[2024-03-31 23:41:41] info: Models synchronized with database.
[2024-03-31 23:41:44] info: {"requestDate":1711903304230,"host":"localhost:3001","method":"POST","body":{"username":"username1 ","password":"x x x x x","confirmPassword":"x x x x x","name":"test"}}
[2024-03-31 23:42:53] info: connected rsmq
[2024-03-31 23:42:54] info: you are listened localhost:3001
[2024-03-31 23:42:56] info: connected rsmq
[2024-03-31 23:42:56] info: you are listened localhost:3001
[2024-03-31 23:42:56] info: Connection has been established successfully.
[2024-03-31 23:42:56] info: Models synchronized with database.
[2024-03-31 23:42:58] info: {"requestDate":1711903378893,"host":"localhost:3001","method":"POST","body":{"username":"username1 ","password":"x x x x x","confirmPassword":"x x x x x","name":"test"}}
[2024-03-31 23:43:07] info: connected rsmq
[2024-03-31 23:43:07] info: you are listened localhost:3001
[2024-03-31 23:43:07] info: Connection has been established successfully.
[2024-03-31 23:43:07] info: Models synchronized with database.
[2024-03-31 23:43:11] info: {"requestDate":1711903391089,"host":"localhost:3001","method":"POST","body":{"username":"username1 ","password":"x x x x x","confirmPassword":"x x x x x","name":"test"}}
[2024-03-31 23:44:07] info: connected rsmq
[2024-03-31 23:44:07] info: you are listened localhost:3001
[2024-03-31 23:44:10] info: connected rsmq
[2024-03-31 23:44:11] info: you are listened localhost:3001
[2024-03-31 23:44:11] info: Connection has been established successfully.
[2024-03-31 23:44:11] info: Models synchronized with database.
[2024-03-31 23:44:14] info: {"requestDate":1711903454718,"host":"localhost:3001","method":"POST","body":{"username":"username1 ","password":"x x x x x","confirmPassword":"x x x x x","name":"test"}}
[2024-03-31 23:44:22] info: connected rsmq
[2024-03-31 23:44:22] info: you are listened localhost:3001
[2024-03-31 23:44:22] info: Connection has been established successfully.
[2024-03-31 23:44:22] info: Models synchronized with database.
[2024-03-31 23:44:26] info: {"requestDate":1711903466771,"host":"localhost:3001","method":"POST","body":{"username":"username1 ","password":"x x x x x","confirmPassword":"x x x x x","name":"test"}}
[2024-03-31 23:44:55] info: connected rsmq
[2024-03-31 23:44:56] info: you are listened localhost:3001
[2024-03-31 23:44:56] info: Connection has been established successfully.
[2024-03-31 23:44:56] info: Models synchronized with database.
[2024-03-31 23:44:58] info: {"requestDate":1711903498977,"host":"localhost:3001","method":"POST","body":{"username":"username1 ","password":"x x x x x","confirmPassword":"x x x x x","name":"test"}}
[2024-03-31 23:45:10] info: connected rsmq
[2024-03-31 23:45:10] info: you are listened localhost:3001
[2024-03-31 23:45:10] info: Connection has been established successfully.
[2024-03-31 23:45:10] info: Models synchronized with database.
[2024-03-31 23:45:15] info: {"requestDate":1711903515847,"host":"localhost:3001","method":"POST","body":{"username":"username1 ","password":"x x x x x","confirmPassword":"x x x x x","name":"test"}}
[2024-03-31 23:45:26] info: connected rsmq
[2024-03-31 23:45:26] info: you are listened localhost:3001
[2024-03-31 23:45:26] info: Connection has been established successfully.
[2024-03-31 23:45:26] info: Models synchronized with database.
[2024-03-31 23:45:31] info: {"requestDate":1711903531922,"host":"localhost:3001","method":"POST","body":{"username":"username1 ","password":"x x x x x","confirmPassword":"x x x x x","name":"test"}}
[2024-03-31 23:45:41] info: connected rsmq
[2024-03-31 23:45:41] info: you are listened localhost:3001
[2024-03-31 23:45:42] info: Connection has been established successfully.
[2024-03-31 23:45:42] info: Models synchronized with database.
[2024-03-31 23:45:46] info: {"requestDate":1711903546096,"host":"localhost:3001","method":"POST","body":{"username":"username1 ","password":"x x x x x","confirmPassword":"x x x x x","name":"test"}}
[2024-03-31 23:46:06] info: connected rsmq
[2024-03-31 23:46:06] info: you are listened localhost:3001
[2024-03-31 23:46:07] info: Connection has been established successfully.
[2024-03-31 23:46:07] info: Models synchronized with database.
[2024-03-31 23:46:11] info: {"requestDate":1711903571871,"host":"localhost:3001","method":"POST","body":{"username":"username1 ","password":"x x x x x","confirmPassword":"x x x x x","name":"test"}}
[2024-03-31 23:46:19] info: connected rsmq
[2024-03-31 23:46:19] info: you are listened localhost:3001
[2024-03-31 23:46:19] info: Connection has been established successfully.
[2024-03-31 23:46:19] info: Models synchronized with database.
[2024-03-31 23:46:24] info: {"requestDate":1711903584556,"host":"localhost:3001","method":"POST","body":{"username":"username1 ","password":"x x x x x","confirmPassword":"x x x x x","name":"test"}}
[2024-03-31 23:46:37] info: connected rsmq
[2024-03-31 23:46:37] info: you are listened localhost:3001
[2024-03-31 23:46:37] info: Connection has been established successfully.
[2024-03-31 23:46:38] info: Models synchronized with database.
[2024-03-31 23:46:48] info: {"requestDate":1711903608229,"host":"localhost:3001","method":"POST","body":{"username":"username1 ","password":"x x x x x","confirmPassword":"x x x x x","name":"test"}}
[2024-03-31 23:47:02] info: connected rsmq
[2024-03-31 23:47:02] info: you are listened localhost:3001
[2024-03-31 23:47:02] info: Connection has been established successfully.
[2024-03-31 23:47:03] info: Models synchronized with database.
[2024-03-31 23:47:06] info: {"requestDate":1711903626474,"host":"localhost:3001","method":"POST","body":{"username":"username1 ","password":"x x x x x","confirmPassword":"x x x x x","name":"test"}}
[2024-03-31 23:47:12] info: connected rsmq
[2024-03-31 23:47:12] info: you are listened localhost:3001
[2024-03-31 23:47:12] info: Connection has been established successfully.
[2024-03-31 23:47:12] info: Models synchronized with database.
[2024-03-31 23:47:16] info: {"requestDate":1711903636087,"host":"localhost:3001","method":"POST","body":{"username":"username1 ","password":"x x x x x","confirmPassword":"x x x x x","name":"test"}}
[2024-03-31 23:49:45] info: connected rsmq
[2024-03-31 23:49:45] info: you are listened localhost:3001
[2024-03-31 23:49:46] info: Connection has been established successfully.
[2024-03-31 23:49:46] info: Models synchronized with database.
[2024-03-31 23:49:50] info: {"requestDate":1711903790258,"host":"localhost:3001","method":"POST","body":{"username":"username1 ","password":"x x x x x","confirmPassword":"x x x x x","name":"test"}}
[2024-03-31 23:50:10] info: connected rsmq
[2024-03-31 23:50:10] info: you are listened localhost:3001
[2024-03-31 23:50:11] info: Connection has been established successfully.
[2024-03-31 23:50:11] info: Models synchronized with database.
[2024-03-31 23:50:16] info: {"requestDate":1711903816247,"host":"localhost:3001","method":"POST","body":{"username":"username1 ","password":"x x x x x","confirmPassword":"x x x x x","name":"test"}}
[2024-03-31 23:52:27] info: connected rsmq
[2024-03-31 23:52:27] error: uncaughtException: missing ) after argument list
E:\PROJECT_NODE\coding-interview\setup-requirement-arvis\src\modules\auths\validation.js:24
      username: {
      ^^^^^^^^

SyntaxError: missing ) after argument list
    at internalCompileFunction (node:internal/vm:77:18)
    at wrapSafe (node:internal/modules/cjs/loader:1288:20)
    at Module._compile (node:internal/modules/cjs/loader:1340:27)
    at Module._extensions..js (node:internal/modules/cjs/loader:1435:10)
    at Module.load (node:internal/modules/cjs/loader:1207:32)
    at Module._load (node:internal/modules/cjs/loader:1023:12)
    at Module.require (node:internal/modules/cjs/loader:1235:19)
    at require (node:internal/modules/helpers:176:18)
    at Object.<anonymous> (E:\PROJECT_NODE\coding-interview\setup-requirement-arvis\src\modules\auths\router.js:2:21)
    at Module._compile (node:internal/modules/cjs/loader:1376:14)
[2024-03-31 23:52:28] info: Connection has been established successfully.
[2024-03-31 23:52:28] info: Models synchronized with database.
[2024-03-31 23:52:31] info: connected rsmq
[2024-03-31 23:52:31] error: uncaughtException: missing ) after argument list
E:\PROJECT_NODE\coding-interview\setup-requirement-arvis\src\modules\auths\validation.js:24
      username: {
      ^^^^^^^^

SyntaxError: missing ) after argument list
    at internalCompileFunction (node:internal/vm:77:18)
    at wrapSafe (node:internal/modules/cjs/loader:1288:20)
    at Module._compile (node:internal/modules/cjs/loader:1340:27)
    at Module._extensions..js (node:internal/modules/cjs/loader:1435:10)
    at Module.load (node:internal/modules/cjs/loader:1207:32)
    at Module._load (node:internal/modules/cjs/loader:1023:12)
    at Module.require (node:internal/modules/cjs/loader:1235:19)
    at require (node:internal/modules/helpers:176:18)
    at Object.<anonymous> (E:\PROJECT_NODE\coding-interview\setup-requirement-arvis\src\modules\auths\router.js:2:21)
    at Module._compile (node:internal/modules/cjs/loader:1376:14)
[2024-03-31 23:52:31] info: Connection has been established successfully.
[2024-03-31 23:52:31] info: Models synchronized with database.
[2024-03-31 23:52:37] info: connected rsmq
[2024-03-31 23:52:37] info: you are listened localhost:3001
[2024-03-31 23:52:38] info: Connection has been established successfully.
[2024-03-31 23:52:38] info: Models synchronized with database.
[2024-03-31 23:52:41] info: {"requestDate":1711903961661,"host":"localhost:3001","method":"POST","body":{"username":"username1 ","password":"x x x x x","confirmPassword":"x x x x x","name":"test"}}
[2024-03-31 23:53:05] info: connected rsmq
[2024-03-31 23:53:05] info: you are listened localhost:3001
[2024-03-31 23:53:06] info: Connection has been established successfully.
[2024-03-31 23:53:06] info: Models synchronized with database.
[2024-03-31 23:53:08] info: {"requestDate":1711903988248,"host":"localhost:3001","method":"POST","body":{"username":"username1 ","password":"x x x x x","confirmPassword":"x x x x x","name":"test"}}
[2024-03-31 23:53:14] info: connected rsmq
[2024-03-31 23:53:15] info: you are listened localhost:3001
[2024-03-31 23:53:15] info: Connection has been established successfully.
[2024-03-31 23:53:15] info: Models synchronized with database.
[2024-03-31 23:53:18] info: {"requestDate":1711903998008,"host":"localhost:3001","method":"POST","body":{"username":"username1 ","password":"x x x x x","confirmPassword":"x x x x x","name":"test"}}
[2024-03-31 23:53:38] info: connected rsmq
[2024-03-31 23:53:38] info: you are listened localhost:3001
[2024-03-31 23:53:38] info: Connection has been established successfully.
[2024-03-31 23:53:38] info: Models synchronized with database.
[2024-03-31 23:53:50] info: connected rsmq
[2024-03-31 23:53:50] info: you are listened localhost:3001
[2024-03-31 23:53:51] info: Connection has been established successfully.
[2024-03-31 23:53:51] info: Models synchronized with database.
[2024-03-31 23:53:53] info: {"requestDate":1711904033957,"host":"localhost:3001","method":"POST","body":{"username":"username1 ","password":"x x x x x","confirmPassword":"x x x x x","name":"test"}}
[2024-03-31 23:54:01] info: connected rsmq
[2024-03-31 23:54:01] info: you are listened localhost:3001
[2024-03-31 23:54:01] info: Connection has been established successfully.
[2024-03-31 23:54:01] info: Models synchronized with database.
[2024-03-31 23:54:04] info: {"requestDate":1711904044461,"host":"localhost:3001","method":"POST","body":{"username":"username1 ","password":"x x x x x","confirmPassword":"x x x x x","name":"test"}}
[2024-03-31 23:54:16] info: connected rsmq
[2024-03-31 23:54:16] info: you are listened localhost:3001
[2024-03-31 23:54:16] info: Connection has been established successfully.
[2024-03-31 23:54:16] info: Models synchronized with database.
[2024-03-31 23:54:19] info: {"requestDate":1711904059046,"host":"localhost:3001","method":"POST","body":{"username":"username1 ","password":"x x x x x","confirmPassword":"x x x x x","name":"test"}}
[2024-03-31 23:54:44] info: connected rsmq
[2024-03-31 23:54:45] info: you are listened localhost:3001
[2024-03-31 23:54:45] info: Connection has been established successfully.
[2024-03-31 23:54:45] info: Models synchronized with database.
[2024-03-31 23:54:47] info: {"requestDate":1711904087684,"host":"localhost:3001","method":"POST","body":{"username":"username1 ","password":"x x x x x","confirmPassword":"x x x x x","name":"test"}}
[2024-03-31 23:54:56] info: connected rsmq
[2024-03-31 23:54:56] info: you are listened localhost:3001
[2024-03-31 23:54:56] info: Connection has been established successfully.
[2024-03-31 23:54:56] info: Models synchronized with database.
[2024-03-31 23:54:59] info: {"requestDate":1711904099801,"host":"localhost:3001","method":"POST","body":{"username":"username1 ","password":"x x x x x","confirmPassword":"x x x x x","name":"test"}}
[2024-03-31 23:55:12] info: connected rsmq
[2024-03-31 23:55:12] info: you are listened localhost:3001
[2024-03-31 23:55:12] info: Connection has been established successfully.
[2024-03-31 23:55:12] info: Models synchronized with database.
[2024-03-31 23:55:15] info: {"requestDate":1711904115576,"host":"localhost:3001","method":"POST","body":{"username":"username1 ","password":"x x x x x","confirmPassword":"x x x x x","name":"test"}}
[2024-03-31 23:55:35] info: connected rsmq
[2024-03-31 23:55:35] info: you are listened localhost:3001
[2024-03-31 23:55:35] info: Connection has been established successfully.
[2024-03-31 23:55:35] info: Models synchronized with database.
[2024-03-31 23:55:37] info: {"requestDate":1711904137927,"host":"localhost:3001","method":"POST","body":{"username":"username1 ","password":"x x x x x","confirmPassword":"x x x x x","name":"test"}}
[2024-03-31 23:55:55] info: connected rsmq
[2024-03-31 23:55:55] info: you are listened localhost:3001
[2024-03-31 23:55:55] info: Connection has been established successfully.
[2024-03-31 23:55:55] info: Models synchronized with database.
[2024-03-31 23:55:57] info: {"requestDate":1711904157737,"host":"localhost:3001","method":"POST","body":{"username":"username1 ","password":"x x x x x","confirmPassword":"x x x x x","name":"test"}}
[2024-03-31 23:56:39] info: connected rsmq
[2024-03-31 23:56:39] info: you are listened localhost:3001
[2024-03-31 23:56:41] info: connected rsmq
[2024-03-31 23:56:42] info: you are listened localhost:3001
[2024-03-31 23:56:42] info: Connection has been established successfully.
[2024-03-31 23:56:42] info: Models synchronized with database.
[2024-03-31 23:56:44] info: {"requestDate":1711904204359,"host":"localhost:3001","method":"POST","body":{"username":"username1 ","password":"x x x x x","confirmPassword":"x x x x x","name":"test"}}
[2024-03-31 23:57:08] info: connected rsmq
[2024-03-31 23:57:08] info: you are listened localhost:3001
[2024-03-31 23:57:08] info: Connection has been established successfully.
[2024-03-31 23:57:08] info: Models synchronized with database.
[2024-03-31 23:57:45] info: connected rsmq
[2024-03-31 23:57:45] info: you are listened localhost:3001
[2024-03-31 23:57:45] info: Connection has been established successfully.
[2024-03-31 23:57:45] info: Models synchronized with database.
[2024-03-31 23:57:48] info: {"requestDate":1711904268361,"host":"localhost:3001","method":"POST","body":{"username":"username1 ","password":"x x x x x","confirmPassword":"x x x x x","name":"test"}}
[2024-03-31 23:57:54] info: {"requestDate":1711904274127,"host":"localhost:3001","method":"POST","body":{"username":"username1","password":"x x x x x","confirmPassword":"x x x x x","name":"test"}}
[2024-03-31 23:58:02] info: connected rsmq
[2024-03-31 23:58:02] info: you are listened localhost:3001
[2024-03-31 23:58:02] info: Connection has been established successfully.
[2024-03-31 23:58:02] info: Models synchronized with database.
[2024-03-31 23:58:05] info: {"requestDate":1711904285146,"host":"localhost:3001","method":"POST","body":{"username":"username1 ","password":"x x x x x","confirmPassword":"x x x x x","name":"test"}}
[2024-03-31 23:58:08] info: {"requestDate":1711904288552,"host":"localhost:3001","method":"POST","body":{"username":"username1","password":"x x x x x","confirmPassword":"x x x x x","name":"test"}}
[2024-03-31 23:58:19] info: connected rsmq
[2024-03-31 23:58:19] info: you are listened localhost:3001
[2024-03-31 23:58:19] info: Connection has been established successfully.
[2024-03-31 23:58:19] info: Models synchronized with database.
[2024-03-31 23:58:22] info: {"requestDate":1711904302395,"host":"localhost:3001","method":"POST","body":{"username":"username1","password":"x x x x x","confirmPassword":"x x x x x","name":"test"}}
[2024-03-31 23:58:24] info: {"requestDate":1711904304491,"host":"localhost:3001","method":"POST","body":{"username":"username1","password":"x x x x x","confirmPassword":"x x x x x","name":"test"}}
[2024-03-31 23:58:27] info: {"requestDate":1711904307080,"host":"localhost:3001","method":"POST","body":{"username":"username1 ","password":"x x x x x","confirmPassword":"x x x x x","name":"test"}}
[2024-03-31 23:58:36] info: connected rsmq
[2024-03-31 23:58:36] info: you are listened localhost:3001
[2024-03-31 23:58:36] info: Connection has been established successfully.
[2024-03-31 23:58:36] info: Models synchronized with database.
[2024-03-31 23:58:44] info: connected rsmq
[2024-03-31 23:58:44] info: you are listened localhost:3001
[2024-03-31 23:58:44] info: Connection has been established successfully.
[2024-03-31 23:58:44] info: Models synchronized with database.
[2024-03-31 23:58:47] info: {"requestDate":1711904327617,"host":"localhost:3001","method":"POST","body":{"username":"username1 ","password":"x x x x x","confirmPassword":"x x x x x","name":"test"}}
[2024-03-31 23:58:50] info: {"requestDate":1711904330124,"host":"localhost:3001","method":"POST","body":{"username":"username1","password":"x x x x x","confirmPassword":"x x x x x","name":"test"}}
[2024-03-31 23:58:54] info: {"requestDate":1711904334341,"host":"localhost:3001","method":"POST","body":{"username":"username 1","password":"x x x x x","confirmPassword":"x x x x x","name":"test"}}
