[2024-04-01 22:02:04] info: connected rsmq
[2024-04-01 22:02:04] info: you are listened localhost:3001
[2024-04-01 22:02:05] info: Connection has been established successfully.
[2024-04-01 22:02:05] info: Models synchronized with database.
[2024-04-01 22:02:08] info: {"requestDate":1711983728486,"host":"localhost:3001","authorization":"Bearer eyJhbGciOiJIUzI1NiIsInR5cCI6IkpXVCJ9.eyJkYXRhIjp7InVzZXJuYW1lIjoidXNlcm5hbWUxZDIiLCJuYW1lIjoidGVzdCJ9LCJpYXQiOjE3MTE5ODA5NjEsImV4cCI6MTcxMTk4NDU2MX0.z_hWNCifgu9S7M9lX9K6qswiC79Lo5HrC_aau5kSLkY","method":"POST","body":{"title":"test title tittle","description":"lorem ipsum descriptionawe test awlke hawe awkh akj h"}}
[2024-04-01 22:02:14] info: {"requestDate":1711983734792,"host":"localhost:3001","authorization":"Bearer eyJhbGciOiJIUzI1NiIsInR5cCI6IkpXVCJ9.eyJkYXRhIjp7InVzZXJuYW1lIjoidXNlcm5hbWUxZDIiLCJuYW1lIjoidGVzdCJ9LCJpYXQiOjE3MTE5ODA5NjEsImV4cCI6MTcxMTk4NDU2MX0.z_hWNCifgu9S7M9lX9K6qswiC79Lo5HrC_aau5kSLkY","method":"GET","body":{}}
[2024-04-01 22:05:39] info: connected rsmq
[2024-04-01 22:05:39] info: you are listened localhost:3001
[2024-04-01 22:05:39] info: Connection has been established successfully.
[2024-04-01 22:05:39] info: Models synchronized with database.
[2024-04-01 22:05:47] info: {"requestDate":1711983947494,"host":"localhost:3001","authorization":"Bearer eyJhbGciOiJIUzI1NiIsInR5cCI6IkpXVCJ9.eyJkYXRhIjp7InVzZXJuYW1lIjoidXNlcm5hbWUxZDIiLCJuYW1lIjoidGVzdCJ9LCJpYXQiOjE3MTE5ODA5NjEsImV4cCI6MTcxMTk4NDU2MX0.z_hWNCifgu9S7M9lX9K6qswiC79Lo5HrC_aau5kSLkY","method":"POST","body":{"title":"test title tittle","description":"lorem ipsum descriptionawe test awlke hawe awkh akj h"}}
[2024-04-01 22:05:51] info: {"requestDate":1711983951406,"host":"localhost:3001","authorization":"Bearer eyJhbGciOiJIUzI1NiIsInR5cCI6IkpXVCJ9.eyJkYXRhIjp7InVzZXJuYW1lIjoidXNlcm5hbWUxZDIiLCJuYW1lIjoidGVzdCJ9LCJpYXQiOjE3MTE5ODA5NjEsImV4cCI6MTcxMTk4NDU2MX0.z_hWNCifgu9S7M9lX9K6qswiC79Lo5HrC_aau5kSLkY","method":"GET","body":{}}
[2024-04-01 22:06:04] info: {"requestDate":1711983964278,"host":"localhost:3001","authorization":"Bearer eyJhbGciOiJIUzI1NiIsInR5cCI6IkpXVCJ9.eyJkYXRhIjp7InVzZXJuYW1lIjoidXNlcm5hbWUxZDIiLCJuYW1lIjoidGVzdCJ9LCJpYXQiOjE3MTE5ODA5NjEsImV4cCI6MTcxMTk4NDU2MX0.z_hWNCifgu9S7M9lX9K6qswiC79Lo5HrC_aau5kSLkY","method":"POST","body":{"title":"GET ROCKtest title tittle","description":"lorem ipsum descriptionawe test awlke hawe awkh akj h"}}
[2024-04-01 22:06:07] info: {"requestDate":1711983967558,"host":"localhost:3001","authorization":"Bearer eyJhbGciOiJIUzI1NiIsInR5cCI6IkpXVCJ9.eyJkYXRhIjp7InVzZXJuYW1lIjoidXNlcm5hbWUxZDIiLCJuYW1lIjoidGVzdCJ9LCJpYXQiOjE3MTE5ODA5NjEsImV4cCI6MTcxMTk4NDU2MX0.z_hWNCifgu9S7M9lX9K6qswiC79Lo5HrC_aau5kSLkY","method":"GET","body":{}}
[2024-04-01 22:07:24] info: connected rsmq
[2024-04-01 22:07:24] info: you are listened localhost:3001
[2024-04-01 22:07:24] info: Connection has been established successfully.
[2024-04-01 22:07:24] info: Models synchronized with database.
[2024-04-01 22:07:38] info: connected rsmq
[2024-04-01 22:07:38] info: you are listened localhost:3001
[2024-04-01 22:07:39] info: Connection has been established successfully.
[2024-04-01 22:07:39] info: Models synchronized with database.
[2024-04-01 22:07:45] info: {"requestDate":1711984065864,"host":"localhost:3001","authorization":"Bearer eyJhbGciOiJIUzI1NiIsInR5cCI6IkpXVCJ9.eyJkYXRhIjp7InVzZXJuYW1lIjoidXNlcm5hbWUxZDIiLCJuYW1lIjoidGVzdCJ9LCJpYXQiOjE3MTE5ODA5NjEsImV4cCI6MTcxMTk4NDU2MX0.z_hWNCifgu9S7M9lX9K6qswiC79Lo5HrC_aau5kSLkY","method":"POST","body":{"title":"GET ROCKtexzxcst title tittle","description":"lorem ipsum descriptionawe test awlke hawe awkh akj h"}}
[2024-04-01 22:07:48] info: {"requestDate":1711984068652,"host":"localhost:3001","authorization":"Bearer eyJhbGciOiJIUzI1NiIsInR5cCI6IkpXVCJ9.eyJkYXRhIjp7InVzZXJuYW1lIjoidXNlcm5hbWUxZDIiLCJuYW1lIjoidGVzdCJ9LCJpYXQiOjE3MTE5ODA5NjEsImV4cCI6MTcxMTk4NDU2MX0.z_hWNCifgu9S7M9lX9K6qswiC79Lo5HrC_aau5kSLkY","method":"GET","body":{}}
[2024-04-01 22:08:05] info: {"requestDate":1711984085238,"host":"localhost:3001","authorization":"Bearer eyJhbGciOiJIUzI1NiIsInR5cCI6IkpXVCJ9.eyJkYXRhIjp7InVzZXJuYW1lIjoidXNlcm5hbWUxZDIiLCJuYW1lIjoidGVzdCJ9LCJpYXQiOjE3MTE5ODA5NjEsImV4cCI6MTcxMTk4NDU2MX0.z_hWNCifgu9S7M9lX9K6qswiC79Lo5HrC_aau5kSLkY","method":"POST","body":{"title":"GET ROCKtexzxcst title tittle 1","description":"lorem ipsum descriptionawe test awlke hawe awkh akj h"}}
[2024-04-01 22:08:07] info: {"requestDate":1711984087377,"host":"localhost:3001","authorization":"Bearer eyJhbGciOiJIUzI1NiIsInR5cCI6IkpXVCJ9.eyJkYXRhIjp7InVzZXJuYW1lIjoidXNlcm5hbWUxZDIiLCJuYW1lIjoidGVzdCJ9LCJpYXQiOjE3MTE5ODA5NjEsImV4cCI6MTcxMTk4NDU2MX0.z_hWNCifgu9S7M9lX9K6qswiC79Lo5HrC_aau5kSLkY","method":"POST","body":{"title":"GET ROCKtexzxcst title tittle 2","description":"lorem ipsum descriptionawe test awlke hawe awkh akj h"}}
[2024-04-01 22:08:08] info: {"requestDate":1711984088848,"host":"localhost:3001","authorization":"Bearer eyJhbGciOiJIUzI1NiIsInR5cCI6IkpXVCJ9.eyJkYXRhIjp7InVzZXJuYW1lIjoidXNlcm5hbWUxZDIiLCJuYW1lIjoidGVzdCJ9LCJpYXQiOjE3MTE5ODA5NjEsImV4cCI6MTcxMTk4NDU2MX0.z_hWNCifgu9S7M9lX9K6qswiC79Lo5HrC_aau5kSLkY","method":"POST","body":{"title":"GET ROCKtexzxcst title tittle 3","description":"lorem ipsum descriptionawe test awlke hawe awkh akj h"}}
[2024-04-01 22:08:11] info: {"requestDate":1711984091748,"host":"localhost:3001","authorization":"Bearer eyJhbGciOiJIUzI1NiIsInR5cCI6IkpXVCJ9.eyJkYXRhIjp7InVzZXJuYW1lIjoidXNlcm5hbWUxZDIiLCJuYW1lIjoidGVzdCJ9LCJpYXQiOjE3MTE5ODA5NjEsImV4cCI6MTcxMTk4NDU2MX0.z_hWNCifgu9S7M9lX9K6qswiC79Lo5HrC_aau5kSLkY","method":"GET","body":{}}
[2024-04-01 22:08:32] info: {"requestDate":1711984112252,"host":"localhost:3001","authorization":"Bearer eyJhbGciOiJIUzI1NiIsInR5cCI6IkpXVCJ9.eyJkYXRhIjp7InVzZXJuYW1lIjoidXNlcm5hbWUxZDIiLCJuYW1lIjoidGVzdCJ9LCJpYXQiOjE3MTE5ODA5NjEsImV4cCI6MTcxMTk4NDU2MX0.z_hWNCifgu9S7M9lX9K6qswiC79Lo5HrC_aau5kSLkY","method":"POST","body":{"title":"GET ROCKtexzxcst title tittle 5","description":"lorem ipsum descriptionawe test awlke hawe awkh akj h"}}
[2024-04-01 22:08:38] info: {"requestDate":1711984118466,"host":"localhost:3001","authorization":"Bearer eyJhbGciOiJIUzI1NiIsInR5cCI6IkpXVCJ9.eyJkYXRhIjp7InVzZXJuYW1lIjoidXNlcm5hbWUxZDIiLCJuYW1lIjoidGVzdCJ9LCJpYXQiOjE3MTE5ODA5NjEsImV4cCI6MTcxMTk4NDU2MX0.z_hWNCifgu9S7M9lX9K6qswiC79Lo5HrC_aau5kSLkY","method":"GET","body":{}}
[2024-04-01 22:09:46] info: connected rsmq
[2024-04-01 22:09:46] error: uncaughtException: myDate is not defined
ReferenceError: myDate is not defined
    at Object.<anonymous> (E:\PROJECT_NODE\coding-interview\setup-requirement-arvis\src\modules\articles\models.js:28:36)
    at Module._compile (node:internal/modules/cjs/loader:1376:14)
    at Module._extensions..js (node:internal/modules/cjs/loader:1435:10)
    at Module.load (node:internal/modules/cjs/loader:1207:32)
    at Module._load (node:internal/modules/cjs/loader:1023:12)
    at Module.require (node:internal/modules/cjs/loader:1235:19)
    at require (node:internal/modules/helpers:176:18)
    at Object.<anonymous> (E:\PROJECT_NODE\coding-interview\setup-requirement-arvis\src\modules\articles\service.js:3:15)
    at Module._compile (node:internal/modules/cjs/loader:1376:14)
    at Module._extensions..js (node:internal/modules/cjs/loader:1435:10)
[2024-04-01 22:09:47] info: Connection has been established successfully.
[2024-04-01 22:09:47] info: Models synchronized with database.
[2024-04-01 22:10:22] info: connected rsmq
[2024-04-01 22:10:22] info: you are listened localhost:3001
[2024-04-01 22:10:23] info: Connection has been established successfully.
[2024-04-01 22:10:23] info: Models synchronized with database.
[2024-04-01 22:10:27] info: {"requestDate":1711984227652,"host":"localhost:3001","authorization":"Bearer eyJhbGciOiJIUzI1NiIsInR5cCI6IkpXVCJ9.eyJkYXRhIjp7InVzZXJuYW1lIjoidXNlcm5hbWUxZDIiLCJuYW1lIjoidGVzdCJ9LCJpYXQiOjE3MTE5ODA5NjEsImV4cCI6MTcxMTk4NDU2MX0.z_hWNCifgu9S7M9lX9K6qswiC79Lo5HrC_aau5kSLkY","method":"POST","body":{"title":"GET ROCKtexzxcst title tittle 6","description":"lorem ipsum descriptionawe test awlke hawe awkh akj h"}}
[2024-04-01 22:10:32] info: {"requestDate":1711984232165,"host":"localhost:3001","authorization":"Bearer eyJhbGciOiJIUzI1NiIsInR5cCI6IkpXVCJ9.eyJkYXRhIjp7InVzZXJuYW1lIjoidXNlcm5hbWUxZDIiLCJuYW1lIjoidGVzdCJ9LCJpYXQiOjE3MTE5ODA5NjEsImV4cCI6MTcxMTk4NDU2MX0.z_hWNCifgu9S7M9lX9K6qswiC79Lo5HrC_aau5kSLkY","method":"POST","body":{"title":"GET ROCKtexzxcst title tittle 7","description":"lorem ipsum descriptionawe test awlke hawe awkh akj h"}}
[2024-04-01 22:10:34] info: {"requestDate":1711984234211,"host":"localhost:3001","authorization":"Bearer eyJhbGciOiJIUzI1NiIsInR5cCI6IkpXVCJ9.eyJkYXRhIjp7InVzZXJuYW1lIjoidXNlcm5hbWUxZDIiLCJuYW1lIjoidGVzdCJ9LCJpYXQiOjE3MTE5ODA5NjEsImV4cCI6MTcxMTk4NDU2MX0.z_hWNCifgu9S7M9lX9K6qswiC79Lo5HrC_aau5kSLkY","method":"POST","body":{"title":"GET ROCKtexzxcst title tittle 8","description":"lorem ipsum descriptionawe test awlke hawe awkh akj h"}}
[2024-04-01 22:10:37] info: {"requestDate":1711984237692,"host":"localhost:3001","authorization":"Bearer eyJhbGciOiJIUzI1NiIsInR5cCI6IkpXVCJ9.eyJkYXRhIjp7InVzZXJuYW1lIjoidXNlcm5hbWUxZDIiLCJuYW1lIjoidGVzdCJ9LCJpYXQiOjE3MTE5ODA5NjEsImV4cCI6MTcxMTk4NDU2MX0.z_hWNCifgu9S7M9lX9K6qswiC79Lo5HrC_aau5kSLkY","method":"GET","body":{}}
[2024-04-01 22:11:34] info: connected rsmq
[2024-04-01 22:11:34] info: you are listened localhost:3001
[2024-04-01 22:11:35] info: Connection has been established successfully.
[2024-04-01 22:11:35] info: Models synchronized with database.
[2024-04-01 22:11:41] info: {"requestDate":1711984301103,"host":"localhost:3001","authorization":"Bearer eyJhbGciOiJIUzI1NiIsInR5cCI6IkpXVCJ9.eyJkYXRhIjp7InVzZXJuYW1lIjoidXNlcm5hbWUxZDIiLCJuYW1lIjoidGVzdCJ9LCJpYXQiOjE3MTE5ODA5NjEsImV4cCI6MTcxMTk4NDU2MX0.z_hWNCifgu9S7M9lX9K6qswiC79Lo5HrC_aau5kSLkY","method":"POST","body":{"title":"GET ROCKtexzxcst title tittle 9","description":"lorem ipsum descriptionawe test awlke hawe awkh akj h"}}
[2024-04-01 22:11:45] info: {"requestDate":1711984305554,"host":"localhost:3001","authorization":"Bearer eyJhbGciOiJIUzI1NiIsInR5cCI6IkpXVCJ9.eyJkYXRhIjp7InVzZXJuYW1lIjoidXNlcm5hbWUxZDIiLCJuYW1lIjoidGVzdCJ9LCJpYXQiOjE3MTE5ODA5NjEsImV4cCI6MTcxMTk4NDU2MX0.z_hWNCifgu9S7M9lX9K6qswiC79Lo5HrC_aau5kSLkY","method":"GET","body":{}}
[2024-04-01 22:12:13] info: connected rsmq
[2024-04-01 22:12:13] info: you are listened localhost:3001
[2024-04-01 22:12:14] info: Connection has been established successfully.
[2024-04-01 22:12:14] info: Models synchronized with database.
[2024-04-01 22:12:16] info: {"requestDate":1711984336496,"host":"localhost:3001","authorization":"Bearer eyJhbGciOiJIUzI1NiIsInR5cCI6IkpXVCJ9.eyJkYXRhIjp7InVzZXJuYW1lIjoidXNlcm5hbWUxZDIiLCJuYW1lIjoidGVzdCJ9LCJpYXQiOjE3MTE5ODA5NjEsImV4cCI6MTcxMTk4NDU2MX0.z_hWNCifgu9S7M9lX9K6qswiC79Lo5HrC_aau5kSLkY","method":"GET","body":{}}
[2024-04-01 22:12:19] info: {"requestDate":1711984339704,"host":"localhost:3001","authorization":"Bearer eyJhbGciOiJIUzI1NiIsInR5cCI6IkpXVCJ9.eyJkYXRhIjp7InVzZXJuYW1lIjoidXNlcm5hbWUxZDIiLCJuYW1lIjoidGVzdCJ9LCJpYXQiOjE3MTE5ODA5NjEsImV4cCI6MTcxMTk4NDU2MX0.z_hWNCifgu9S7M9lX9K6qswiC79Lo5HrC_aau5kSLkY","method":"POST","body":{"title":"GET ROCKtexzxcst title tittle 9","description":"lorem ipsum descriptionawe test awlke hawe awkh akj h"}}
[2024-04-01 22:12:25] info: {"requestDate":1711984345471,"host":"localhost:3001","authorization":"Bearer eyJhbGciOiJIUzI1NiIsInR5cCI6IkpXVCJ9.eyJkYXRhIjp7InVzZXJuYW1lIjoidXNlcm5hbWUxZDIiLCJuYW1lIjoidGVzdCJ9LCJpYXQiOjE3MTE5ODA5NjEsImV4cCI6MTcxMTk4NDU2MX0.z_hWNCifgu9S7M9lX9K6qswiC79Lo5HrC_aau5kSLkY","method":"POST","body":{"title":"xxxxxxxxxGET ROCKtexzxcst title tittle 9","description":"lorem ipsum descriptionawe test awlke hawe awkh akj h"}}
[2024-04-01 22:12:30] info: {"requestDate":1711984350522,"host":"localhost:3001","authorization":"Bearer eyJhbGciOiJIUzI1NiIsInR5cCI6IkpXVCJ9.eyJkYXRhIjp7InVzZXJuYW1lIjoidXNlcm5hbWUxZDIiLCJuYW1lIjoidGVzdCJ9LCJpYXQiOjE3MTE5ODA5NjEsImV4cCI6MTcxMTk4NDU2MX0.z_hWNCifgu9S7M9lX9K6qswiC79Lo5HrC_aau5kSLkY","method":"GET","body":{}}
[2024-04-01 22:14:45] info: connected rsmq
[2024-04-01 22:14:45] info: you are listened localhost:3001
[2024-04-01 22:14:45] info: Connection has been established successfully.
[2024-04-01 22:14:45] info: Models synchronized with database.
[2024-04-01 22:14:57] info: {"requestDate":1711984497855,"host":"localhost:3001","authorization":"Bearer eyJhbGciOiJIUzI1NiIsInR5cCI6IkpXVCJ9.eyJkYXRhIjp7InVzZXJuYW1lIjoidXNlcm5hbWUxZDIiLCJuYW1lIjoidGVzdCJ9LCJpYXQiOjE3MTE5ODA5NjEsImV4cCI6MTcxMTk4NDU2MX0.z_hWNCifgu9S7M9lX9K6qswiC79Lo5HrC_aau5kSLkY","method":"POST","body":{"title":"zzzzzzzzzzzzzzzasda sdasd asd asd asd9","description":"lorem ipsum descriptionawe test awlke hawe awkh akj h"}}
[2024-04-01 22:14:57] error: uncaughtException: Cannot read properties of undefined (reading 'msg')
TypeError: Cannot read properties of undefined (reading 'msg')
    at save (E:\PROJECT_NODE\coding-interview\setup-requirement-arvis\src\modules\articles\controller.js:16:38)
    at process.processTicksAndRejections (node:internal/process/task_queues:95:5)
[2024-04-01 22:21:40] info: connected rsmq
[2024-04-01 22:21:40] info: you are listened localhost:3001
[2024-04-01 22:21:40] info: Connection has been established successfully.
[2024-04-01 22:21:40] info: Models synchronized with database.
[2024-04-01 22:22:13] info: connected rsmq
[2024-04-01 22:22:14] info: you are listened localhost:3001
[2024-04-01 22:22:14] info: Connection has been established successfully.
[2024-04-01 22:22:14] info: Models synchronized with database.
[2024-04-01 22:23:23] info: connected rsmq
[2024-04-01 22:23:23] info: you are listened localhost:3001
[2024-04-01 22:23:23] info: Connection has been established successfully.
[2024-04-01 22:23:23] info: Models synchronized with database.
[2024-04-01 22:24:19] info: connected rsmq
[2024-04-01 22:24:19] info: you are listened localhost:3001
[2024-04-01 22:24:20] info: Connection has been established successfully.
[2024-04-01 22:24:20] info: Models synchronized with database.
[2024-04-01 22:28:40] info: connected rsmq
[2024-04-01 22:28:40] info: you are listened localhost:3001
[2024-04-01 22:28:40] info: Connection has been established successfully.
[2024-04-01 22:28:40] info: Models synchronized with database.
[2024-04-01 22:30:05] info: connected rsmq
[2024-04-01 22:30:06] info: you are listened localhost:3001
[2024-04-01 22:30:06] info: Connection has been established successfully.
[2024-04-01 22:30:08] info: connected rsmq
[2024-04-01 22:30:08] info: you are listened localhost:3001
[2024-04-01 22:30:08] info: Connection has been established successfully.
[2024-04-01 22:30:08] info: Models synchronized with database.
[2024-04-01 22:30:22] info: {"requestDate":1711985422126,"host":"localhost:3001","authorization":"Bearer eyJhbGciOiJIUzI1NiIsInR5cCI6IkpXVCJ9.eyJkYXRhIjp7InVzZXJuYW1lIjoidXNlcm5hbWUxZDIiLCJuYW1lIjoidGVzdCJ9LCJpYXQiOjE3MTE5ODA5NjEsImV4cCI6MTcxMTk4NDU2MX0.z_hWNCifgu9S7M9lX9K6qswiC79Lo5HrC_aau5kSLkY","method":"POST","body":{"title":"mencoba unutk awkkawka","description":"lorem ipsum descriptionawe test awlke hawe awkh akj h"}}
[2024-04-01 22:30:26] info: {"requestDate":1711985426512,"host":"localhost:3001","method":"POST","body":{"username":"username1d2","password":"x x x x x","confirmPassword":"x x x x x"}}
[2024-04-01 22:30:28] info: {"requestDate":1711985428709,"host":"localhost:3001","authorization":"Bearer eyJhbGciOiJIUzI1NiIsInR5cCI6IkpXVCJ9.eyJkYXRhIjp7InVzZXJuYW1lIjoidXNlcm5hbWUxZDIiLCJuYW1lIjoidGVzdCJ9LCJpYXQiOjE3MTE5ODA5NjEsImV4cCI6MTcxMTk4NDU2MX0.z_hWNCifgu9S7M9lX9K6qswiC79Lo5HrC_aau5kSLkY","method":"POST","body":{"title":"mencoba unutk awkkawka","description":"lorem ipsum descriptionawe test awlke hawe awkh akj h"}}
[2024-04-01 22:31:25] info: {"requestDate":1711985485602,"host":"localhost:3001","method":"POST","body":{"username":"username1d2","password":"x x x x x","confirmPassword":"x x x x x"}}
[2024-04-01 22:32:16] info: connected rsmq
[2024-04-01 22:32:16] info: you are listened localhost:3001
[2024-04-01 22:32:17] info: Connection has been established successfully.
[2024-04-01 22:32:17] info: Models synchronized with database.
[2024-04-01 22:32:29] info: connected rsmq
[2024-04-01 22:32:29] info: you are listened localhost:3001
[2024-04-01 22:32:29] info: Connection has been established successfully.
[2024-04-01 22:32:29] info: Models synchronized with database.
[2024-04-01 22:32:32] info: {"requestDate":1711985552197,"host":"localhost:3001","method":"POST","body":{"username":"username1d2","password":"x x x x x","confirmPassword":"x x x x x"}}
[2024-04-01 22:32:37] info: {"requestDate":1711985557269,"host":"localhost:3001","authorization":"Bearer eyJhbGciOiJIUzI1NiIsInR5cCI6IkpXVCJ9.eyJkYXRhIjp7InVzZXJuYW1lIjoidXNlcm5hbWUxZDIiLCJuYW1lIjoidGVzdCJ9LCJpYXQiOjE3MTE5ODU1NTIsImV4cCI6MTcxMTk4OTE1Mn0.tDVgJ6v7H-96hY9wObktGyeARPLynhs6FSWE_5SFfwc","method":"POST","body":{"title":"mencoba unutk awkkawka","description":"lorem ipsum descriptionawe test awlke hawe awkh akj h"}}
[2024-04-01 22:32:37] error: err: Queue not found
[2024-04-01 22:32:40] info: {"requestDate":1711985560488,"host":"localhost:3001","authorization":"Bearer eyJhbGciOiJIUzI1NiIsInR5cCI6IkpXVCJ9.eyJkYXRhIjp7InVzZXJuYW1lIjoidXNlcm5hbWUxZDIiLCJuYW1lIjoidGVzdCJ9LCJpYXQiOjE3MTE5ODU1NTIsImV4cCI6MTcxMTk4OTE1Mn0.tDVgJ6v7H-96hY9wObktGyeARPLynhs6FSWE_5SFfwc","method":"GET","body":{}}
[2024-04-01 22:32:40] info: AOWKEOWEK
[2024-04-01 22:32:40] error: Queue not found
[2024-04-01 22:32:57] info: connected rsmq
[2024-04-01 22:32:58] info: you are listened localhost:3001
[2024-04-01 22:32:58] info: Connection has been established successfully.
[2024-04-01 22:32:58] info: Models synchronized with database.
[2024-04-01 22:33:01] info: {"requestDate":1711985581087,"host":"localhost:3001","authorization":"Bearer eyJhbGciOiJIUzI1NiIsInR5cCI6IkpXVCJ9.eyJkYXRhIjp7InVzZXJuYW1lIjoidXNlcm5hbWUxZDIiLCJuYW1lIjoidGVzdCJ9LCJpYXQiOjE3MTE5ODU1NTIsImV4cCI6MTcxMTk4OTE1Mn0.tDVgJ6v7H-96hY9wObktGyeARPLynhs6FSWE_5SFfwc","method":"GET","body":{}}
[2024-04-01 22:33:01] info: AOWKEOWEK
[2024-04-01 22:33:01] error: Queue not found
[2024-04-01 22:33:54] info: connected rsmq
[2024-04-01 22:33:55] info: you are listened localhost:3001
[2024-04-01 22:33:55] info: Connection has been established successfully.
[2024-04-01 22:33:55] info: Models synchronized with database.
[2024-04-01 22:34:03] info: connected rsmq
[2024-04-01 22:34:03] info: you are listened localhost:3001
[2024-04-01 22:34:04] info: Connection has been established successfully.
[2024-04-01 22:34:04] info: Models synchronized with database.
[2024-04-01 22:34:05] info: {"requestDate":1711985645978,"host":"localhost:3001","authorization":"Bearer eyJhbGciOiJIUzI1NiIsInR5cCI6IkpXVCJ9.eyJkYXRhIjp7InVzZXJuYW1lIjoidXNlcm5hbWUxZDIiLCJuYW1lIjoidGVzdCJ9LCJpYXQiOjE3MTE5ODU1NTIsImV4cCI6MTcxMTk4OTE1Mn0.tDVgJ6v7H-96hY9wObktGyeARPLynhs6FSWE_5SFfwc","method":"GET","body":{}}
[2024-04-01 22:34:06] info: AOWKEOWEK
[2024-04-01 22:34:06] error: Queue not found
[2024-04-01 22:35:08] info: connected rsmq
[2024-04-01 22:35:09] info: you are listened localhost:3001
[2024-04-01 22:35:11] info: connected rsmq
[2024-04-01 22:35:12] info: you are listened localhost:3001
[2024-04-01 22:35:12] info: Connection has been established successfully.
[2024-04-01 22:35:12] info: Models synchronized with database.
[2024-04-01 22:35:16] info: {"requestDate":1711985716098,"host":"localhost:3001","authorization":"Bearer eyJhbGciOiJIUzI1NiIsInR5cCI6IkpXVCJ9.eyJkYXRhIjp7InVzZXJuYW1lIjoidXNlcm5hbWUxZDIiLCJuYW1lIjoidGVzdCJ9LCJpYXQiOjE3MTE5ODU1NTIsImV4cCI6MTcxMTk4OTE1Mn0.tDVgJ6v7H-96hY9wObktGyeARPLynhs6FSWE_5SFfwc","method":"GET","body":{}}
[2024-04-01 22:35:16] info: AOWKEOWEK
[2024-04-01 22:35:16] error: Queue not found
[2024-04-01 22:35:36] info: connected rsmq
[2024-04-01 22:35:37] info: you are listened localhost:3001
[2024-04-01 22:35:37] info: Connection has been established successfully.
[2024-04-01 22:35:37] info: Models synchronized with database.
[2024-04-01 22:36:09] info: connected rsmq
[2024-04-01 22:36:09] info: you are listened localhost:3001
[2024-04-01 22:36:10] info: Connection has been established successfully.
[2024-04-01 22:36:10] info: Models synchronized with database.
[2024-04-01 22:36:12] info: {"requestDate":1711985772655,"host":"localhost:3001","authorization":"Bearer eyJhbGciOiJIUzI1NiIsInR5cCI6IkpXVCJ9.eyJkYXRhIjp7InVzZXJuYW1lIjoidXNlcm5hbWUxZDIiLCJuYW1lIjoidGVzdCJ9LCJpYXQiOjE3MTE5ODU1NTIsImV4cCI6MTcxMTk4OTE1Mn0.tDVgJ6v7H-96hY9wObktGyeARPLynhs6FSWE_5SFfwc","method":"GET","body":{}}
[2024-04-01 22:36:12] error: Queue exists
[2024-04-01 22:36:12] error: uncaughtException: Queue exists
queueExists: Queue exists
    at RedisSMQ._handleError (E:\PROJECT_NODE\coding-interview\setup-requirement-arvis\node_modules\rsmq\index.js:424:24)
    at Multi.callback (E:\PROJECT_NODE\coding-interview\setup-requirement-arvis\node_modules\rsmq\index.js:109:30)
    at multi_callback (E:\PROJECT_NODE\coding-interview\setup-requirement-arvis\node_modules\rsmq\node_modules\redis\lib\multi.js:89:14)
    at Command.callback (E:\PROJECT_NODE\coding-interview\setup-requirement-arvis\node_modules\rsmq\node_modules\redis\lib\multi.js:116:9)
    at normal_reply (E:\PROJECT_NODE\coding-interview\setup-requirement-arvis\node_modules\rsmq\node_modules\redis\index.js:655:21)
    at RedisClient.return_reply (E:\PROJECT_NODE\coding-interview\setup-requirement-arvis\node_modules\rsmq\node_modules\redis\index.js:753:9)
    at JavascriptRedisParser.returnReply (E:\PROJECT_NODE\coding-interview\setup-requirement-arvis\node_modules\rsmq\node_modules\redis\index.js:138:18)
    at JavascriptRedisParser.execute (E:\PROJECT_NODE\coding-interview\setup-requirement-arvis\node_modules\redis-parser\lib\parser.js:544:14)
    at Socket.<anonymous> (E:\PROJECT_NODE\coding-interview\setup-requirement-arvis\node_modules\rsmq\node_modules\redis\index.js:219:27)
    at Socket.emit (node:events:514:28)
[2024-04-01 22:37:45] error: uncaughtException: Unexpected token ')'
E:\PROJECT_NODE\coding-interview\setup-requirement-arvis\src\config\rsmq.js:113
  });
   ^

SyntaxError: Unexpected token ')'
    at internalCompileFunction (node:internal/vm:77:18)
    at wrapSafe (node:internal/modules/cjs/loader:1288:20)
    at Module._compile (node:internal/modules/cjs/loader:1340:27)
    at Module._extensions..js (node:internal/modules/cjs/loader:1435:10)
    at Module.load (node:internal/modules/cjs/loader:1207:32)
    at Module._load (node:internal/modules/cjs/loader:1023:12)
    at Module.require (node:internal/modules/cjs/loader:1235:19)
    at require (node:internal/modules/helpers:176:18)
    at Object.<anonymous> (E:\PROJECT_NODE\coding-interview\setup-requirement-arvis\server.js:18:1)
    at Module._compile (node:internal/modules/cjs/loader:1376:14)
[2024-04-01 22:37:45] info: Connection has been established successfully.
[2024-04-01 22:37:45] info: Models synchronized with database.
[2024-04-01 22:37:56] info: connected rsmq
[2024-04-01 22:37:56] info: you are listened localhost:3001
[2024-04-01 22:37:57] info: Connection has been established successfully.
[2024-04-01 22:37:57] info: Models synchronized with database.
[2024-04-01 22:38:00] info: {"requestDate":1711985880626,"host":"localhost:3001","authorization":"Bearer eyJhbGciOiJIUzI1NiIsInR5cCI6IkpXVCJ9.eyJkYXRhIjp7InVzZXJuYW1lIjoidXNlcm5hbWUxZDIiLCJuYW1lIjoidGVzdCJ9LCJpYXQiOjE3MTE5ODU1NTIsImV4cCI6MTcxMTk4OTE1Mn0.tDVgJ6v7H-96hY9wObktGyeARPLynhs6FSWE_5SFfwc","method":"GET","body":{}}
[2024-04-01 22:38:00] error: Queue exists
[2024-04-01 22:38:00] error: uncaughtException: Queue exists
queueExists: Queue exists
    at RedisSMQ._handleError (E:\PROJECT_NODE\coding-interview\setup-requirement-arvis\node_modules\rsmq\index.js:424:24)
    at Multi.callback (E:\PROJECT_NODE\coding-interview\setup-requirement-arvis\node_modules\rsmq\index.js:109:30)
    at multi_callback (E:\PROJECT_NODE\coding-interview\setup-requirement-arvis\node_modules\rsmq\node_modules\redis\lib\multi.js:89:14)
    at Command.callback (E:\PROJECT_NODE\coding-interview\setup-requirement-arvis\node_modules\rsmq\node_modules\redis\lib\multi.js:116:9)
    at normal_reply (E:\PROJECT_NODE\coding-interview\setup-requirement-arvis\node_modules\rsmq\node_modules\redis\index.js:655:21)
    at RedisClient.return_reply (E:\PROJECT_NODE\coding-interview\setup-requirement-arvis\node_modules\rsmq\node_modules\redis\index.js:753:9)
    at JavascriptRedisParser.returnReply (E:\PROJECT_NODE\coding-interview\setup-requirement-arvis\node_modules\rsmq\node_modules\redis\index.js:138:18)
    at JavascriptRedisParser.execute (E:\PROJECT_NODE\coding-interview\setup-requirement-arvis\node_modules\redis-parser\lib\parser.js:544:14)
    at Socket.<anonymous> (E:\PROJECT_NODE\coding-interview\setup-requirement-arvis\node_modules\rsmq\node_modules\redis\index.js:219:27)
    at Socket.emit (node:events:514:28)
[2024-04-01 22:40:36] info: connected rsmq
[2024-04-01 22:40:37] info: you are listened localhost:3001
[2024-04-01 22:40:37] info: Connection has been established successfully.
[2024-04-01 22:40:37] info: Models synchronized with database.
[2024-04-01 22:40:43] info: connected rsmq
[2024-04-01 22:40:44] info: you are listened localhost:3001
[2024-04-01 22:40:44] info: Connection has been established successfully.
[2024-04-01 22:40:44] info: Models synchronized with database.
[2024-04-01 22:40:49] info: connected rsmq
[2024-04-01 22:40:50] info: you are listened localhost:3001
[2024-04-01 22:40:50] info: Connection has been established successfully.
[2024-04-01 22:40:50] info: Models synchronized with database.
[2024-04-01 22:40:51] info: {"requestDate":1711986051840,"host":"localhost:3001","authorization":"Bearer eyJhbGciOiJIUzI1NiIsInR5cCI6IkpXVCJ9.eyJkYXRhIjp7InVzZXJuYW1lIjoidXNlcm5hbWUxZDIiLCJuYW1lIjoidGVzdCJ9LCJpYXQiOjE3MTE5ODU1NTIsImV4cCI6MTcxMTk4OTE1Mn0.tDVgJ6v7H-96hY9wObktGyeARPLynhs6FSWE_5SFfwc","method":"GET","body":{}}
[2024-04-01 22:40:52] error: Queue exists
[2024-04-01 22:40:52] error: uncaughtException: Queue exists
queueExists: Queue exists
    at RedisSMQ._handleError (E:\PROJECT_NODE\coding-interview\setup-requirement-arvis\node_modules\rsmq\index.js:424:24)
    at Multi.callback (E:\PROJECT_NODE\coding-interview\setup-requirement-arvis\node_modules\rsmq\index.js:109:30)
    at multi_callback (E:\PROJECT_NODE\coding-interview\setup-requirement-arvis\node_modules\rsmq\node_modules\redis\lib\multi.js:89:14)
    at Command.callback (E:\PROJECT_NODE\coding-interview\setup-requirement-arvis\node_modules\rsmq\node_modules\redis\lib\multi.js:116:9)
    at normal_reply (E:\PROJECT_NODE\coding-interview\setup-requirement-arvis\node_modules\rsmq\node_modules\redis\index.js:655:21)
    at RedisClient.return_reply (E:\PROJECT_NODE\coding-interview\setup-requirement-arvis\node_modules\rsmq\node_modules\redis\index.js:753:9)
    at JavascriptRedisParser.returnReply (E:\PROJECT_NODE\coding-interview\setup-requirement-arvis\node_modules\rsmq\node_modules\redis\index.js:138:18)
    at JavascriptRedisParser.execute (E:\PROJECT_NODE\coding-interview\setup-requirement-arvis\node_modules\redis-parser\lib\parser.js:544:14)
    at Socket.<anonymous> (E:\PROJECT_NODE\coding-interview\setup-requirement-arvis\node_modules\rsmq\node_modules\redis\index.js:219:27)
    at Socket.emit (node:events:514:28)
[2024-04-01 22:41:54] info: connected rsmq
[2024-04-01 22:41:55] info: you are listened localhost:3001
[2024-04-01 22:41:55] info: Connection has been established successfully.
[2024-04-01 22:41:55] info: Models synchronized with database.
[2024-04-01 22:41:56] info: {"requestDate":1711986116942,"host":"localhost:3001","authorization":"Bearer eyJhbGciOiJIUzI1NiIsInR5cCI6IkpXVCJ9.eyJkYXRhIjp7InVzZXJuYW1lIjoidXNlcm5hbWUxZDIiLCJuYW1lIjoidGVzdCJ9LCJpYXQiOjE3MTE5ODU1NTIsImV4cCI6MTcxMTk4OTE1Mn0.tDVgJ6v7H-96hY9wObktGyeARPLynhs6FSWE_5SFfwc","method":"GET","body":{}}
[2024-04-01 22:41:57] error: Queue exists
[2024-04-01 22:41:57] error: uncaughtException: Queue exists
queueExists: Queue exists
    at RedisSMQ._handleError (E:\PROJECT_NODE\coding-interview\setup-requirement-arvis\node_modules\rsmq\index.js:424:24)
    at Multi.callback (E:\PROJECT_NODE\coding-interview\setup-requirement-arvis\node_modules\rsmq\index.js:109:30)
    at multi_callback (E:\PROJECT_NODE\coding-interview\setup-requirement-arvis\node_modules\rsmq\node_modules\redis\lib\multi.js:89:14)
    at Command.callback (E:\PROJECT_NODE\coding-interview\setup-requirement-arvis\node_modules\rsmq\node_modules\redis\lib\multi.js:116:9)
    at normal_reply (E:\PROJECT_NODE\coding-interview\setup-requirement-arvis\node_modules\rsmq\node_modules\redis\index.js:655:21)
    at RedisClient.return_reply (E:\PROJECT_NODE\coding-interview\setup-requirement-arvis\node_modules\rsmq\node_modules\redis\index.js:753:9)
    at JavascriptRedisParser.returnReply (E:\PROJECT_NODE\coding-interview\setup-requirement-arvis\node_modules\rsmq\node_modules\redis\index.js:138:18)
    at JavascriptRedisParser.execute (E:\PROJECT_NODE\coding-interview\setup-requirement-arvis\node_modules\redis-parser\lib\parser.js:544:14)
    at Socket.<anonymous> (E:\PROJECT_NODE\coding-interview\setup-requirement-arvis\node_modules\rsmq\node_modules\redis\index.js:219:27)
    at Socket.emit (node:events:514:28)
[2024-04-01 22:43:08] info: connected rsmq
[2024-04-01 22:43:09] info: you are listened localhost:3001
[2024-04-01 22:43:09] info: Connection has been established successfully.
[2024-04-01 22:43:09] info: Models synchronized with database.
[2024-04-01 22:43:12] info: {"requestDate":1711986192098,"host":"localhost:3001","authorization":"Bearer eyJhbGciOiJIUzI1NiIsInR5cCI6IkpXVCJ9.eyJkYXRhIjp7InVzZXJuYW1lIjoidXNlcm5hbWUxZDIiLCJuYW1lIjoidGVzdCJ9LCJpYXQiOjE3MTE5ODU1NTIsImV4cCI6MTcxMTk4OTE1Mn0.tDVgJ6v7H-96hY9wObktGyeARPLynhs6FSWE_5SFfwc","method":"GET","body":{}}
[2024-04-01 22:43:12] error: Queue exists
[2024-04-01 22:43:12] error: uncaughtException: Queue exists
queueExists: Queue exists
    at RedisSMQ._handleError (E:\PROJECT_NODE\coding-interview\setup-requirement-arvis\node_modules\rsmq\index.js:424:24)
    at Multi.callback (E:\PROJECT_NODE\coding-interview\setup-requirement-arvis\node_modules\rsmq\index.js:109:30)
    at multi_callback (E:\PROJECT_NODE\coding-interview\setup-requirement-arvis\node_modules\rsmq\node_modules\redis\lib\multi.js:89:14)
    at Command.callback (E:\PROJECT_NODE\coding-interview\setup-requirement-arvis\node_modules\rsmq\node_modules\redis\lib\multi.js:116:9)
    at normal_reply (E:\PROJECT_NODE\coding-interview\setup-requirement-arvis\node_modules\rsmq\node_modules\redis\index.js:655:21)
    at RedisClient.return_reply (E:\PROJECT_NODE\coding-interview\setup-requirement-arvis\node_modules\rsmq\node_modules\redis\index.js:753:9)
    at JavascriptRedisParser.returnReply (E:\PROJECT_NODE\coding-interview\setup-requirement-arvis\node_modules\rsmq\node_modules\redis\index.js:138:18)
    at JavascriptRedisParser.execute (E:\PROJECT_NODE\coding-interview\setup-requirement-arvis\node_modules\redis-parser\lib\parser.js:544:14)
    at Socket.<anonymous> (E:\PROJECT_NODE\coding-interview\setup-requirement-arvis\node_modules\rsmq\node_modules\redis\index.js:219:27)
    at Socket.emit (node:events:514:28)
[2024-04-01 22:44:29] info: connected rsmq
[2024-04-01 22:44:30] info: you are listened localhost:3001
[2024-04-01 22:44:30] info: Connection has been established successfully.
[2024-04-01 22:44:30] info: Models synchronized with database.
[2024-04-01 22:44:33] info: {"requestDate":1711986273647,"host":"localhost:3001","authorization":"Bearer eyJhbGciOiJIUzI1NiIsInR5cCI6IkpXVCJ9.eyJkYXRhIjp7InVzZXJuYW1lIjoidXNlcm5hbWUxZDIiLCJuYW1lIjoidGVzdCJ9LCJpYXQiOjE3MTE5ODU1NTIsImV4cCI6MTcxMTk4OTE1Mn0.tDVgJ6v7H-96hY9wObktGyeARPLynhs6FSWE_5SFfwc","method":"GET","body":{}}
[2024-04-01 22:45:00] info: connected rsmq
[2024-04-01 22:45:01] info: you are listened localhost:3001
[2024-04-01 22:45:01] info: Connection has been established successfully.
[2024-04-01 22:45:01] info: Models synchronized with database.
[2024-04-01 22:45:06] info: {"requestDate":1711986306300,"host":"localhost:3001","authorization":"Bearer eyJhbGciOiJIUzI1NiIsInR5cCI6IkpXVCJ9.eyJkYXRhIjp7InVzZXJuYW1lIjoidXNlcm5hbWUxZDIiLCJuYW1lIjoidGVzdCJ9LCJpYXQiOjE3MTE5ODU1NTIsImV4cCI6MTcxMTk4OTE1Mn0.tDVgJ6v7H-96hY9wObktGyeARPLynhs6FSWE_5SFfwc","method":"GET","body":{}}
[2024-04-01 22:45:27] info: connected rsmq
[2024-04-01 22:45:27] info: you are listened localhost:3001
[2024-04-01 22:45:27] info: Connection has been established successfully.
[2024-04-01 22:45:27] info: Models synchronized with database.
[2024-04-01 22:45:30] info: {"requestDate":1711986330751,"host":"localhost:3001","authorization":"Bearer eyJhbGciOiJIUzI1NiIsInR5cCI6IkpXVCJ9.eyJkYXRhIjp7InVzZXJuYW1lIjoidXNlcm5hbWUxZDIiLCJuYW1lIjoidGVzdCJ9LCJpYXQiOjE3MTE5ODU1NTIsImV4cCI6MTcxMTk4OTE1Mn0.tDVgJ6v7H-96hY9wObktGyeARPLynhs6FSWE_5SFfwc","method":"GET","body":{}}
