[2024-04-02 04:18:21] info: connected rsmq
[2024-04-02 04:18:21] info: you are listened localhost:3001
[2024-04-02 04:18:21] info: Connection has been established successfully.
[2024-04-02 04:18:21] info: Models synchronized with database.
[2024-04-02 04:19:34] info: connected rsmq
[2024-04-02 04:19:35] info: you are listened localhost:3001
[2024-04-02 04:19:35] info: Connection has been established successfully.
[2024-04-02 04:19:35] info: Models synchronized with database.
[2024-04-02 04:19:59] info: connected rsmq
[2024-04-02 04:19:59] info: you are listened localhost:3001
[2024-04-02 04:19:59] info: Database Mongodb Connected
[2024-04-02 04:19:59] info: Connection has been established successfully.
[2024-04-02 04:20:00] info: Models synchronized with database.
[2024-04-02 04:20:21] info: connected rsmq
[2024-04-02 04:20:21] info: you are listened localhost:3001
[2024-04-02 04:20:22] info: Database Mongodb Connected
[2024-04-02 04:20:22] info: Connection has been established successfully.
[2024-04-02 04:20:22] info: Models synchronized with database.
[2024-04-02 04:20:31] info: connected rsmq
[2024-04-02 04:20:31] info: you are listened localhost:3001
[2024-04-02 04:20:31] info: Database Mongodb Connected
[2024-04-02 04:20:31] info: Connection has been established successfully.
[2024-04-02 04:20:31] info: Models synchronized with database.
[2024-04-02 04:20:39] info: connected rsmq
[2024-04-02 04:20:40] info: you are listened localhost:3001
[2024-04-02 04:20:40] info: Database Mongodb Connected
[2024-04-02 04:20:40] info: Connection has been established successfully.
[2024-04-02 04:20:40] info: Models synchronized with database.
[2024-04-02 04:20:54] info: connected rsmq
[2024-04-02 04:20:54] info: you are listened localhost:3001
[2024-04-02 04:20:54] info: Database Mongodb Connected
[2024-04-02 04:20:54] info: Connection has been established successfully.
[2024-04-02 04:20:54] info: Models synchronized with database.
[2024-04-02 04:21:18] info: connected rsmq
[2024-04-02 04:21:18] info: you are listened localhost:3001
[2024-04-02 04:21:18] info: Database Mongodb Connected
[2024-04-02 04:21:18] info: Connection has been established successfully.
[2024-04-02 04:21:18] info: Models synchronized with database.
[2024-04-02 04:21:38] info: connected rsmq
[2024-04-02 04:21:38] info: you are listened localhost:3001
[2024-04-02 04:21:39] info: Database Mongodb Connected
[2024-04-02 04:21:39] info: Connection has been established successfully.
[2024-04-02 04:21:39] info: Models synchronized with database.
[2024-04-02 04:21:55] info: connected rsmq
[2024-04-02 04:21:56] info: you are listened localhost:3001
[2024-04-02 04:21:56] info: Database Mongodb Connected
[2024-04-02 04:21:56] info: Connection has been established successfully.
[2024-04-02 04:21:56] info: Models synchronized with database.
