[2024-03-30 23:00:14] info: connected rsmq
[2024-03-30 23:00:14] info: you are listened localhost:3001
[2024-03-30 23:00:41] info: connected rsmq
[2024-03-30 23:00:41] info: you are listened localhost:3001
[2024-03-30 23:03:36] info: connected rsmq
[2024-03-30 23:03:36] info: you are listened localhost:3001
[2024-03-30 23:03:44] info: connected rsmq
[2024-03-30 23:03:44] info: you are listened localhost:3001
[2024-03-30 23:03:50] info: connected rsmq
[2024-03-30 23:03:50] info: you are listened localhost:3001
[2024-03-30 23:03:56] info: connected rsmq
[2024-03-30 23:03:56] info: you are listened localhost:3001
[2024-03-30 23:04:01] info: connected rsmq
[2024-03-30 23:04:01] info: you are listened localhost:3001
[2024-03-30 23:25:00] info: connected rsmq
[2024-03-30 23:25:00] error: uncaughtException: express is not defined
ReferenceError: express is not defined
    at Object.<anonymous> (E:\PROJECT_NODE\coding-interview\setup-requirement-arvis\src\modules\companies\validation.js:7:13)
    at Module._compile (node:internal/modules/cjs/loader:1376:14)
    at Module._extensions..js (node:internal/modules/cjs/loader:1435:10)
    at Module.load (node:internal/modules/cjs/loader:1207:32)
    at Module._load (node:internal/modules/cjs/loader:1023:12)
    at Module.require (node:internal/modules/cjs/loader:1235:19)
    at require (node:internal/modules/helpers:176:18)
    at Object.<anonymous> (E:\PROJECT_NODE\coding-interview\setup-requirement-arvis\src\router\globals\index.js:4:21)
    at Module._compile (node:internal/modules/cjs/loader:1376:14)
    at Module._extensions..js (node:internal/modules/cjs/loader:1435:10)
[2024-03-30 23:25:13] info: connected rsmq
[2024-03-30 23:25:14] info: you are listened localhost:3001
[2024-03-30 23:25:20] info: sending message
[2024-03-30 23:25:20] info: pushed new message into queue
[2024-03-30 23:25:20] info: Message received. Hello World at 2024-03-30T14:08:55.212Z
[2024-03-30 23:25:38] info: connected rsmq
[2024-03-30 23:25:38] info: you are listened localhost:3001
[2024-03-30 23:25:39] info: sending message
[2024-03-30 23:25:39] info: pushed new message into queue
[2024-03-30 23:25:39] info: Message received. Hello World at 2024-03-30T14:09:19.032Z
[2024-03-30 23:26:07] info: connected rsmq
[2024-03-30 23:26:08] info: you are listened localhost:3001
[2024-03-30 23:27:07] info: connected rsmq
[2024-03-30 23:27:08] info: you are listened localhost:3001
[2024-03-30 23:27:27] info: connected rsmq
[2024-03-30 23:27:28] info: you are listened localhost:3001
[2024-03-30 23:27:34] info: connected rsmq
[2024-03-30 23:27:34] info: you are listened localhost:3001
[2024-03-30 23:27:41] info: connected rsmq
[2024-03-30 23:27:41] info: you are listened localhost:3001
[2024-03-30 23:29:51] info: connected rsmq
[2024-03-30 23:29:52] info: you are listened localhost:3001
[2024-03-30 23:29:57] error: uncaughtException: result.isEmpty is not a function
TypeError: result.isEmpty is not a function
    at postCompany (E:\PROJECT_NODE\coding-interview\setup-requirement-arvis\src\modules\companies\validation.js:9:15)
    at process.processTicksAndRejections (node:internal/process/task_queues:95:5)
[2024-03-30 23:30:07] info: connected rsmq
[2024-03-30 23:30:07] info: you are listened localhost:3001
[2024-03-30 23:30:09] error: uncaughtException: result.isEmpty is not a function
TypeError: result.isEmpty is not a function
    at postCompany (E:\PROJECT_NODE\coding-interview\setup-requirement-arvis\src\modules\companies\validation.js:9:15)
    at process.processTicksAndRejections (node:internal/process/task_queues:95:5)
[2024-03-30 23:30:23] info: connected rsmq
[2024-03-30 23:30:23] info: you are listened localhost:3001
[2024-03-30 23:30:24] error: uncaughtException: result.isEmpty is not a function
TypeError: result.isEmpty is not a function
    at postCompany (E:\PROJECT_NODE\coding-interview\setup-requirement-arvis\src\modules\companies\validation.js:9:15)
    at process.processTicksAndRejections (node:internal/process/task_queues:95:5)
[2024-03-30 23:30:39] info: connected rsmq
[2024-03-30 23:30:39] info: you are listened localhost:3001
[2024-03-30 23:31:00] info: connected rsmq
[2024-03-30 23:31:00] info: you are listened localhost:3001
[2024-03-30 23:33:40] info: connected rsmq
[2024-03-30 23:33:40] error: uncaughtException: validationResult is not defined
ReferenceError: validationResult is not defined
    at Object.<anonymous> (E:\PROJECT_NODE\coding-interview\setup-requirement-arvis\src\modules\companies\validation.js:3:28)
    at Module._compile (node:internal/modules/cjs/loader:1376:14)
    at Module._extensions..js (node:internal/modules/cjs/loader:1435:10)
    at Module.load (node:internal/modules/cjs/loader:1207:32)
    at Module._load (node:internal/modules/cjs/loader:1023:12)
    at Module.require (node:internal/modules/cjs/loader:1235:19)
    at require (node:internal/modules/helpers:176:18)
    at Object.<anonymous> (E:\PROJECT_NODE\coding-interview\setup-requirement-arvis\src\router\globals\index.js:4:21)
    at Module._compile (node:internal/modules/cjs/loader:1376:14)
    at Module._extensions..js (node:internal/modules/cjs/loader:1435:10)
[2024-03-30 23:33:48] info: connected rsmq
[2024-03-30 23:33:49] info: you are listened localhost:3001
[2024-03-30 23:34:04] info: connected rsmq
[2024-03-30 23:34:04] info: you are listened localhost:3001
[2024-03-30 23:34:19] info: connected rsmq
[2024-03-30 23:34:19] info: you are listened localhost:3001
[2024-03-30 23:35:15] info: connected rsmq
[2024-03-30 23:35:15] info: you are listened localhost:3001
[2024-03-30 23:35:28] info: connected rsmq
[2024-03-30 23:35:28] info: you are listened localhost:3001
