[2024-03-30 22:34:06] error: uncaughtException: Cannot use import statement outside a module
E:\PROJECT_NODE\coding-interview\setup-requirement-arvis\src\config\prisma.js:1
import { PrismaClient } from '@prisma/client'
^^^^^^

SyntaxError: Cannot use import statement outside a module
    at internalCompileFunction (node:internal/vm:77:18)
    at wrapSafe (node:internal/modules/cjs/loader:1288:20)
    at Module._compile (node:internal/modules/cjs/loader:1340:27)
    at Module._extensions..js (node:internal/modules/cjs/loader:1435:10)
    at Module.load (node:internal/modules/cjs/loader:1207:32)
    at Module._load (node:internal/modules/cjs/loader:1023:12)
    at Module.require (node:internal/modules/cjs/loader:1235:19)
    at require (node:internal/modules/helpers:176:18)
    at Object.<anonymous> (E:\PROJECT_NODE\coding-interview\setup-requirement-arvis\server.js:7:16)
    at Module._compile (node:internal/modules/cjs/loader:1376:14)
[2024-03-30 22:34:40] error: uncaughtException: Cannot use import statement outside a module
E:\PROJECT_NODE\coding-interview\setup-requirement-arvis\src\config\prisma.js:1
import { PrismaClient } from "@prisma/client";
^^^^^^

SyntaxError: Cannot use import statement outside a module
    at internalCompileFunction (node:internal/vm:77:18)
    at wrapSafe (node:internal/modules/cjs/loader:1288:20)
    at Module._compile (node:internal/modules/cjs/loader:1340:27)
    at Module._extensions..js (node:internal/modules/cjs/loader:1435:10)
    at Module.load (node:internal/modules/cjs/loader:1207:32)
    at Module._load (node:internal/modules/cjs/loader:1023:12)
    at Module.require (node:internal/modules/cjs/loader:1235:19)
    at require (node:internal/modules/helpers:176:18)
    at Object.<anonymous> (E:\PROJECT_NODE\coding-interview\setup-requirement-arvis\server.js:7:16)
    at Module._compile (node:internal/modules/cjs/loader:1376:14)
[2024-03-30 22:40:45] error: uncaughtException: Cannot use import statement outside a module
E:\PROJECT_NODE\coding-interview\setup-requirement-arvis\src\config\prisma.js:1
import { PrismaClient } from "@prisma/client";
^^^^^^

SyntaxError: Cannot use import statement outside a module
    at internalCompileFunction (node:internal/vm:77:18)
    at wrapSafe (node:internal/modules/cjs/loader:1288:20)
    at Module._compile (node:internal/modules/cjs/loader:1340:27)
    at Module._extensions..js (node:internal/modules/cjs/loader:1435:10)
    at Module.load (node:internal/modules/cjs/loader:1207:32)
    at Module._load (node:internal/modules/cjs/loader:1023:12)
    at Module.require (node:internal/modules/cjs/loader:1235:19)
    at require (node:internal/modules/helpers:176:18)
    at Object.<anonymous> (E:\PROJECT_NODE\coding-interview\setup-requirement-arvis\server.js:7:16)
    at Module._compile (node:internal/modules/cjs/loader:1376:14)
[2024-03-30 22:41:06] error: uncaughtException: PrismaClient is not a constructor
TypeError: PrismaClient is not a constructor
    at Object.<anonymous> (E:\PROJECT_NODE\coding-interview\setup-requirement-arvis\src\config\prisma.js:3:16)
    at Module._compile (node:internal/modules/cjs/loader:1376:14)
    at Module._extensions..js (node:internal/modules/cjs/loader:1435:10)
    at Module.load (node:internal/modules/cjs/loader:1207:32)
    at Module._load (node:internal/modules/cjs/loader:1023:12)
    at Module.require (node:internal/modules/cjs/loader:1235:19)
    at require (node:internal/modules/helpers:176:18)
    at Object.<anonymous> (E:\PROJECT_NODE\coding-interview\setup-requirement-arvis\server.js:7:16)
    at Module._compile (node:internal/modules/cjs/loader:1376:14)
    at Module._extensions..js (node:internal/modules/cjs/loader:1435:10)
[2024-03-30 22:41:49] error: uncaughtException: PrismaClient is not a constructor
TypeError: PrismaClient is not a constructor
    at Object.<anonymous> (E:\PROJECT_NODE\coding-interview\setup-requirement-arvis\src\config\prisma.js:4:16)
    at Module._compile (node:internal/modules/cjs/loader:1376:14)
    at Module._extensions..js (node:internal/modules/cjs/loader:1435:10)
    at Module.load (node:internal/modules/cjs/loader:1207:32)
    at Module._load (node:internal/modules/cjs/loader:1023:12)
    at Module.require (node:internal/modules/cjs/loader:1235:19)
    at require (node:internal/modules/helpers:176:18)
    at Object.<anonymous> (E:\PROJECT_NODE\coding-interview\setup-requirement-arvis\server.js:7:16)
    at Module._compile (node:internal/modules/cjs/loader:1376:14)
    at Module._extensions..js (node:internal/modules/cjs/loader:1435:10)
[2024-03-30 22:41:50] error: uncaughtException: PrismaClient is not a constructor
TypeError: PrismaClient is not a constructor
    at Object.<anonymous> (E:\PROJECT_NODE\coding-interview\setup-requirement-arvis\src\config\prisma.js:4:16)
    at Module._compile (node:internal/modules/cjs/loader:1376:14)
    at Module._extensions..js (node:internal/modules/cjs/loader:1435:10)
    at Module.load (node:internal/modules/cjs/loader:1207:32)
    at Module._load (node:internal/modules/cjs/loader:1023:12)
    at Module.require (node:internal/modules/cjs/loader:1235:19)
    at require (node:internal/modules/helpers:176:18)
    at Object.<anonymous> (E:\PROJECT_NODE\coding-interview\setup-requirement-arvis\server.js:7:16)
    at Module._compile (node:internal/modules/cjs/loader:1376:14)
    at Module._extensions..js (node:internal/modules/cjs/loader:1435:10)
[2024-03-30 22:41:51] error: uncaughtException: PrismaClient is not a constructor
TypeError: PrismaClient is not a constructor
    at Object.<anonymous> (E:\PROJECT_NODE\coding-interview\setup-requirement-arvis\src\config\prisma.js:3:16)
    at Module._compile (node:internal/modules/cjs/loader:1376:14)
    at Module._extensions..js (node:internal/modules/cjs/loader:1435:10)
    at Module.load (node:internal/modules/cjs/loader:1207:32)
    at Module._load (node:internal/modules/cjs/loader:1023:12)
    at Module.require (node:internal/modules/cjs/loader:1235:19)
    at require (node:internal/modules/helpers:176:18)
    at Object.<anonymous> (E:\PROJECT_NODE\coding-interview\setup-requirement-arvis\server.js:7:16)
    at Module._compile (node:internal/modules/cjs/loader:1376:14)
    at Module._extensions..js (node:internal/modules/cjs/loader:1435:10)
[2024-03-30 22:41:54] error: uncaughtException: PrismaClient is not a constructor
TypeError: PrismaClient is not a constructor
    at Object.<anonymous> (E:\PROJECT_NODE\coding-interview\setup-requirement-arvis\src\config\prisma.js:3:16)
    at Module._compile (node:internal/modules/cjs/loader:1376:14)
    at Module._extensions..js (node:internal/modules/cjs/loader:1435:10)
    at Module.load (node:internal/modules/cjs/loader:1207:32)
    at Module._load (node:internal/modules/cjs/loader:1023:12)
    at Module.require (node:internal/modules/cjs/loader:1235:19)
    at require (node:internal/modules/helpers:176:18)
    at Object.<anonymous> (E:\PROJECT_NODE\coding-interview\setup-requirement-arvis\server.js:7:16)
    at Module._compile (node:internal/modules/cjs/loader:1376:14)
    at Module._extensions..js (node:internal/modules/cjs/loader:1435:10)
[2024-03-30 22:43:15] error: uncaughtException: PrismaClient is not a constructor
TypeError: PrismaClient is not a constructor
    at Object.<anonymous> (E:\PROJECT_NODE\coding-interview\setup-requirement-arvis\src\config\prisma.js:3:16)
    at Module._compile (node:internal/modules/cjs/loader:1376:14)
    at Module._extensions..js (node:internal/modules/cjs/loader:1435:10)
    at Module.load (node:internal/modules/cjs/loader:1207:32)
    at Module._load (node:internal/modules/cjs/loader:1023:12)
    at Module.require (node:internal/modules/cjs/loader:1235:19)
    at require (node:internal/modules/helpers:176:18)
    at Object.<anonymous> (E:\PROJECT_NODE\coding-interview\setup-requirement-arvis\server.js:7:16)
    at Module._compile (node:internal/modules/cjs/loader:1376:14)
    at Module._extensions..js (node:internal/modules/cjs/loader:1435:10)
[2024-03-30 22:44:44] info: connected rsmq
[2024-03-30 22:44:44] info: you are listened localhost:3001
[2024-03-30 22:45:42] error: uncaughtException: Unexpected token ')'
E:\PROJECT_NODE\coding-interview\setup-requirement-arvis\src\config\prisma.js:19
  });
   ^

SyntaxError: Unexpected token ')'
    at internalCompileFunction (node:internal/vm:77:18)
    at wrapSafe (node:internal/modules/cjs/loader:1288:20)
    at Module._compile (node:internal/modules/cjs/loader:1340:27)
    at Module._extensions..js (node:internal/modules/cjs/loader:1435:10)
    at Module.load (node:internal/modules/cjs/loader:1207:32)
    at Module._load (node:internal/modules/cjs/loader:1023:12)
    at Module.require (node:internal/modules/cjs/loader:1235:19)
    at require (node:internal/modules/helpers:176:18)
    at Object.<anonymous> (E:\PROJECT_NODE\coding-interview\setup-requirement-arvis\server.js:7:16)
    at Module._compile (node:internal/modules/cjs/loader:1376:14)
[2024-03-30 22:45:42] error: uncaughtException: Unexpected token ')'
E:\PROJECT_NODE\coding-interview\setup-requirement-arvis\src\config\prisma.js:19
  });
   ^

SyntaxError: Unexpected token ')'
    at internalCompileFunction (node:internal/vm:77:18)
    at wrapSafe (node:internal/modules/cjs/loader:1288:20)
    at Module._compile (node:internal/modules/cjs/loader:1340:27)
    at Module._extensions..js (node:internal/modules/cjs/loader:1435:10)
    at Module.load (node:internal/modules/cjs/loader:1207:32)
    at Module._load (node:internal/modules/cjs/loader:1023:12)
    at Module.require (node:internal/modules/cjs/loader:1235:19)
    at require (node:internal/modules/helpers:176:18)
    at Object.<anonymous> (E:\PROJECT_NODE\coding-interview\setup-requirement-arvis\server.js:7:16)
    at Module._compile (node:internal/modules/cjs/loader:1376:14)
[2024-03-30 22:45:48] info: connected rsmq
[2024-03-30 22:45:48] info: you are listened localhost:3001
[2024-03-30 22:46:11] info: connected rsmq
[2024-03-30 22:46:11] info: you are listened localhost:3001
[2024-03-30 22:47:09] info: connected rsmq
[2024-03-30 22:47:09] info: you are listened localhost:3001
[2024-03-30 22:47:35] info: connected rsmq
[2024-03-30 22:47:35] info: you are listened localhost:3001
[2024-03-30 22:48:28] info: connected rsmq
[2024-03-30 22:48:28] info: you are listened localhost:3001
[2024-03-30 22:48:55] info: connected rsmq
[2024-03-30 22:48:55] info: you are listened localhost:3001
[2024-03-30 22:50:49] info: connected rsmq
[2024-03-30 22:50:49] info: you are listened localhost:3001
[2024-03-30 22:51:26] info: connected rsmq
[2024-03-30 22:51:26] info: you are listened localhost:3001
[2024-03-30 22:53:55] info: connected rsmq
[2024-03-30 22:53:55] info: you are listened localhost:3001
[2024-03-30 22:54:19] info: connected rsmq
[2024-03-30 22:54:19] info: you are listened localhost:3001
[2024-03-30 22:54:27] info: connected rsmq
[2024-03-30 22:54:27] info: you are listened localhost:3001
[2024-03-30 22:54:57] info: connected rsmq
[2024-03-30 22:54:57] info: you are listened localhost:3001
[2024-03-30 22:55:03] info: connected rsmq
[2024-03-30 22:55:03] info: you are listened localhost:3001
[2024-03-30 22:55:14] info: connected rsmq
[2024-03-30 22:55:14] info: you are listened localhost:3001
[2024-03-30 22:55:47] info: connected rsmq
[2024-03-30 22:55:47] info: you are listened localhost:3001
[2024-03-30 22:55:50] info: connected rsmq
[2024-03-30 22:55:50] info: you are listened localhost:3001
[2024-03-30 22:59:35] info: connected rsmq
[2024-03-30 22:59:35] info: you are listened localhost:3001
