[2024-04-01 01:00:00] info: {"requestDate":1711908000918,"host":"localhost:3001","authorization":"Bearer eyJhbGciOiJIUzI1NiJ9.e30.abPtj2htwsMpyds_HSy6wwTnlk5QaoW1Jcp0PPKbBY0","method":"GET","body":{}}
[2024-04-01 01:00:31] info: connected rsmq
[2024-04-01 01:00:32] info: you are listened localhost:3001
[2024-04-01 01:00:33] info: Connection has been established successfully.
[2024-04-01 01:00:33] info: Models synchronized with database.
[2024-04-01 01:00:38] info: {"requestDate":1711908038775,"host":"localhost:3001","method":"POST","body":{"username":"username1d2","password":"x x x x x","confirmPassword":"x x x x x"}}
[2024-04-01 01:00:58] info: connected rsmq
[2024-04-01 01:00:59] error: uncaughtException: Unexpected token '{'
E:\PROJECT_NODE\coding-interview\setup-requirement-arvis\src\modules\auths\service.js:46
        {
        ^

SyntaxError: Unexpected token '{'
    at internalCompileFunction (node:internal/vm:77:18)
    at wrapSafe (node:internal/modules/cjs/loader:1288:20)
    at Module._compile (node:internal/modules/cjs/loader:1340:27)
    at Module._extensions..js (node:internal/modules/cjs/loader:1435:10)
    at Module.load (node:internal/modules/cjs/loader:1207:32)
    at Module._load (node:internal/modules/cjs/loader:1023:12)
    at Module.require (node:internal/modules/cjs/loader:1235:19)
    at require (node:internal/modules/helpers:176:18)
    at Object.<anonymous> (E:\PROJECT_NODE\coding-interview\setup-requirement-arvis\src\modules\auths\controller.js:4:52)
    at Module._compile (node:internal/modules/cjs/loader:1376:14)
[2024-04-01 01:00:59] info: Connection has been established successfully.
[2024-04-01 01:00:59] info: Models synchronized with database.
[2024-04-01 01:01:11] info: connected rsmq
[2024-04-01 01:01:12] info: you are listened localhost:3001
[2024-04-01 01:01:13] info: Connection has been established successfully.
[2024-04-01 01:01:13] info: Models synchronized with database.
[2024-04-01 01:01:15] info: {"requestDate":1711908075443,"host":"localhost:3001","method":"POST","body":{"username":"username1d2","password":"x x x x x","confirmPassword":"x x x x x"}}
[2024-04-01 01:01:28] info: {"requestDate":1711908088991,"host":"localhost:3001","authorization":"Bearer eyJhbGciOiJIUzI1NiJ9.e30.ZIdVzg0_dJoDyFWF7mCtwjnSoy12PBjJo4AmxUE1sQI","method":"GET","body":{}}
[2024-04-01 01:02:24] info: connected rsmq
[2024-04-01 01:02:25] info: you are listened localhost:3001
[2024-04-01 01:02:26] info: Connection has been established successfully.
[2024-04-01 01:02:26] info: Models synchronized with database.
[2024-04-01 01:02:29] info: {"requestDate":1711908149594,"host":"localhost:3001","authorization":"Bearer eyJhbGciOiJIUzI1NiJ9.e30.ZIdVzg0_dJoDyFWF7mCtwjnSoy12PBjJo4AmxUE1sQI","method":"GET","body":{}}
[2024-04-01 01:02:33] info: {"requestDate":1711908153795,"host":"localhost:3001","method":"POST","body":{"username":"username1d2","password":"x x x x x","confirmPassword":"x x x x x"}}
[2024-04-01 01:02:46] info: {"requestDate":1711908166077,"host":"localhost:3001","authorization":"Bearer eyJhbGciOiJIUzI1NiJ9.e30.7Ky1myyS5nAascq8gZsWWffZEhGc7nF1wkobYfXSEpI","method":"GET","body":{}}
[2024-04-01 01:03:35] info: connected rsmq
[2024-04-01 01:03:36] info: you are listened localhost:3001
[2024-04-01 01:03:36] info: Connection has been established successfully.
[2024-04-01 01:03:36] info: Models synchronized with database.
[2024-04-01 01:03:39] info: {"requestDate":1711908219134,"host":"localhost:3001","authorization":"Bearer eyJhbGciOiJIUzI1NiJ9.e30.7Ky1myyS5nAascq8gZsWWffZEhGc7nF1wkobYfXSEpI","method":"GET","body":{}}
[2024-04-01 01:03:41] info: {"requestDate":1711908221395,"host":"localhost:3001","authorization":"Bearer eyJhbGciOiJIUzI1NiJ9.e30.7Ky1myyS5nAascq8gZsWWffZEhGc7nF1wkobYfXSEpI","method":"GET","body":{}}
[2024-04-01 01:03:53] info: {"requestDate":1711908233745,"host":"localhost:3001","authorization":"Bearer eyJhbGciOiJIUzI1NiIsInR5cCI6IkpXVCJ9.eyJkYXRhIjp7InVzZXJuYW1lIjoidXNlcm5hbWUxZDIiLCJuYW1lIjoidGVzdCJ9LCJpYXQiOjE3MTE5MDgxNTQsImV4cCI6MzQyMzgxOTkwOH0.NltN1xj2Mgbxd7MvicFUNd92qHUsOfFHtYL-L9sAFj0","method":"GET","body":{}}
[2024-04-01 01:03:53] error: uncaughtException: response.status is not a function
TypeError: response.status is not a function
    at verify (E:\PROJECT_NODE\coding-interview\setup-requirement-arvis\src\modules\auths\controller.js:61:14)
    at process.processTicksAndRejections (node:internal/process/task_queues:95:5)
[2024-04-01 01:04:39] info: connected rsmq
[2024-04-01 01:04:41] info: you are listened localhost:3001
[2024-04-01 01:04:42] info: Connection has been established successfully.
[2024-04-01 01:04:42] info: Models synchronized with database.
[2024-04-01 01:04:43] info: {"requestDate":1711908283676,"host":"localhost:3001","authorization":"Bearer eyJhbGciOiJIUzI1NiIsInR5cCI6IkpXVCJ9.eyJkYXRhIjp7InVzZXJuYW1lIjoidXNlcm5hbWUxZDIiLCJuYW1lIjoidGVzdCJ9LCJpYXQiOjE3MTE5MDgxNTQsImV4cCI6MzQyMzgxOTkwOH0.NltN1xj2Mgbxd7MvicFUNd92qHUsOfFHtYL-L9sAFj0","method":"GET","body":{}}
[2024-04-01 01:04:43] error: uncaughtException: response.status is not a function
TypeError: response.status is not a function
    at verify (E:\PROJECT_NODE\coding-interview\setup-requirement-arvis\src\modules\auths\controller.js:61:14)
    at process.processTicksAndRejections (node:internal/process/task_queues:95:5)
[2024-04-01 01:05:02] info: connected rsmq
[2024-04-01 01:05:03] info: you are listened localhost:3001
[2024-04-01 01:05:03] info: Connection has been established successfully.
[2024-04-01 01:05:04] info: Models synchronized with database.
[2024-04-01 01:05:05] info: {"requestDate":1711908305389,"host":"localhost:3001","authorization":"Bearer eyJhbGciOiJIUzI1NiIsInR5cCI6IkpXVCJ9.eyJkYXRhIjp7InVzZXJuYW1lIjoidXNlcm5hbWUxZDIiLCJuYW1lIjoidGVzdCJ9LCJpYXQiOjE3MTE5MDgxNTQsImV4cCI6MzQyMzgxOTkwOH0.NltN1xj2Mgbxd7MvicFUNd92qHUsOfFHtYL-L9sAFj0","method":"GET","body":{}}
[2024-04-01 01:05:45] info: connected rsmq
[2024-04-01 01:05:49] info: you are listened localhost:3001
[2024-04-01 01:05:49] info: Connection has been established successfully.
[2024-04-01 01:05:49] info: Models synchronized with database.
[2024-04-01 01:05:50] info: {"requestDate":1711908350567,"host":"localhost:3001","authorization":"Bearer eyJhbGciOiJIUzI1NiIsInR5cCI6IkpXVCJ9.eyJkYXRhIjp7InVzZXJuYW1lIjoidXNlcm5hbWUxZDIiLCJuYW1lIjoidGVzdCJ9LCJpYXQiOjE3MTE5MDgxNTQsImV4cCI6MzQyMzgxOTkwOH0.NltN1xj2Mgbxd7MvicFUNd92qHUsOfFHtYL-L9sAFj0","method":"GET","body":{}}
[2024-04-01 01:06:24] info: connected rsmq
[2024-04-01 01:06:25] info: you are listened localhost:3001
[2024-04-01 01:06:26] info: Connection has been established successfully.
[2024-04-01 01:06:26] info: Models synchronized with database.
[2024-04-01 01:06:29] info: {"requestDate":1711908389175,"host":"localhost:3001","authorization":"Bearer eyJhbGciOiJIUzI1NiIsInR5cCI6IkpXVCJ9.eyJkYXRhIjp7InVzZXJuYW1lIjoidXNlcm5hbWUxZDIiLCJuYW1lIjoidGVzdCJ9LCJpYXQiOjE3MTE5MDgxNTQsImV4cCI6MzQyMzgxOTkwOH0.NltN1xj2Mgbxd7MvicFUNd92qHUsOfFHtYL-L9sAFj0","method":"GET","body":{}}
[2024-04-01 01:06:32] info: {"requestDate":1711908392716,"host":"localhost:3001","method":"POST","body":{"username":"username1d2","password":"x x x x x","confirmPassword":"x x x x x"}}
[2024-04-01 01:06:40] info: connected rsmq
[2024-04-01 01:06:42] info: you are listened localhost:3001
[2024-04-01 01:06:43] info: Connection has been established successfully.
[2024-04-01 01:06:43] info: Models synchronized with database.
[2024-04-01 01:06:45] info: {"requestDate":1711908405469,"host":"localhost:3001","method":"POST","body":{"username":"username1d2","password":"x x x x x","confirmPassword":"x x x x x"}}
[2024-04-01 01:06:57] info: {"requestDate":1711908417224,"host":"localhost:3001","authorization":"Bearer eyJhbGciOiJIUzI1NiIsInR5cCI6IkpXVCJ9.eyJkYXRhIjp7InVzZXJuYW1lIjoidXNlcm5hbWUxZDIiLCJuYW1lIjoidGVzdCJ9LCJpYXQiOjE3MTE5MDg0MDUsImV4cCI6MzQyMzgxNjgyMH0.KvFibQ6Iu2iDyDwYm-kEUNGrPklJq0hEd_TLfyQTRG4","method":"GET","body":{}}
[2024-04-01 01:06:59] info: {"requestDate":1711908419493,"host":"localhost:3001","authorization":"Bearer eyJhbGciOiJIUzI1NiIsInR5cCI6IkpXVCJ9.eyJkYXRhIjp7InVzZXJuYW1lIjoidXNlcm5hbWUxZDIiLCJuYW1lIjoidGVzdCJ9LCJpYXQiOjE3MTE5MDg0MDUsImV4cCI6MzQyMzgxNjgyMH0.KvFibQ6Iu2iDyDwYm-kEUNGrPklJq0hEd_TLfyQTRG4","method":"GET","body":{}}
[2024-04-01 01:07:01] info: {"requestDate":1711908421808,"host":"localhost:3001","authorization":"Bearer eyJhbGciOiJIUzI1NiIsInR5cCI6IkpXVCJ9.eyJkYXRhIjp7InVzZXJuYW1lIjoidXNlcm5hbWUxZDIiLCJuYW1lIjoidGVzdCJ9LCJpYXQiOjE3MTE5MDg0MDUsImV4cCI6MzQyMzgxNjgyMH0.KvFibQ6Iu2iDyDwYm-kEUNGrPklJq0hEd_TLfyQTRG4","method":"GET","body":{}}
[2024-04-01 01:07:04] info: {"requestDate":1711908424617,"host":"localhost:3001","authorization":"Bearer eyJhbGciOiJIUzI1NiIsInR5cCI6IkpXVCJ9.eyJkYXRhIjp7InVzZXJuYW1lIjoidXNlcm5hbWUxZDIiLCJuYW1lIjoidGVzdCJ9LCJpYXQiOjE3MTE5MDg0MDUsImV4cCI6MzQyMzgxNjgyMH0.KvFibQ6Iu2iDyDwYm-kEUNGrPklJq0hEd_TLfyQTRG4","method":"GET","body":{}}
[2024-04-01 01:07:07] info: {"requestDate":1711908427295,"host":"localhost:3001","authorization":"Bearer eyJhbGciOiJIUzI1NiIsInR5cCI6IkpXVCJ9.eyJkYXRhIjp7InVzZXJuYW1lIjoidXNlcm5hbWUxZDIiLCJuYW1lIjoidGVzdCJ9LCJpYXQiOjE3MTE5MDg0MDUsImV4cCI6MzQyMzgxNjgyMH0.KvFibQ6Iu2iDyDwYm-kEUNGrPklJq0hEd_TLfyQTRG4","method":"GET","body":{}}
[2024-04-01 01:07:09] info: {"requestDate":1711908429499,"host":"localhost:3001","authorization":"Bearer eyJhbGciOiJIUzI1NiIsInR5cCI6IkpXVCJ9.eyJkYXRhIjp7InVzZXJuYW1lIjoidXNlcm5hbWUxZDIiLCJuYW1lIjoidGVzdCJ9LCJpYXQiOjE3MTE5MDg0MDUsImV4cCI6MzQyMzgxNjgyMH0.KvFibQ6Iu2iDyDwYm-kEUNGrPklJq0hEd_TLfyQTRG4","method":"GET","body":{}}
[2024-04-01 01:07:11] info: {"requestDate":1711908431900,"host":"localhost:3001","authorization":"Bearer eyJhbGciOiJIUzI1NiIsInR5cCI6IkpXVCJ9.eyJkYXRhIjp7InVzZXJuYW1lIjoidXNlcm5hbWUxZDIiLCJuYW1lIjoidGVzdCJ9LCJpYXQiOjE3MTE5MDg0MDUsImV4cCI6MzQyMzgxNjgyMH0.KvFibQ6Iu2iDyDwYm-kEUNGrPklJq0hEd_TLfyQTRG4","method":"GET","body":{}}
[2024-04-01 01:07:15] info: {"requestDate":1711908435940,"host":"localhost:3001","authorization":"Bearer eyJhbGciOiJIUzI1NiIsInR5cCI6IkpXVCJ9.eyJkYXRhIjp7InVzZXJuYW1lIjoidXNlcm5hbWUxZDIiLCJuYW1lIjoidGVzdCJ9LCJpYXQiOjE3MTE5MDg0MDUsImV4cCI6MzQyMzgxNjgyMH0.KvFibQ6Iu2iDyDwYm-kEUNGrPklJq0hEd_TLfyQTRG4","method":"GET","body":{}}
[2024-04-01 01:07:28] info: connected rsmq
[2024-04-01 01:07:31] info: you are listened localhost:3001
[2024-04-01 01:07:32] info: Connection has been established successfully.
[2024-04-01 01:07:32] info: Models synchronized with database.
[2024-04-01 01:07:38] info: {"requestDate":1711908458441,"host":"localhost:3001","method":"POST","body":{"username":"username1d2","password":"x x x x x","confirmPassword":"x x x x x"}}
[2024-04-01 01:07:46] info: {"requestDate":1711908466202,"host":"localhost:3001","method":"POST","body":{"username":"username1d2","password":"x x x x x","confirmPassword":"x x x x x"}}
[2024-04-01 01:07:56] info: {"requestDate":1711908476416,"host":"localhost:3001","authorization":"Bearer eyJhbGciOiJIUzI1NiIsInR5cCI6IkpXVCJ9.eyJkYXRhIjp7InVzZXJuYW1lIjoidXNlcm5hbWUxZDIiLCJuYW1lIjoidGVzdCJ9LCJpYXQiOjE3MTE5MDg0NjYsImV4cCI6MTcxMTkwODQ3Nn0.-voqTpx9Qeiku6UjgyJbBateShnl2Yuz2xmcdDRVirM","method":"GET","body":{}}
[2024-04-01 01:08:02] info: connected rsmq
[2024-04-01 01:08:05] info: you are listened localhost:3001
[2024-04-01 01:08:06] info: Connection has been established successfully.
[2024-04-01 01:08:06] info: Models synchronized with database.
[2024-04-01 01:08:09] info: {"requestDate":1711908489142,"host":"localhost:3001","method":"POST","body":{"username":"username1d2","password":"x x x x x","confirmPassword":"x x x x x"}}
[2024-04-01 01:08:19] info: {"requestDate":1711908499905,"host":"localhost:3001","authorization":"Bearer eyJhbGciOiJIUzI1NiIsInR5cCI6IkpXVCJ9.eyJkYXRhIjp7InVzZXJuYW1lIjoidXNlcm5hbWUxZDIiLCJuYW1lIjoidGVzdCJ9LCJpYXQiOjE3MTE5MDg0ODksImV4cCI6MTcxMTkwODUwOX0.tySpQIE4QgnT8rIxnd-APlofA9NMUvPjhYC2gc7RCSI","method":"GET","body":{}}
[2024-04-01 01:08:22] info: {"requestDate":1711908502093,"host":"localhost:3001","authorization":"Bearer eyJhbGciOiJIUzI1NiIsInR5cCI6IkpXVCJ9.eyJkYXRhIjp7InVzZXJuYW1lIjoidXNlcm5hbWUxZDIiLCJuYW1lIjoidGVzdCJ9LCJpYXQiOjE3MTE5MDg0ODksImV4cCI6MTcxMTkwODUwOX0.tySpQIE4QgnT8rIxnd-APlofA9NMUvPjhYC2gc7RCSI","method":"GET","body":{}}
[2024-04-01 01:08:24] info: {"requestDate":1711908504856,"host":"localhost:3001","authorization":"Bearer eyJhbGciOiJIUzI1NiIsInR5cCI6IkpXVCJ9.eyJkYXRhIjp7InVzZXJuYW1lIjoidXNlcm5hbWUxZDIiLCJuYW1lIjoidGVzdCJ9LCJpYXQiOjE3MTE5MDg0ODksImV4cCI6MTcxMTkwODUwOX0.tySpQIE4QgnT8rIxnd-APlofA9NMUvPjhYC2gc7RCSI","method":"GET","body":{}}
[2024-04-01 01:08:29] info: {"requestDate":1711908509322,"host":"localhost:3001","authorization":"Bearer eyJhbGciOiJIUzI1NiIsInR5cCI6IkpXVCJ9.eyJkYXRhIjp7InVzZXJuYW1lIjoidXNlcm5hbWUxZDIiLCJuYW1lIjoidGVzdCJ9LCJpYXQiOjE3MTE5MDg0ODksImV4cCI6MTcxMTkwODUwOX0.tySpQIE4QgnT8rIxnd-APlofA9NMUvPjhYC2gc7RCSI","method":"GET","body":{}}
[2024-04-01 01:08:34] info: {"requestDate":1711908514568,"host":"localhost:3001","authorization":"Bearer eyJhbGciOiJIUzI1NiIsInR5cCI6IkpXVCJ9.eyJkYXRhIjp7InVzZXJuYW1lIjoidXNlcm5hbWUxZDIiLCJuYW1lIjoidGVzdCJ9LCJpYXQiOjE3MTE5MDg0ODksImV4cCI6MTcxMTkwODUwOX0.tySpQIE4QgnT8rIxnd-APlofA9NMUvPjhYC2gc7RCSI","method":"GET","body":{}}
[2024-04-01 01:09:00] info: connected rsmq
[2024-04-01 01:09:05] info: you are listened localhost:3001
[2024-04-01 01:09:06] info: Connection has been established successfully.
[2024-04-01 01:09:06] info: Models synchronized with database.
[2024-04-01 01:09:09] info: {"requestDate":1711908549723,"host":"localhost:3001","authorization":"Bearer eyJhbGciOiJIUzI1NiIsInR5cCI6IkpXVCJ9.eyJkYXRhIjp7InVzZXJuYW1lIjoidXNlcm5hbWUxZDIiLCJuYW1lIjoidGVzdCJ9LCJpYXQiOjE3MTE5MDg0ODksImV4cCI6MTcxMTkwODUwOX0.tySpQIE4QgnT8rIxnd-APlofA9NMUvPjhYC2gc7RCSI","method":"GET","body":{}}
[2024-04-01 01:10:02] info: connected rsmq
[2024-04-01 01:10:04] info: you are listened localhost:3001
[2024-04-01 01:10:04] info: Connection has been established successfully.
[2024-04-01 01:10:04] info: Models synchronized with database.
[2024-04-01 01:10:59] info: {"requestDate":1711908659778,"host":"localhost:3001","authorization":"Bearer eyJhbGciOiJIUzI1NiIsInR5cCI6IkpXVCJ9.eyJkYXRhIjp7InVzZXJuYW1lIjoidXNlcm5hbWUxZDIiLCJuYW1lIjoidGVzdCJ9LCJpYXQiOjE3MTE5MDg0ODksImV4cCI6MTcxMTkwODUwOX0.tySpQIE4QgnT8rIxnd-APlofA9NMUvPjhYC2gc7RCSI","method":"GET","body":{}}
[2024-04-01 01:10:59] error: uncaughtException: The client is closed
Error: The client is closed
    at Commander._RedisClient_sendCommand (E:\PROJECT_NODE\coding-interview\setup-requirement-arvis\node_modules\@redis\client\dist\lib\client\index.js:510:31)
    at Commander.commandsExecutor (E:\PROJECT_NODE\coding-interview\setup-requirement-arvis\node_modules\@redis\client\dist\lib\client\index.js:190:154)
    at BaseClass.<computed> [as exists] (E:\PROJECT_NODE\coding-interview\setup-requirement-arvis\node_modules\@redis\client\dist\lib\commander.js:8:29)
    at module.exports (E:\PROJECT_NODE\coding-interview\setup-requirement-arvis\src\middlewares\auth.js:29:31)
    at Layer.handle [as handle_request] (E:\PROJECT_NODE\coding-interview\setup-requirement-arvis\node_modules\express\lib\router\layer.js:95:5)
    at next (E:\PROJECT_NODE\coding-interview\setup-requirement-arvis\node_modules\express\lib\router\route.js:149:13)
    at Route.dispatch (E:\PROJECT_NODE\coding-interview\setup-requirement-arvis\node_modules\express\lib\router\route.js:119:3)
    at Layer.handle [as handle_request] (E:\PROJECT_NODE\coding-interview\setup-requirement-arvis\node_modules\express\lib\router\layer.js:95:5)
    at E:\PROJECT_NODE\coding-interview\setup-requirement-arvis\node_modules\express\lib\router\index.js:284:15
    at Function.process_params (E:\PROJECT_NODE\coding-interview\setup-requirement-arvis\node_modules\express\lib\router\index.js:346:12)
[2024-04-01 01:12:11] info: connected rsmq
[2024-04-01 01:12:12] info: you are listened localhost:3001
[2024-04-01 01:12:13] info: Connection has been established successfully.
[2024-04-01 01:12:13] info: Models synchronized with database.
[2024-04-01 01:12:52] info: connected rsmq
[2024-04-01 01:12:52] info: you are listened localhost:3001
[2024-04-01 01:12:52] info: Connection has been established successfully.
[2024-04-01 01:12:52] info: Models synchronized with database.
[2024-04-01 01:13:48] info: connected rsmq
[2024-04-01 01:13:49] info: you are listened localhost:3001
[2024-04-01 01:13:49] info: Connection has been established successfully.
[2024-04-01 01:13:49] info: Models synchronized with database.
[2024-04-01 01:13:55] info: connected rsmq
[2024-04-01 01:13:55] info: you are listened localhost:3001
[2024-04-01 01:13:55] info: Connection has been established successfully.
[2024-04-01 01:13:55] info: Models synchronized with database.
[2024-04-01 01:14:19] info: {"requestDate":1711908859089,"host":"localhost:3001","authorization":"Bearer eyJhbGciOiJIUzI1NiIsInR5cCI6IkpXVCJ9.eyJkYXRhIjp7InVzZXJuYW1lIjoidXNlcm5hbWUxZDIiLCJuYW1lIjoidGVzdCJ9LCJpYXQiOjE3MTE5MDg0ODksImV4cCI6MTcxMTkwODUwOX0.tySpQIE4QgnT8rIxnd-APlofA9NMUvPjhYC2gc7RCSI","method":"GET","body":{}}
[2024-04-01 01:19:05] info: connected rsmq
[2024-04-01 01:19:05] info: you are listened localhost:3001
[2024-04-01 01:19:05] info: Connection has been established successfully.
[2024-04-01 01:19:05] info: Models synchronized with database.
[2024-04-01 01:19:13] info: {"requestDate":1711909153620,"host":"localhost:3001","method":"POST","body":{"username":"username1d2","password":"x x x x x","confirmPassword":"x x x x x"}}
[2024-04-01 01:19:43] info: connected rsmq
[2024-04-01 01:19:44] info: you are listened localhost:3001
[2024-04-01 01:19:44] info: Connection has been established successfully.
[2024-04-01 01:19:44] info: Models synchronized with database.
[2024-04-01 01:19:48] info: {"requestDate":1711909188145,"host":"localhost:3001","method":"POST","body":{"username":"username1d2","password":"x x x x x","confirmPassword":"x x x x x"}}
[2024-04-01 01:20:20] info: connected rsmq
[2024-04-01 01:20:21] info: you are listened localhost:3001
[2024-04-01 01:20:21] error: uncaughtException: The client is closed
Error: The client is closed
    at Commander._RedisClient_sendCommand (E:\PROJECT_NODE\coding-interview\setup-requirement-arvis\node_modules\@redis\client\dist\lib\client\index.js:510:31)
    at Commander.commandsExecutor (E:\PROJECT_NODE\coding-interview\setup-requirement-arvis\node_modules\@redis\client\dist\lib\client\index.js:190:154)
    at BaseClass.<computed> [as set] (E:\PROJECT_NODE\coding-interview\setup-requirement-arvis\node_modules\@redis\client\dist\lib\commander.js:8:29)
    at Object.<anonymous> (E:\PROJECT_NODE\coding-interview\setup-requirement-arvis\src\config\redis.js:7:14)
    at Module._compile (node:internal/modules/cjs/loader:1376:14)
    at Module._extensions..js (node:internal/modules/cjs/loader:1435:10)
    at Module.load (node:internal/modules/cjs/loader:1207:32)
    at Module._load (node:internal/modules/cjs/loader:1023:12)
    at Module.require (node:internal/modules/cjs/loader:1235:19)
    at require (node:internal/modules/helpers:176:18)
[2024-04-01 01:20:23] info: Connection has been established successfully.
[2024-04-01 01:20:23] info: Models synchronized with database.
[2024-04-01 01:21:53] info: connected rsmq
[2024-04-01 01:21:53] info: you are listened localhost:3001
[2024-04-01 01:21:54] info: Connection has been established successfully.
[2024-04-01 01:21:54] info: Models synchronized with database.
[2024-04-01 01:24:25] info: connected rsmq
[2024-04-01 01:24:26] info: you are listened localhost:3001
[2024-04-01 01:24:26] info: Connection has been established successfully.
[2024-04-01 01:24:26] info: Models synchronized with database.
[2024-04-01 01:24:38] info: connected rsmq
[2024-04-01 01:24:39] info: you are listened localhost:3001
[2024-04-01 01:24:39] info: Connection has been established successfully.
[2024-04-01 01:24:39] info: Models synchronized with database.
[2024-04-01 01:24:46] info: {"requestDate":1711909486166,"host":"localhost:3001","method":"POST","body":{"username":"username1d2","password":"x x x x x","confirmPassword":"x x x x x"}}
[2024-04-01 01:24:57] info: {"requestDate":1711909497985,"host":"localhost:3001","authorization":"Bearer eyJhbGciOiJIUzI1NiIsInR5cCI6IkpXVCJ9.eyJkYXRhIjp7InVzZXJuYW1lIjoidXNlcm5hbWUxZDIiLCJuYW1lIjoidGVzdCJ9LCJpYXQiOjE3MTE5MDk0ODYsImV4cCI6MTcxMTkwOTUwNn0.JbZKxIXPsNVDymQKHZXDkz6_juoAzEDS79p3wIB06_k","method":"GET","body":{}}
[2024-04-01 01:25:53] info: {"requestDate":1711909553440,"host":"localhost:3001","method":"POST","body":{"username":"username1d2","password":"x x x x x","confirmPassword":"x x x x x"}}
[2024-04-01 01:26:12] info: connected rsmq
[2024-04-01 01:26:13] info: you are listened localhost:3001
[2024-04-01 01:26:15] info: {"requestDate":1711909575014,"host":"localhost:3001","method":"POST","body":{"username":"username1d2","password":"x x x x x","confirmPassword":"x x x x x"}}
[2024-04-01 01:26:15] info: Connection has been established successfully.
[2024-04-01 01:26:16] info: Models synchronized with database.
[2024-04-01 01:26:33] info: {"requestDate":1711909593663,"host":"localhost:3001","authorization":"Bearer eyJhbGciOiJIUzI1NiIsInR5cCI6IkpXVCJ9.eyJkYXRhIjp7InVzZXJuYW1lIjoidXNlcm5hbWUxZDIiLCJuYW1lIjoidGVzdCJ9LCJpYXQiOjE3MTE5MDk1NzYsImV4cCI6MTcxMTkwOTU5Nn0.rAMx-INu3XjyrimOK4gHo4xy3hy7XUqzeh056TKkMKk","method":"GET","body":{}}
[2024-04-01 01:26:36] info: {"requestDate":1711909596309,"host":"localhost:3001","authorization":"Bearer eyJhbGciOiJIUzI1NiIsInR5cCI6IkpXVCJ9.eyJkYXRhIjp7InVzZXJuYW1lIjoidXNlcm5hbWUxZDIiLCJuYW1lIjoidGVzdCJ9LCJpYXQiOjE3MTE5MDk1NzYsImV4cCI6MTcxMTkwOTU5Nn0.rAMx-INu3XjyrimOK4gHo4xy3hy7XUqzeh056TKkMKk","method":"GET","body":{}}
[2024-04-01 01:26:50] info: connected rsmq
[2024-04-01 01:26:50] info: you are listened localhost:3001
[2024-04-01 01:26:50] info: Connection has been established successfully.
[2024-04-01 01:26:50] info: Models synchronized with database.
[2024-04-01 01:26:53] info: {"requestDate":1711909613549,"host":"localhost:3001","authorization":"Bearer eyJhbGciOiJIUzI1NiIsInR5cCI6IkpXVCJ9.eyJkYXRhIjp7InVzZXJuYW1lIjoidXNlcm5hbWUxZDIiLCJuYW1lIjoidGVzdCJ9LCJpYXQiOjE3MTE5MDk1NzYsImV4cCI6MTcxMTkwOTU5Nn0.rAMx-INu3XjyrimOK4gHo4xy3hy7XUqzeh056TKkMKk","method":"GET","body":{}}
[2024-04-01 01:26:56] info: {"requestDate":1711909616958,"host":"localhost:3001","method":"POST","body":{"username":"username1d2","password":"x x x x x","confirmPassword":"x x x x x"}}
[2024-04-01 01:27:05] info: {"requestDate":1711909625874,"host":"localhost:3001","authorization":"Bearer eyJhbGciOiJIUzI1NiIsInR5cCI6IkpXVCJ9.eyJkYXRhIjp7InVzZXJuYW1lIjoidXNlcm5hbWUxZDIiLCJuYW1lIjoidGVzdCJ9LCJpYXQiOjE3MTE5MDk2MTcsImV4cCI6MTcxMTkwOTYzN30.OpNNM-b0L3Ilai_xk6ZVELhl-a1TGxXKR5G1EBIVKHM","method":"GET","body":{}}
[2024-04-01 01:27:08] info: {"requestDate":1711909628099,"host":"localhost:3001","authorization":"Bearer eyJhbGciOiJIUzI1NiIsInR5cCI6IkpXVCJ9.eyJkYXRhIjp7InVzZXJuYW1lIjoidXNlcm5hbWUxZDIiLCJuYW1lIjoidGVzdCJ9LCJpYXQiOjE3MTE5MDk2MTcsImV4cCI6MTcxMTkwOTYzN30.OpNNM-b0L3Ilai_xk6ZVELhl-a1TGxXKR5G1EBIVKHM","method":"GET","body":{}}
[2024-04-01 01:27:09] info: {"requestDate":1711909629315,"host":"localhost:3001","authorization":"Bearer eyJhbGciOiJIUzI1NiIsInR5cCI6IkpXVCJ9.eyJkYXRhIjp7InVzZXJuYW1lIjoidXNlcm5hbWUxZDIiLCJuYW1lIjoidGVzdCJ9LCJpYXQiOjE3MTE5MDk2MTcsImV4cCI6MTcxMTkwOTYzN30.OpNNM-b0L3Ilai_xk6ZVELhl-a1TGxXKR5G1EBIVKHM","method":"GET","body":{}}
[2024-04-01 01:27:10] info: {"requestDate":1711909630820,"host":"localhost:3001","authorization":"Bearer eyJhbGciOiJIUzI1NiIsInR5cCI6IkpXVCJ9.eyJkYXRhIjp7InVzZXJuYW1lIjoidXNlcm5hbWUxZDIiLCJuYW1lIjoidGVzdCJ9LCJpYXQiOjE3MTE5MDk2MTcsImV4cCI6MTcxMTkwOTYzN30.OpNNM-b0L3Ilai_xk6ZVELhl-a1TGxXKR5G1EBIVKHM","method":"GET","body":{}}
[2024-04-01 01:28:11] info: connected rsmq
[2024-04-01 01:28:11] info: you are listened localhost:3001
[2024-04-01 01:28:12] info: Connection has been established successfully.
[2024-04-01 01:28:12] info: Models synchronized with database.
[2024-04-01 01:28:22] info: {"requestDate":1711909702196,"host":"localhost:3001","method":"POST","body":{"username":"username1d2","password":"x x x x x","confirmPassword":"x x x x x"}}
[2024-04-01 01:29:29] info: connected rsmq
[2024-04-01 01:29:29] info: you are listened localhost:3001
[2024-04-01 01:29:29] info: Connection has been established successfully.
[2024-04-01 01:29:30] info: Models synchronized with database.
[2024-04-01 01:29:33] info: connected rsmq
[2024-04-01 01:29:33] info: you are listened localhost:3001
[2024-04-01 01:29:33] info: Connection has been established successfully.
[2024-04-01 01:29:33] info: Models synchronized with database.
[2024-04-01 01:29:39] info: {"requestDate":1711909779605,"host":"localhost:3001","method":"POST","body":{"username":"username1d2","password":"x x x x x","confirmPassword":"x x x x x"}}
[2024-04-01 01:29:48] info: connected rsmq
[2024-04-01 01:29:48] info: you are listened localhost:3001
[2024-04-01 01:29:48] info: Connection has been established successfully.
[2024-04-01 01:29:48] info: Models synchronized with database.
[2024-04-01 01:30:05] info: connected rsmq
[2024-04-01 01:30:06] info: you are listened localhost:3001
[2024-04-01 01:30:06] info: Connection has been established successfully.
[2024-04-01 01:30:06] info: Models synchronized with database.
[2024-04-01 01:30:10] info: {"requestDate":1711909810542,"host":"localhost:3001","method":"POST","body":{"username":"username1d2","password":"x x x x x","confirmPassword":"x x x x x"}}
[2024-04-01 01:30:59] info: connected rsmq
[2024-04-01 01:30:59] info: you are listened localhost:3001
[2024-04-01 01:30:59] info: Connection has been established successfully.
[2024-04-01 01:30:59] info: Models synchronized with database.
[2024-04-01 01:31:03] info: {"requestDate":1711909863075,"host":"localhost:3001","method":"POST","body":{"username":"username1d2","password":"x x x x x","confirmPassword":"x x x x x"}}
[2024-04-01 01:31:23] info: {"requestDate":1711909883928,"host":"localhost:3001","method":"POST","body":{"username":"username1d2","password":"x x x x x","confirmPassword":"x x x x x"}}
[2024-04-01 01:34:55] info: connected rsmq
[2024-04-01 01:34:55] info: you are listened localhost:3001
[2024-04-01 01:34:55] info: Connection has been established successfully.
[2024-04-01 01:34:55] info: Models synchronized with database.
[2024-04-01 01:34:59] info: {"requestDate":1711910099002,"host":"localhost:3001","method":"POST","body":{"username":"username1d2","password":"x x x x x","confirmPassword":"x x x x x"}}
[2024-04-01 01:35:20] info: connected rsmq
[2024-04-01 01:35:21] info: you are listened localhost:3001
[2024-04-01 01:35:21] info: Connection has been established successfully.
[2024-04-01 01:35:21] info: Models synchronized with database.
[2024-04-01 01:35:24] info: {"requestDate":1711910124009,"host":"localhost:3001","method":"POST","body":{"username":"username1d2","password":"x x x x x","confirmPassword":"x x x x x"}}
[2024-04-01 01:36:52] info: connected rsmq
[2024-04-01 01:36:52] info: you are listened localhost:3001
[2024-04-01 01:36:52] info: Connection has been established successfully.
[2024-04-01 01:36:52] info: Models synchronized with database.
[2024-04-01 01:36:53] info: {"requestDate":1711910213557,"host":"localhost:3001","method":"POST","body":{"username":"username1d2","password":"x x x x x","confirmPassword":"x x x x x"}}
[2024-04-01 01:37:12] info: connected rsmq
[2024-04-01 01:37:13] info: you are listened localhost:3001
[2024-04-01 01:37:13] info: Connection has been established successfully.
[2024-04-01 01:37:13] info: Models synchronized with database.
[2024-04-01 01:37:17] info: {"requestDate":1711910237198,"host":"localhost:3001","method":"POST","body":{"username":"username1d2","password":"x x x x x","confirmPassword":"x x x x x"}}
[2024-04-01 01:37:26] info: connected rsmq
[2024-04-01 01:37:26] info: you are listened localhost:3001
[2024-04-01 01:37:26] info: Connection has been established successfully.
[2024-04-01 01:37:26] info: Models synchronized with database.
[2024-04-01 01:37:30] info: {"requestDate":1711910250346,"host":"localhost:3001","method":"POST","body":{"username":"username1d2","password":"x x x x x","confirmPassword":"x x x x x"}}
[2024-04-01 01:38:32] info: connected rsmq
[2024-04-01 01:38:33] info: you are listened localhost:3001
[2024-04-01 01:38:33] info: Connection has been established successfully.
[2024-04-01 01:38:33] info: Models synchronized with database.
[2024-04-01 01:38:34] info: {"requestDate":1711910314421,"host":"localhost:3001","method":"POST","body":{"username":"username1d2","password":"x x x x x","confirmPassword":"x x x x x"}}
[2024-04-01 01:39:59] info: connected rsmq
[2024-04-01 01:40:00] info: you are listened localhost:3001
[2024-04-01 01:40:00] info: Connection has been established successfully.
[2024-04-01 01:40:00] info: Models synchronized with database.
[2024-04-01 01:40:03] info: {"requestDate":1711910403334,"host":"localhost:3001","method":"POST","body":{"username":"username1d2","password":"x x x x x","confirmPassword":"x x x x x"}}
[2024-04-01 01:40:28] info: connected rsmq
[2024-04-01 01:40:28] info: you are listened localhost:3001
[2024-04-01 01:40:28] info: Connection has been established successfully.
[2024-04-01 01:40:28] info: Models synchronized with database.
[2024-04-01 01:40:32] info: {"requestDate":1711910432353,"host":"localhost:3001","method":"POST","body":{"username":"username1d2","password":"x x x x x","confirmPassword":"x x x x x"}}
[2024-04-01 01:40:42] info: {"requestDate":1711910442247,"host":"localhost:3001","authorization":"Bearer eyJhbGciOiJIUzI1NiIsInR5cCI6IkpXVCJ9.eyJkYXRhIjp7InVzZXJuYW1lIjoidXNlcm5hbWUxZDIiLCJuYW1lIjoidGVzdCJ9LCJpYXQiOjE3MTE5MTA0MzIsImV4cCI6MTcxMTkxMDQ1Mn0.AxzIX_cv4tus_IQN05gCPzdfG9GtFmHfEQxJ_GaPqeA","method":"GET","body":{}}
[2024-04-01 01:40:44] info: {"requestDate":1711910444370,"host":"localhost:3001","authorization":"Bearer eyJhbGciOiJIUzI1NiIsInR5cCI6IkpXVCJ9.eyJkYXRhIjp7InVzZXJuYW1lIjoidXNlcm5hbWUxZDIiLCJuYW1lIjoidGVzdCJ9LCJpYXQiOjE3MTE5MTA0MzIsImV4cCI6MTcxMTkxMDQ1Mn0.AxzIX_cv4tus_IQN05gCPzdfG9GtFmHfEQxJ_GaPqeA","method":"GET","body":{}}
[2024-04-01 01:40:45] info: {"requestDate":1711910445856,"host":"localhost:3001","authorization":"Bearer eyJhbGciOiJIUzI1NiIsInR5cCI6IkpXVCJ9.eyJkYXRhIjp7InVzZXJuYW1lIjoidXNlcm5hbWUxZDIiLCJuYW1lIjoidGVzdCJ9LCJpYXQiOjE3MTE5MTA0MzIsImV4cCI6MTcxMTkxMDQ1Mn0.AxzIX_cv4tus_IQN05gCPzdfG9GtFmHfEQxJ_GaPqeA","method":"GET","body":{}}
[2024-04-01 01:41:09] info: connected rsmq
[2024-04-01 01:41:09] info: you are listened localhost:3001
[2024-04-01 01:41:09] info: Connection has been established successfully.
[2024-04-01 01:41:09] info: Models synchronized with database.
[2024-04-01 01:41:23] info: connected rsmq
[2024-04-01 01:41:23] info: you are listened localhost:3001
[2024-04-01 01:41:23] info: Connection has been established successfully.
[2024-04-01 01:41:23] info: Models synchronized with database.
[2024-04-01 01:41:29] info: {"requestDate":1711910489347,"host":"localhost:3001","authorization":"Bearer eyJhbGciOiJIUzI1NiIsInR5cCI6IkpXVCJ9.eyJkYXRhIjp7InVzZXJuYW1lIjoidXNlcm5hbWUxZDIiLCJuYW1lIjoidGVzdCJ9LCJpYXQiOjE3MTE5MTA0MzIsImV4cCI6MTcxMTkxMDQ1Mn0.AxzIX_cv4tus_IQN05gCPzdfG9GtFmHfEQxJ_GaPqeA","method":"GET","body":{}}
[2024-04-01 01:41:33] info: {"requestDate":1711910493858,"host":"localhost:3001","method":"POST","body":{"username":"username1d2","password":"x x x x x","confirmPassword":"x x x x x"}}
[2024-04-01 01:41:42] info: {"requestDate":1711910502969,"host":"localhost:3001","authorization":"Bearer eyJhbGciOiJIUzI1NiIsInR5cCI6IkpXVCJ9.eyJkYXRhIjp7InVzZXJuYW1lIjoidXNlcm5hbWUxZDIiLCJuYW1lIjoidGVzdCJ9LCJpYXQiOjE3MTE5MTA0OTQsImV4cCI6MTcxMTkxMDU1NH0.76ap6L2cJM3m9j5i4kpf3esa_si7g2QBr6BYkovAvjg","method":"GET","body":{}}
[2024-04-01 01:41:44] info: {"requestDate":1711910504517,"host":"localhost:3001","authorization":"Bearer eyJhbGciOiJIUzI1NiIsInR5cCI6IkpXVCJ9.eyJkYXRhIjp7InVzZXJuYW1lIjoidXNlcm5hbWUxZDIiLCJuYW1lIjoidGVzdCJ9LCJpYXQiOjE3MTE5MTA0OTQsImV4cCI6MTcxMTkxMDU1NH0.76ap6L2cJM3m9j5i4kpf3esa_si7g2QBr6BYkovAvjg","method":"GET","body":{}}
[2024-04-01 01:41:47] info: {"requestDate":1711910507414,"host":"localhost:3001","authorization":"Bearer eyJhbGciOiJIUzI1NiIsInR5cCI6IkpXVCJ9.eyJkYXRhIjp7InVzZXJuYW1lIjoidXNlcm5hbWUxZDIiLCJuYW1lIjoidGVzdCJ9LCJpYXQiOjE3MTE5MTA0OTQsImV4cCI6MTcxMTkxMDU1NH0.76ap6L2cJM3m9j5i4kpf3esa_si7g2QBr6BYkovAvjg","method":"GET","body":{}}
[2024-04-01 01:41:49] info: {"requestDate":1711910509533,"host":"localhost:3001","authorization":"Bearer eyJhbGciOiJIUzI1NiIsInR5cCI6IkpXVCJ9.eyJkYXRhIjp7InVzZXJuYW1lIjoidXNlcm5hbWUxZDIiLCJuYW1lIjoidGVzdCJ9LCJpYXQiOjE3MTE5MTA0OTQsImV4cCI6MTcxMTkxMDU1NH0.76ap6L2cJM3m9j5i4kpf3esa_si7g2QBr6BYkovAvjg","method":"GET","body":{}}
[2024-04-01 01:41:51] info: {"requestDate":1711910511647,"host":"localhost:3001","authorization":"Bearer eyJhbGciOiJIUzI1NiIsInR5cCI6IkpXVCJ9.eyJkYXRhIjp7InVzZXJuYW1lIjoidXNlcm5hbWUxZDIiLCJuYW1lIjoidGVzdCJ9LCJpYXQiOjE3MTE5MTA0OTQsImV4cCI6MTcxMTkxMDU1NH0.76ap6L2cJM3m9j5i4kpf3esa_si7g2QBr6BYkovAvjg","method":"GET","body":{}}
[2024-04-01 01:41:53] info: {"requestDate":1711910513052,"host":"localhost:3001","authorization":"Bearer eyJhbGciOiJIUzI1NiIsInR5cCI6IkpXVCJ9.eyJkYXRhIjp7InVzZXJuYW1lIjoidXNlcm5hbWUxZDIiLCJuYW1lIjoidGVzdCJ9LCJpYXQiOjE3MTE5MTA0OTQsImV4cCI6MTcxMTkxMDU1NH0.76ap6L2cJM3m9j5i4kpf3esa_si7g2QBr6BYkovAvjg","method":"GET","body":{}}
[2024-04-01 01:41:56] info: {"requestDate":1711910516621,"host":"localhost:3001","authorization":"Bearer eyJhbGciOiJIUzI1NiIsInR5cCI6IkpXVCJ9.eyJkYXRhIjp7InVzZXJuYW1lIjoidXNlcm5hbWUxZDIiLCJuYW1lIjoidGVzdCJ9LCJpYXQiOjE3MTE5MTA0OTQsImV4cCI6MTcxMTkxMDU1NH0.76ap6L2cJM3m9j5i4kpf3esa_si7g2QBr6BYkovAvjg","method":"GET","body":{}}
[2024-04-01 01:41:59] info: {"requestDate":1711910519117,"host":"localhost:3001","authorization":"Bearer eyJhbGciOiJIUzI1NiIsInR5cCI6IkpXVCJ9.eyJkYXRhIjp7InVzZXJuYW1lIjoidXNlcm5hbWUxZDIiLCJuYW1lIjoidGVzdCJ9LCJpYXQiOjE3MTE5MTA0OTQsImV4cCI6MTcxMTkxMDU1NH0.76ap6L2cJM3m9j5i4kpf3esa_si7g2QBr6BYkovAvjg","method":"GET","body":{}}
[2024-04-01 01:46:32] info: connected rsmq
[2024-04-01 01:46:33] info: you are listened localhost:3001
[2024-04-01 01:46:34] info: Connection has been established successfully.
[2024-04-01 01:46:34] info: Models synchronized with database.
[2024-04-01 01:46:37] info: {"requestDate":1711910797175,"host":"localhost:3001","method":"POST","body":{"username":"username1d2","password":"x x x x x","confirmPassword":"x x x x x"}}
[2024-04-01 01:46:47] info: {"requestDate":1711910807102,"host":"localhost:3001","authorization":"Bearer eyJhbGciOiJIUzI1NiIsInR5cCI6IkpXVCJ9.eyJkYXRhIjp7InVzZXJuYW1lIjoidXNlcm5hbWUxZDIiLCJuYW1lIjoidGVzdCJ9LCJpYXQiOjE3MTE5MTA3OTcsImV4cCI6MTcxMTkxMDg1N30.BeXLB3NGv3SGWN2bbUi9uER_AejCW0vqOaupwgtPow0","method":"GET","body":{}}
[2024-04-01 01:47:00] info: connected rsmq
[2024-04-01 01:47:01] info: you are listened localhost:3001
[2024-04-01 01:47:01] info: Connection has been established successfully.
[2024-04-01 01:47:01] info: Models synchronized with database.
[2024-04-01 01:47:03] info: {"requestDate":1711910823515,"host":"localhost:3001","authorization":"Bearer eyJhbGciOiJIUzI1NiIsInR5cCI6IkpXVCJ9.eyJkYXRhIjp7InVzZXJuYW1lIjoidXNlcm5hbWUxZDIiLCJuYW1lIjoidGVzdCJ9LCJpYXQiOjE3MTE5MTA3OTcsImV4cCI6MTcxMTkxMDg1N30.BeXLB3NGv3SGWN2bbUi9uER_AejCW0vqOaupwgtPow0","method":"GET","body":{}}
[2024-04-01 01:47:08] info: {"requestDate":1711910828129,"host":"localhost:3001","method":"POST","body":{"username":"username1d2","password":"x x x x x","confirmPassword":"x x x x x"}}
[2024-04-01 01:47:18] info: {"requestDate":1711910838339,"host":"localhost:3001","authorization":"Bearer eyJhbGciOiJIUzI1NiIsInR5cCI6IkpXVCJ9.eyJkYXRhIjp7InVzZXJuYW1lIjoidXNlcm5hbWUxZDIiLCJuYW1lIjoidGVzdCJ9LCJpYXQiOjE3MTE5MTA4MjgsImV4cCI6MTcxMTkxMDg4OH0.NJS_sxbjDuU2l2X4Ckzg5bE3NT-OU3HdcIwmaJzk27","method":"GET","body":{}}
[2024-04-01 01:47:30] info: {"requestDate":1711910850088,"host":"localhost:3001","method":"POST","body":{"username":"username1d2","password":"x x x x x","confirmPassword":"x x x x x"}}
[2024-04-01 01:47:40] info: {"requestDate":1711910860261,"host":"localhost:3001","authorization":"Bearer eyJhbGciOiJIUzI1NiIsInR5cCI6IkpXVCJ9.eyJkYXRhIjp7InVzZXJuYW1lIjoidXNlcm5hbWUxZDIiLCJuYW1lIjoidGVzdCJ9LCJpYXQiOjE3MTE5MTA4NTAsImV4cCI6MTcxMTkxMDkxMH0.uVe1VHQ5cvmnRvu95UB4ha6YGsOQWQoEygVPIkvRMx4","method":"GET","body":{}}
[2024-04-01 01:48:27] info: connected rsmq
[2024-04-01 01:48:28] info: you are listened localhost:3001
[2024-04-01 01:48:28] info: Connection has been established successfully.
[2024-04-01 01:48:28] info: Models synchronized with database.
[2024-04-01 01:48:30] info: connected rsmq
[2024-04-01 01:48:30] info: you are listened localhost:3001
[2024-04-01 01:48:31] info: Connection has been established successfully.
[2024-04-01 01:48:31] info: Models synchronized with database.
[2024-04-01 01:48:35] info: connected rsmq
[2024-04-01 01:48:35] info: you are listened localhost:3001
[2024-04-01 01:48:36] info: Connection has been established successfully.
[2024-04-01 01:48:36] info: Models synchronized with database.
[2024-04-01 01:48:41] info: {"requestDate":1711910921413,"host":"localhost:3001","method":"POST","body":{"username":"username1d2","password":"x x x x x","confirmPassword":"x x x x x"}}
[2024-04-01 01:48:54] info: {"requestDate":1711910934977,"host":"localhost:3001","authorization":"Bearer eyJhbGciOiJIUzI1NiIsInR5cCI6IkpXVCJ9.eyJkYXRhIjp7InVzZXJuYW1lIjoidXNlcm5hbWUxZDIiLCJuYW1lIjoidGVzdCJ9LCJpYXQiOjE3MTE5MTA5MjEsImV4cCI6MTcxMTkxMDk4MX0.mm_Hktcf_FDvR-64Gch_HK2TE6skQi4JP_Y8R3kYj7w","method":"GET","body":{}}
[2024-04-01 01:49:01] info: {"requestDate":1711910941683,"host":"localhost:3001","authorization":"Bearer eyJhbGciOiJIUzI1NiIsInR5cCI6IkpXVCJ9.eyJkYXRhIjp7InVzZXJuYW1lIjoidXNlcm5hbWUxZDIiLCJuYW1lIjoidGVzdCJ9LCJpYXQiOjE3MTE5MTA5MjEsImV4cCI6MTcxMTkxMDk4MX0.mm_Hktcf_FDvR-64Gch_HK2TE6skQi4JP_Y8R3kYj7w","method":"GET","body":{}}
[2024-04-01 01:49:06] info: {"requestDate":1711910946017,"host":"localhost:3001","authorization":"Bearer eyJhbGciOiJIUzI1NiIsInR5cCI6IkpXVCJ9.eyJkYXRhIjp7InVzZXJuYW1lIjoidXNlcm5hbWUxZDIiLCJuYW1lIjoidGVzdCJ9LCJpYXQiOjE3MTE5MTA5MjEsImV4cCI6MTcxMTkxMDk4MX0.mm_Hktcf_FDvR-64Gch_HK2TE6skQi4JP_Y8R3kYj7w","method":"GET","body":{}}
[2024-04-01 01:49:56] info: connected rsmq
[2024-04-01 01:49:57] info: you are listened localhost:3001
[2024-04-01 01:49:57] info: {"requestDate":1711910997882,"host":"localhost:3001","method":"POST","body":{"username":"username1d2","password":"x x x x x","confirmPassword":"x x x x x"}}
[2024-04-01 01:49:58] info: Connection has been established successfully.
[2024-04-01 01:49:58] info: Models synchronized with database.
[2024-04-01 01:50:12] info: {"requestDate":1711911012770,"host":"localhost:3001","authorization":"Bearer eyJhbGciOiJIUzI1NiIsInR5cCI6IkpXVCJ9.eyJkYXRhIjp7InVzZXJuYW1lIjoidXNlcm5hbWUxZDIiLCJuYW1lIjoidGVzdCJ9LCJpYXQiOjE3MTE5MTA5OTgsImV4cCI6MTcxMTkxMTA1OH0.B9PBUOQeMu7nA0F1aWu_tBqfnIYi2zzBBgkcvYCPyhU","method":"GET","body":{}}
[2024-04-01 01:50:39] info: connected rsmq
[2024-04-01 01:50:39] info: you are listened localhost:3001
[2024-04-01 01:50:40] info: Connection has been established successfully.
[2024-04-01 01:50:40] info: Models synchronized with database.
[2024-04-01 01:50:45] info: {"requestDate":1711911045049,"host":"localhost:3001","authorization":"Bearer eyJhbGciOiJIUzI1NiIsInR5cCI6IkpXVCJ9.eyJkYXRhIjp7InVzZXJuYW1lIjoidXNlcm5hbWUxZDIiLCJuYW1lIjoidGVzdCJ9LCJpYXQiOjE3MTE5MTA5OTgsImV4cCI6MTcxMTkxMTA1OH0.B9PBUOQeMu7nA0F1aWu_tBqfnIYi2zzBBgkcvYCPyhU","method":"GET","body":{}}
[2024-04-01 01:50:49] info: {"requestDate":1711911049731,"host":"localhost:3001","method":"POST","body":{"username":"username1d2","password":"x x x x x","confirmPassword":"x x x x x"}}
[2024-04-01 01:51:02] info: {"requestDate":1711911062355,"host":"localhost:3001","authorization":"Bearer eyJhbGciOiJIUzI1NiIsInR5cCI6IkpXVCJ9.eyJkYXRhIjp7InVzZXJuYW1lIjoidXNlcm5hbWUxZDIiLCJuYW1lIjoidGVzdCJ9LCJpYXQiOjE3MTE5MTEwNDksImV4cCI6MTcxMTkxMTEwOX0.8nAzS7g2iMGWddebroSMeYpWCK9Tz9nFUm6JwEeJamo","method":"GET","body":{}}
[2024-04-01 01:51:14] info: connected rsmq
[2024-04-01 01:51:15] info: you are listened localhost:3001
[2024-04-01 01:51:15] info: Connection has been established successfully.
[2024-04-01 01:51:15] info: Models synchronized with database.
[2024-04-01 01:52:12] info: connected rsmq
[2024-04-01 01:52:12] info: you are listened localhost:3001
[2024-04-01 01:52:12] info: Connection has been established successfully.
[2024-04-01 01:52:12] info: Models synchronized with database.
[2024-04-01 01:52:18] info: {"requestDate":1711911138990,"host":"localhost:3001","method":"POST","body":{"username":"username1d2","password":"x x x x x","confirmPassword":"x x x x x"}}
[2024-04-01 01:52:34] info: {"requestDate":1711911154061,"host":"localhost:3001","authorization":"Bearer eyJhbGciOiJIUzI1NiIsInR5cCI6IkpXVCJ9.eyJkYXRhIjp7InVzZXJuYW1lIjoidXNlcm5hbWUxZDIiLCJuYW1lIjoidGVzdCJ9LCJpYXQiOjE3MTE5MTExMzksImV4cCI6MTcxMTkxMTE5OX0.8VoAtp1l2gpyzM1VrInKpNv6Ij4bK_cAN-QFRqkq2lo","method":"GET","body":{}}
[2024-04-01 01:52:50] info: {"requestDate":1711911170727,"host":"localhost:3001","authorization":"Bearer eyJhbGciOiJIUzI1NiIsInR5cCI6IkpXVCJ9.eyJkYXRhIjp7InVzZXJuYW1lIjoidXNlcm5hbWUxZDIiLCJuYW1lIjoidGVzdCJ9LCJpYXQiOjE3MTE5MTExMzksImV4cCI6MTcxMTkxMTE5OX0.8VoAtp1l2gpyzM1VrInKpNv6Ij4bK_cAN-QFRqkq2lo","method":"GET","body":{}}
